[20:06:53.660] [INFO   ] thread main starting.
[20:06:53.666] [SEVERE ] cannot read configuration file config.properties trying from resources.
[20:06:53.668] [SEVERE ] configuration file was loaded from resources directory.
[20:06:54.200] [INFO   ] thread dealer starting.
[20:06:54.202] [INFO   ] thread player number 2 starting.
[20:06:54.202] [INFO   ] thread player number 0 starting.
[20:06:54.204] [INFO   ] thread computer-0 starting.
[20:06:54.208] [INFO   ] Thread dealer found empty slot 0
[20:06:54.202] [INFO   ] thread player number 1 starting.
[20:06:54.210] [INFO   ] thread computer-1 starting.
[20:06:54.203] [INFO   ] thread player number 3 starting.
[20:06:54.214] [INFO   ] thread computer-3 starting.
[20:06:54.220] [SEVERE ] player 1 placing token on slot 0
[20:06:54.220] [SEVERE ] placing card 9 in slot 0
[20:06:54.224] [INFO   ] thread computer-2 starting.
[20:06:54.225] [INFO   ] actions size of computer-0 is 1
[20:06:54.225] [SEVERE ] removing player 1 token from slot 0
[20:06:54.227] [SEVERE ] player 1 placing token on slot 0
[20:06:54.227] [INFO   ] actions size of computer-0 is 1
[20:06:54.228] [SEVERE ] removing player 1 token from slot 0
[20:06:54.228] [SEVERE ] player 1 placing token on slot 0
[20:06:54.229] [INFO   ] actions size of computer-0 is 1
[20:06:54.229] [SEVERE ] removing player 1 token from slot 0
[20:06:54.231] [SEVERE ] player 1 placing token on slot 0
[20:06:54.232] [INFO   ] actions size of computer-0 is 1
[20:06:54.233] [SEVERE ] removing player 1 token from slot 0
[20:06:54.233] [SEVERE ] player 1 placing token on slot 0
[20:06:54.235] [INFO   ] actions size of computer-0 is 1
[20:06:54.239] [SEVERE ] removing player 1 token from slot 0
[20:06:54.240] [SEVERE ] player 1 placing token on slot 0
[20:06:54.241] [INFO   ] actions size of computer-0 is 1
[20:06:54.241] [SEVERE ] removing player 1 token from slot 0
[20:06:54.241] [SEVERE ] player 1 placing token on slot 0
[20:06:54.241] [INFO   ] actions size of computer-0 is 1
[20:06:54.241] [SEVERE ] removing player 1 token from slot 0
[20:06:54.241] [SEVERE ] player 1 placing token on slot 0
[20:06:54.242] [INFO   ] actions size of computer-0 is 1
[20:06:54.242] [SEVERE ] removing player 1 token from slot 0
[20:06:54.242] [SEVERE ] player 1 placing token on slot 0
[20:06:54.242] [INFO   ] actions size of computer-0 is 1
[20:06:54.242] [SEVERE ] removing player 1 token from slot 0
[20:06:54.242] [SEVERE ] player 1 placing token on slot 0
[20:06:54.242] [INFO   ] actions size of computer-0 is 1
[20:06:54.242] [SEVERE ] removing player 1 token from slot 0
[20:06:54.242] [SEVERE ] player 1 placing token on slot 0
[20:06:54.243] [INFO   ] actions size of computer-0 is 1
[20:06:54.243] [SEVERE ] removing player 1 token from slot 0
[20:06:54.243] [SEVERE ] player 1 placing token on slot 0
[20:06:54.243] [INFO   ] actions size of computer-0 is 1
[20:06:54.243] [SEVERE ] removing player 1 token from slot 0
[20:06:54.243] [SEVERE ] player 1 placing token on slot 0
[20:06:54.245] [INFO   ] actions size of computer-0 is 1
[20:06:54.246] [SEVERE ] removing player 1 token from slot 0
[20:06:54.246] [SEVERE ] player 1 placing token on slot 0
[20:06:54.246] [INFO   ] actions size of computer-0 is 1
[20:06:54.246] [SEVERE ] removing player 1 token from slot 0
[20:06:54.246] [SEVERE ] player 1 placing token on slot 0
[20:06:54.247] [INFO   ] actions size of computer-0 is 1
[20:06:54.247] [SEVERE ] removing player 1 token from slot 0
[20:06:54.247] [SEVERE ] player 1 placing token on slot 0
[20:06:54.247] [INFO   ] actions size of computer-0 is 1
[20:06:54.249] [SEVERE ] removing player 1 token from slot 0
[20:06:54.249] [SEVERE ] player 1 placing token on slot 0
[20:06:54.250] [INFO   ] actions size of computer-0 is 1
[20:06:54.250] [SEVERE ] removing player 1 token from slot 0
[20:06:54.251] [SEVERE ] player 1 placing token on slot 0
[20:06:54.251] [INFO   ] actions size of computer-0 is 1
[20:06:54.254] [SEVERE ] removing player 1 token from slot 0
[20:06:54.254] [SEVERE ] player 1 placing token on slot 0
[20:06:54.254] [INFO   ] actions size of computer-0 is 1
[20:06:54.254] [SEVERE ] removing player 1 token from slot 0
[20:06:54.255] [SEVERE ] player 1 placing token on slot 0
[20:06:54.255] [INFO   ] actions size of computer-0 is 1
[20:06:54.255] [SEVERE ] removing player 1 token from slot 0
[20:06:54.255] [SEVERE ] player 1 placing token on slot 0
[20:06:54.255] [INFO   ] actions size of computer-0 is 1
[20:06:54.255] [SEVERE ] removing player 1 token from slot 0
[20:06:54.255] [SEVERE ] player 1 placing token on slot 0
[20:06:54.255] [INFO   ] actions size of computer-0 is 1
[20:06:54.255] [SEVERE ] removing player 1 token from slot 0
[20:06:54.256] [SEVERE ] player 1 placing token on slot 0
[20:06:54.256] [INFO   ] actions size of computer-0 is 1
[20:06:54.256] [SEVERE ] removing player 1 token from slot 0
[20:06:54.256] [SEVERE ] player 1 placing token on slot 0
[20:06:54.256] [INFO   ] actions size of computer-0 is 1
[20:06:54.256] [SEVERE ] removing player 1 token from slot 0
[20:06:54.256] [SEVERE ] player 1 placing token on slot 0
[20:06:54.256] [INFO   ] actions size of computer-0 is 1
[20:06:54.256] [SEVERE ] removing player 1 token from slot 0
[20:06:54.257] [SEVERE ] player 1 placing token on slot 0
[20:06:54.263] [INFO   ] actions size of computer-0 is 1
[20:06:54.263] [SEVERE ] removing player 1 token from slot 0
[20:06:54.264] [SEVERE ] player 1 placing token on slot 0
[20:06:54.264] [INFO   ] actions size of computer-0 is 1
[20:06:54.264] [SEVERE ] removing player 1 token from slot 0
[20:06:54.264] [SEVERE ] player 1 placing token on slot 0
[20:06:54.260] [INFO   ] Thread dealer found empty slot 1
[20:06:54.264] [INFO   ] actions size of computer-0 is 1
[20:06:54.266] [SEVERE ] removing player 1 token from slot 0
[20:06:54.266] [SEVERE ] player 1 placing token on slot 0
[20:06:54.266] [INFO   ] actions size of computer-0 is 1
[20:06:54.266] [SEVERE ] removing player 1 token from slot 0
[20:06:54.267] [SEVERE ] player 1 placing token on slot 0
[20:06:54.284] [INFO   ] actions size of computer-0 is 1
[20:06:54.284] [SEVERE ] removing player 1 token from slot 0
[20:06:54.284] [SEVERE ] player 1 placing token on slot 1
[20:06:54.275] [SEVERE ] placing card 10 in slot 1
[20:06:54.285] [INFO   ] actions size of computer-0 is 1
[20:06:54.289] [SEVERE ] player 1 placing token on slot 0
[20:06:54.289] [INFO   ] actions size of computer-0 is 2
[20:06:54.289] [SEVERE ] removing player 1 token from slot 1
[20:06:54.290] [SEVERE ] player 1 placing token on slot 1
[20:06:54.290] [INFO   ] actions size of computer-0 is 2
[20:06:54.290] [SEVERE ] removing player 1 token from slot 1
[20:06:54.290] [SEVERE ] player 1 placing token on slot 1
[20:06:54.290] [INFO   ] actions size of computer-0 is 2
[20:06:54.290] [SEVERE ] removing player 1 token from slot 1
[20:06:54.290] [SEVERE ] removing player 1 token from slot 0
[20:06:54.290] [SEVERE ] player 1 placing token on slot 1
[20:06:54.290] [INFO   ] actions size of computer-0 is 1
[20:06:54.290] [SEVERE ] removing player 1 token from slot 1
[20:06:54.291] [SEVERE ] player 1 placing token on slot 1
[20:06:54.291] [INFO   ] actions size of computer-0 is 1
[20:06:54.291] [SEVERE ] removing player 1 token from slot 1
[20:06:54.291] [SEVERE ] player 1 placing token on slot 1
[20:06:54.291] [INFO   ] actions size of computer-0 is 1
[20:06:54.291] [SEVERE ] player 1 placing token on slot 0
[20:06:54.291] [INFO   ] actions size of computer-0 is 2
[20:06:54.291] [SEVERE ] removing player 1 token from slot 1
[20:06:54.291] [SEVERE ] removing player 1 token from slot 0
[20:06:54.292] [SEVERE ] player 1 placing token on slot 0
[20:06:54.292] [INFO   ] actions size of computer-0 is 1
[20:06:54.292] [SEVERE ] player 1 placing token on slot 1
[20:06:54.292] [INFO   ] actions size of computer-0 is 2
[20:06:54.292] [SEVERE ] removing player 1 token from slot 1
[20:06:54.292] [SEVERE ] player 1 placing token on slot 1
[20:06:54.292] [INFO   ] actions size of computer-0 is 2
[20:06:54.292] [SEVERE ] removing player 1 token from slot 0
[20:06:54.292] [SEVERE ] removing player 1 token from slot 1
[20:06:54.292] [SEVERE ] player 1 placing token on slot 0
[20:06:54.293] [INFO   ] actions size of computer-0 is 1
[20:06:54.293] [SEVERE ] player 1 placing token on slot 1
[20:06:54.293] [INFO   ] actions size of computer-0 is 2
[20:06:54.293] [SEVERE ] removing player 1 token from slot 1
[20:06:54.293] [SEVERE ] player 1 placing token on slot 1
[20:06:54.293] [INFO   ] actions size of computer-0 is 2
[20:06:54.293] [SEVERE ] removing player 1 token from slot 1
[20:06:54.293] [SEVERE ] player 1 placing token on slot 1
[20:06:54.293] [INFO   ] actions size of computer-0 is 2
[20:06:54.293] [SEVERE ] removing player 1 token from slot 0
[20:06:54.294] [SEVERE ] player 1 placing token on slot 0
[20:06:54.294] [INFO   ] actions size of computer-0 is 2
[20:06:54.294] [SEVERE ] removing player 1 token from slot 0
[20:06:54.294] [SEVERE ] removing player 1 token from slot 1
[20:06:54.294] [SEVERE ] player 1 placing token on slot 1
[20:06:54.294] [INFO   ] actions size of computer-0 is 1
[20:06:54.294] [SEVERE ] removing player 1 token from slot 1
[20:06:54.294] [SEVERE ] player 1 placing token on slot 0
[20:06:54.294] [INFO   ] actions size of computer-0 is 1
[20:06:54.294] [SEVERE ] player 1 placing token on slot 1
[20:06:54.295] [INFO   ] actions size of computer-0 is 2
[20:06:54.295] [SEVERE ] removing player 1 token from slot 0
[20:06:54.295] [SEVERE ] player 1 placing token on slot 0
[20:06:54.286] [INFO   ] Thread dealer found empty slot 2
[20:06:54.296] [INFO   ] actions size of computer-0 is 2
[20:06:54.299] [SEVERE ] player 4 placing token on slot 0
[20:06:54.300] [INFO   ] actions size of computer-3 is 1
[20:06:54.300] [SEVERE ] player 4 placing token on slot 1
[20:06:54.300] [INFO   ] actions size of computer-3 is 2
[20:06:54.300] [SEVERE ] removing player 4 token from slot 0
[20:06:54.300] [SEVERE ] removing player 4 token from slot 1
[20:06:54.300] [SEVERE ] player 4 placing token on slot 0
[20:06:54.300] [INFO   ] actions size of computer-3 is 1
[20:06:54.301] [SEVERE ] removing player 4 token from slot 0
[20:06:54.301] [SEVERE ] player 4 placing token on slot 1
[20:06:54.301] [INFO   ] actions size of computer-3 is 1
[20:06:54.301] [SEVERE ] removing player 4 token from slot 1
[20:06:54.301] [SEVERE ] player 4 placing token on slot 0
[20:06:54.301] [INFO   ] actions size of computer-3 is 1
[20:06:54.301] [SEVERE ] removing player 4 token from slot 0
[20:06:54.301] [SEVERE ] player 4 placing token on slot 1
[20:06:54.301] [INFO   ] actions size of computer-3 is 1
[20:06:54.301] [SEVERE ] removing player 4 token from slot 1
[20:06:54.302] [SEVERE ] player 4 placing token on slot 1
[20:06:54.302] [INFO   ] actions size of computer-3 is 1
[20:06:54.302] [SEVERE ] player 4 placing token on slot 0
[20:06:54.302] [INFO   ] actions size of computer-3 is 2
[20:06:54.302] [SEVERE ] removing player 4 token from slot 1
[20:06:54.302] [SEVERE ] removing player 4 token from slot 0
[20:06:54.302] [SEVERE ] player 4 placing token on slot 0
[20:06:54.302] [INFO   ] actions size of computer-3 is 1
[20:06:54.302] [SEVERE ] player 4 placing token on slot 1
[20:06:54.302] [INFO   ] actions size of computer-3 is 2
[20:06:54.303] [SEVERE ] removing player 4 token from slot 0
[20:06:54.303] [SEVERE ] removing player 4 token from slot 1
[20:06:54.303] [SEVERE ] player 4 placing token on slot 1
[20:06:54.306] [SEVERE ] placing card 61 in slot 2
[20:06:54.307] [INFO   ] actions size of computer-3 is 1
[20:06:54.308] [SEVERE ] player 4 placing token on slot 2
[20:06:54.308] [INFO   ] actions size of computer-3 is 2
[20:06:54.308] [SEVERE ] player 4 placing token on slot 0
[20:06:54.308] [INFO   ] actions size of computer-3 is 3
[20:06:54.309] [INFO   ] tread computer-3 set added
[20:06:54.310] [INFO   ] num of sets to check 1
[20:06:54.311] [SEVERE ] player 2 placing token on slot 0
[20:06:54.311] [INFO   ] actions size of computer-1 is 1
[20:06:54.312] [SEVERE ] player 2 placing token on slot 2
[20:06:54.312] [INFO   ] actions size of computer-1 is 2
[20:06:54.312] [SEVERE ] player 2 placing token on slot 1
[20:06:54.312] [INFO   ] actions size of computer-1 is 3
[20:06:54.312] [INFO   ] tread computer-1 set added
[20:06:54.312] [INFO   ] num of sets to check 2
[20:06:54.312] [SEVERE ] removing player 1 token from slot 0
[20:06:54.313] [SEVERE ] removing player 1 token from slot 1
[20:06:54.313] [SEVERE ] player 1 placing token on slot 1
[20:06:54.314] [INFO   ] actions size of computer-0 is 1
[20:06:54.314] [SEVERE ] removing player 1 token from slot 1
[20:06:54.314] [SEVERE ] player 1 placing token on slot 1
[20:06:54.314] [INFO   ] actions size of computer-0 is 1
[20:06:54.315] [SEVERE ] player 1 placing token on slot 0
[20:06:54.316] [INFO   ] actions size of computer-0 is 2
[20:06:54.316] [SEVERE ] player 1 placing token on slot 2
[20:06:54.317] [INFO   ] actions size of computer-0 is 3
[20:06:54.317] [INFO   ] tread computer-0 set added
[20:06:54.317] [INFO   ] num of sets to check 3
[20:06:54.318] [SEVERE ] player 3 placing token on slot 1
[20:06:54.318] [INFO   ] actions size of computer-2 is 1
[20:06:54.319] [SEVERE ] removing player 3 token from slot 1
[20:06:54.320] [SEVERE ] player 3 placing token on slot 1
[20:06:54.320] [INFO   ] actions size of computer-2 is 1
[20:06:54.320] [SEVERE ] removing player 3 token from slot 1
[20:06:54.320] [SEVERE ] player 3 placing token on slot 1
[20:06:54.320] [INFO   ] actions size of computer-2 is 1
[20:06:54.320] [SEVERE ] player 3 placing token on slot 0
[20:06:54.320] [INFO   ] actions size of computer-2 is 2
[20:06:54.321] [SEVERE ] removing player 3 token from slot 0
[20:06:54.323] [SEVERE ] player 3 placing token on slot 2
[20:06:54.323] [INFO   ] actions size of computer-2 is 2
[20:06:54.323] [SEVERE ] removing player 3 token from slot 2
[20:06:54.324] [SEVERE ] removing player 3 token from slot 1
[20:06:54.324] [SEVERE ] player 3 placing token on slot 1
[20:06:54.324] [INFO   ] actions size of computer-2 is 1
[20:06:54.324] [SEVERE ] removing player 3 token from slot 1
[20:06:54.324] [SEVERE ] player 3 placing token on slot 1
[20:06:54.324] [INFO   ] actions size of computer-2 is 1
[20:06:54.324] [SEVERE ] removing player 3 token from slot 1
[20:06:54.324] [SEVERE ] player 3 placing token on slot 1
[20:06:54.324] [INFO   ] actions size of computer-2 is 1
[20:06:54.324] [SEVERE ] player 3 placing token on slot 2
[20:06:54.324] [INFO   ] actions size of computer-2 is 2
[20:06:54.324] [SEVERE ] removing player 3 token from slot 2
[20:06:54.325] [SEVERE ] player 3 placing token on slot 0
[20:06:54.325] [INFO   ] actions size of computer-2 is 2
[20:06:54.325] [SEVERE ] player 3 placing token on slot 2
[20:06:54.325] [INFO   ] actions size of computer-2 is 3
[20:06:54.325] [INFO   ] tread computer-2 set added
[20:06:54.325] [INFO   ] num of sets to check 4
[20:06:54.361] [INFO   ] Thread dealer found empty slot 3
[20:06:54.372] [SEVERE ] placing card 3 in slot 3
[20:06:54.372] [INFO   ] Thread dealer found empty slot 4
[20:06:54.383] [SEVERE ] placing card 54 in slot 4
[20:06:54.384] [INFO   ] Thread dealer found empty slot 5
[20:06:54.395] [SEVERE ] placing card 1 in slot 5
[20:06:54.395] [INFO   ] Thread dealer found empty slot 6
[20:06:54.406] [SEVERE ] placing card 55 in slot 6
[20:06:54.407] [INFO   ] Thread dealer found empty slot 7
[20:06:54.407] [INFO   ] Thread dealer found empty slot 7
[20:06:54.418] [SEVERE ] placing card 48 in slot 7
[20:06:54.419] [INFO   ] Thread dealer found empty slot 8
[20:06:54.430] [SEVERE ] placing card 4 in slot 8
[20:06:54.430] [INFO   ] Thread dealer found empty slot 9
[20:06:54.441] [SEVERE ] placing card 79 in slot 9
[20:06:54.441] [INFO   ] Thread dealer found empty slot 10
[20:06:54.452] [SEVERE ] placing card 56 in slot 10
[20:06:54.453] [INFO   ] Thread dealer found empty slot 11
[20:06:54.453] [INFO   ] Thread dealer found empty slot 11
[20:06:54.464] [SEVERE ] placing card 19 in slot 11
[20:06:54.475] [SEVERE ] updating countdown to 1090
[20:06:54.475] [INFO   ] Thread dealer checking set.
[20:06:54.476] [INFO   ] Thread dealer say : this is not set!!!!!.
[20:06:54.476] [INFO   ] Thread dealer change state to -1
[20:06:54.477] [INFO   ] Thread dealer change setCheck to 1
[20:06:54.478] [INFO   ] Thread dealer checking set.
[20:06:54.478] [INFO   ] Thread dealer say : this is not set!!!!!.
[20:06:54.478] [SEVERE ] setting player 4 freeze to 4
[20:06:54.479] [INFO   ] Thread dealer change state to -1
[20:06:54.480] [INFO   ] Thread dealer change setCheck to 1
[20:06:54.481] [SEVERE ] setting player 2 freeze to 4
[20:06:54.481] [INFO   ] Thread dealer checking set.
[20:06:54.482] [INFO   ] Thread dealer say : this is not set!!!!!.
[20:06:54.482] [INFO   ] Thread dealer change state to -1
[20:06:54.482] [INFO   ] Thread dealer change setCheck to 1
[20:06:54.482] [INFO   ] Thread dealer checking set.
[20:06:54.482] [SEVERE ] setting player 1 freeze to 4
[20:06:54.482] [INFO   ] Thread dealer say : this is not set!!!!!.
[20:06:54.482] [INFO   ] Thread dealer change state to -1
[20:06:54.483] [INFO   ] Thread dealer change setCheck to 1
[20:06:54.483] [SEVERE ] setting player 3 freeze to 4
[20:06:54.484] [SEVERE ] removing player 4 token from slot 1
[20:06:54.484] [SEVERE ] removing player 4 token from slot 2
[20:06:54.484] [SEVERE ] removing player 4 token from slot 0
[20:06:54.485] [SEVERE ] setting player 4 freeze to 0
[20:06:54.488] [SEVERE ] removing player 3 token from slot 1
[20:06:54.488] [SEVERE ] removing player 3 token from slot 0
[20:06:54.488] [SEVERE ] removing player 3 token from slot 2
[20:06:54.488] [SEVERE ] setting player 3 freeze to 0
[20:06:54.490] [SEVERE ] removing player 1 token from slot 1
[20:06:54.486] [SEVERE ] removing player 2 token from slot 0
[20:06:54.493] [SEVERE ] removing player 2 token from slot 2
[20:06:54.493] [SEVERE ] removing player 2 token from slot 1
[20:06:54.494] [SEVERE ] setting player 2 freeze to 0
[20:06:54.492] [SEVERE ] removing player 1 token from slot 0
[20:06:54.493] [SEVERE ] updating countdown to 1072
[20:06:54.497] [SEVERE ] removing player 1 token from slot 2
[20:06:54.498] [SEVERE ] player 2 placing token on slot 8
[20:06:54.499] [INFO   ] actions size of computer-1 is 1
[20:06:54.499] [SEVERE ] player 2 placing token on slot 2
[20:06:54.500] [INFO   ] actions size of computer-1 is 2
[20:06:54.500] [SEVERE ] player 2 placing token on slot 0
[20:06:54.498] [SEVERE ] setting player 1 freeze to 0
[20:06:54.502] [INFO   ] actions size of computer-1 is 3
[20:06:54.504] [INFO   ] tread computer-1 set added
[20:06:54.507] [INFO   ] num of sets to check 1
[20:06:54.508] [SEVERE ] player 3 placing token on slot 10
[20:06:54.509] [INFO   ] actions size of computer-2 is 1
[20:06:54.510] [SEVERE ] player 3 placing token on slot 9
[20:06:54.510] [INFO   ] actions size of computer-2 is 2
[20:06:54.511] [SEVERE ] player 3 placing token on slot 0
[20:06:54.511] [INFO   ] actions size of computer-2 is 3
[20:06:54.512] [INFO   ] tread computer-2 set added
[20:06:54.512] [INFO   ] num of sets to check 2
[20:06:54.513] [SEVERE ] player 4 placing token on slot 3
[20:06:54.514] [INFO   ] actions size of computer-3 is 1
[20:06:54.514] [SEVERE ] player 4 placing token on slot 1
[20:06:54.515] [INFO   ] actions size of computer-3 is 2
[20:06:54.515] [SEVERE ] removing player 4 token from slot 3
[20:06:54.516] [SEVERE ] player 4 placing token on slot 9
[20:06:54.508] [SEVERE ] updating countdown to 1057
[20:06:54.519] [INFO   ] Thread dealer checking set.
[20:06:54.520] [INFO   ] Thread dealer say : this is not set!!!!!.
[20:06:54.520] [INFO   ] Thread dealer change state to -1
[20:06:54.521] [INFO   ] Thread dealer change setCheck to 1
[20:06:54.521] [INFO   ] Thread dealer checking set.
[20:06:54.522] [INFO   ] Thread dealer say : this is not set!!!!!.
[20:06:54.522] [INFO   ] Thread dealer change state to -1
[20:06:54.523] [INFO   ] Thread dealer change setCheck to 1
[20:06:54.520] [INFO   ] actions size of computer-3 is 2
[20:06:54.524] [SEVERE ] removing player 4 token from slot 9
[20:06:54.524] [SEVERE ] setting player 3 freeze to 4
[20:06:54.521] [SEVERE ] setting player 2 freeze to 4
[20:06:54.524] [SEVERE ] player 4 placing token on slot 4
[20:06:54.526] [INFO   ] actions size of computer-3 is 2
[20:06:54.527] [SEVERE ] player 4 placing token on slot 8
[20:06:54.528] [INFO   ] actions size of computer-3 is 3
[20:06:54.528] [INFO   ] tread computer-3 set added
[20:06:54.529] [INFO   ] num of sets to check 1
[20:06:54.529] [SEVERE ] removing player 3 token from slot 10
[20:06:54.530] [SEVERE ] removing player 2 token from slot 8
[20:06:54.529] [SEVERE ] player 1 placing token on slot 7
[20:06:54.531] [SEVERE ] removing player 2 token from slot 2
[20:06:54.531] [SEVERE ] removing player 2 token from slot 0
[20:06:54.532] [SEVERE ] setting player 2 freeze to 0
[20:06:54.534] [SEVERE ] updating countdown to 1031
[20:06:54.535] [INFO   ] Thread dealer checking set.
[20:06:54.535] [INFO   ] Thread dealer say : this is not set!!!!!.
[20:06:54.536] [INFO   ] Thread dealer change state to -1
[20:06:54.537] [INFO   ] Thread dealer change setCheck to 1
[20:06:54.538] [SEVERE ] setting player 4 freeze to 4
[20:06:54.530] [SEVERE ] removing player 3 token from slot 9
[20:06:54.539] [SEVERE ] removing player 3 token from slot 0
[20:06:54.539] [SEVERE ] setting player 3 freeze to 0
[20:06:54.531] [INFO   ] actions size of computer-0 is 1
[20:06:54.541] [SEVERE ] player 1 placing token on slot 1
[20:06:54.542] [INFO   ] actions size of computer-0 is 2
[20:06:54.543] [SEVERE ] player 1 placing token on slot 11
[20:06:54.543] [SEVERE ] removing player 4 token from slot 1
[20:06:54.544] [SEVERE ] removing player 4 token from slot 4
[20:06:54.544] [SEVERE ] removing player 4 token from slot 8
[20:06:54.543] [INFO   ] actions size of computer-0 is 3
[20:06:54.545] [INFO   ] tread computer-0 set added
[20:06:54.546] [INFO   ] num of sets to check 1
[20:06:54.545] [SEVERE ] setting player 4 freeze to 0
[20:06:54.546] [SEVERE ] player 2 placing token on slot 9
[20:06:54.547] [INFO   ] actions size of computer-1 is 1
[20:06:54.548] [SEVERE ] removing player 2 token from slot 9
[20:06:54.548] [SEVERE ] player 2 placing token on slot 1
[20:06:54.549] [INFO   ] actions size of computer-1 is 1
[20:06:54.549] [SEVERE ] player 2 placing token on slot 0
[20:06:54.564] [INFO   ] actions size of computer-1 is 2
[20:06:54.564] [SEVERE ] player 2 placing token on slot 6
[20:06:54.564] [INFO   ] actions size of computer-1 is 3
[20:06:54.565] [INFO   ] tread computer-1 set added
[20:06:54.553] [SEVERE ] updating countdown to 1012
[20:06:54.569] [INFO   ] Thread dealer checking set.
[20:06:54.569] [INFO   ] Thread dealer say : this is not set!!!!!.
[20:06:54.569] [INFO   ] Thread dealer change state to -1
[20:06:54.570] [INFO   ] Thread dealer change setCheck to 1
[20:06:54.570] [INFO   ] Thread dealer checking set.
[20:06:54.571] [INFO   ] Thread dealer say : this is not set!!!!!.
[20:06:54.571] [INFO   ] Thread dealer change state to -1
[20:06:54.572] [INFO   ] Thread dealer change setCheck to 1
[20:06:54.566] [INFO   ] num of sets to check 2
[20:06:54.573] [SEVERE ] setting player 2 freeze to 4
[20:06:54.570] [SEVERE ] setting player 1 freeze to 4
[20:06:54.573] [SEVERE ] player 3 placing token on slot 1
[20:06:54.575] [INFO   ] actions size of computer-2 is 1
[20:06:54.575] [SEVERE ] player 3 placing token on slot 0
[20:06:54.576] [INFO   ] actions size of computer-2 is 2
[20:06:54.576] [SEVERE ] player 3 placing token on slot 8
[20:06:54.577] [INFO   ] actions size of computer-2 is 3
[20:06:54.577] [INFO   ] tread computer-2 set added
[20:06:54.578] [INFO   ] num of sets to check 1
[20:06:54.578] [SEVERE ] removing player 2 token from slot 1
[20:06:54.578] [SEVERE ] removing player 1 token from slot 7
[20:06:54.578] [SEVERE ] player 4 placing token on slot 2
[20:06:54.580] [INFO   ] actions size of computer-3 is 1
[20:06:54.580] [SEVERE ] player 4 placing token on slot 6
[20:06:54.581] [INFO   ] actions size of computer-3 is 2
[20:06:54.581] [SEVERE ] removing player 4 token from slot 6
[20:06:54.579] [SEVERE ] removing player 1 token from slot 1
[20:06:54.579] [SEVERE ] removing player 2 token from slot 0
[20:06:54.596] [SEVERE ] removing player 1 token from slot 11
[20:06:54.583] [SEVERE ] updating countdown to 982
[20:06:54.597] [INFO   ] Thread dealer checking set.
[20:06:54.598] [INFO   ] Thread dealer say : this is not set!!!!!.
[20:06:54.598] [INFO   ] Thread dealer change state to -1
[20:06:54.582] [SEVERE ] player 4 placing token on slot 3
[20:06:54.599] [INFO   ] Thread dealer change setCheck to 1
[20:06:54.597] [SEVERE ] setting player 1 freeze to 0
[20:06:54.596] [SEVERE ] removing player 2 token from slot 6
[20:06:54.604] [SEVERE ] setting player 2 freeze to 0
[20:06:54.602] [SEVERE ] setting player 3 freeze to 4
[20:06:54.602] [INFO   ] actions size of computer-3 is 2
[20:06:54.609] [SEVERE ] player 4 placing token on slot 11
[20:06:54.610] [INFO   ] actions size of computer-3 is 3
[20:06:54.610] [INFO   ] tread computer-3 set added
[20:06:54.611] [INFO   ] num of sets to check 1
[20:06:54.611] [SEVERE ] player 1 placing token on slot 1
[20:06:54.612] [SEVERE ] updating countdown to 953
[20:06:54.612] [INFO   ] Thread dealer checking set.
[20:06:54.613] [INFO   ] Thread dealer say : this is not set!!!!!.
[20:06:54.613] [INFO   ] Thread dealer change state to -1
[20:06:54.613] [INFO   ] Thread dealer change setCheck to 1
[20:06:54.612] [INFO   ] actions size of computer-0 is 1
[20:06:54.614] [SEVERE ] player 2 placing token on slot 2
[20:06:54.614] [SEVERE ] setting player 4 freeze to 4
[20:06:54.613] [SEVERE ] removing player 3 token from slot 1
[20:06:54.616] [SEVERE ] removing player 3 token from slot 0
[20:06:54.617] [SEVERE ] removing player 3 token from slot 8
[20:06:54.615] [INFO   ] actions size of computer-1 is 1
[20:06:54.619] [SEVERE ] player 2 placing token on slot 11
[20:06:54.619] [INFO   ] actions size of computer-1 is 2
[20:06:54.620] [SEVERE ] player 2 placing token on slot 7
[20:06:54.619] [SEVERE ] setting player 3 freeze to 0
[20:06:54.621] [INFO   ] actions size of computer-1 is 3
[20:06:54.622] [INFO   ] tread computer-1 set added
[20:06:54.623] [INFO   ] num of sets to check 1
[20:06:54.623] [SEVERE ] player 1 placing token on slot 6
[20:06:54.621] [SEVERE ] removing player 4 token from slot 2
[20:06:54.624] [SEVERE ] updating countdown to 941
[20:06:54.624] [SEVERE ] removing player 4 token from slot 3
[20:06:54.624] [INFO   ] actions size of computer-0 is 2
[20:06:54.626] [SEVERE ] removing player 4 token from slot 11
[20:06:54.625] [INFO   ] Thread dealer checking set.
[20:06:54.627] [INFO   ] Thread dealer say : this is not set!!!!!.
[20:06:54.627] [SEVERE ] setting player 4 freeze to 0
[20:06:54.626] [SEVERE ] player 1 placing token on slot 7
[20:06:54.629] [INFO   ] actions size of computer-0 is 3
[20:06:54.629] [INFO   ] tread computer-0 set added
[20:06:54.629] [INFO   ] num of sets to check 1
[20:06:54.628] [INFO   ] Thread dealer change state to -1
[20:06:54.630] [INFO   ] Thread dealer change setCheck to 1
[20:06:54.631] [INFO   ] Thread dealer checking set.
[20:06:54.631] [INFO   ] Thread dealer say : this is not set!!!!!.
[20:06:54.631] [INFO   ] Thread dealer change state to -1
[20:06:54.632] [INFO   ] Thread dealer change setCheck to 1
[20:06:54.631] [SEVERE ] setting player 2 freeze to 4
[20:06:54.633] [SEVERE ] setting player 1 freeze to 4
[20:06:54.633] [SEVERE ] player 3 placing token on slot 1
[20:06:54.635] [INFO   ] actions size of computer-2 is 1
[20:06:54.636] [SEVERE ] player 3 placing token on slot 10
[20:06:54.636] [INFO   ] actions size of computer-2 is 2
[20:06:54.637] [SEVERE ] player 3 placing token on slot 7
[20:06:54.637] [INFO   ] actions size of computer-2 is 3
[20:06:54.638] [INFO   ] tread computer-2 set added
[20:06:54.638] [INFO   ] num of sets to check 1
[20:06:54.639] [SEVERE ] player 4 placing token on slot 5
[20:06:54.639] [SEVERE ] removing player 1 token from slot 1
[20:06:54.639] [SEVERE ] removing player 2 token from slot 2
[20:06:54.641] [SEVERE ] removing player 2 token from slot 11
[20:06:54.641] [SEVERE ] removing player 2 token from slot 7
[20:06:54.642] [SEVERE ] setting player 2 freeze to 0
[20:06:54.640] [SEVERE ] removing player 1 token from slot 6
[20:06:54.639] [INFO   ] actions size of computer-3 is 1
[20:06:54.644] [SEVERE ] player 4 placing token on slot 2
[20:06:54.644] [SEVERE ] removing player 1 token from slot 7
[20:06:54.643] [SEVERE ] updating countdown to 922
[20:06:54.645] [SEVERE ] setting player 1 freeze to 0
[20:06:54.645] [INFO   ] actions size of computer-3 is 2
[20:06:54.647] [SEVERE ] removing player 4 token from slot 2
[20:06:54.647] [SEVERE ] player 4 placing token on slot 8
[20:06:54.648] [INFO   ] actions size of computer-3 is 2
[20:06:54.648] [SEVERE ] player 4 placing token on slot 1
[20:06:54.648] [INFO   ] actions size of computer-3 is 3
[20:06:54.646] [INFO   ] Thread dealer checking set.
[20:06:54.649] [INFO   ] tread computer-3 set added
[20:06:54.649] [INFO   ] Thread dealer say : this is not set!!!!!.
[20:06:54.650] [INFO   ] num of sets to check 1
[20:06:54.652] [INFO   ] Thread dealer change state to -1
[20:06:54.653] [INFO   ] Thread dealer change setCheck to 1
[20:06:54.653] [INFO   ] Thread dealer checking set.
[20:06:54.653] [INFO   ] Thread dealer say : this is not set!!!!!.
[20:06:54.654] [INFO   ] Thread dealer change state to -1
[20:06:54.654] [INFO   ] Thread dealer change setCheck to 1
[20:06:54.655] [SEVERE ] setting player 4 freeze to 4
[20:06:54.653] [SEVERE ] setting player 3 freeze to 4
[20:06:54.655] [SEVERE ] player 1 placing token on slot 5
[20:06:54.656] [INFO   ] actions size of computer-0 is 1
[20:06:54.657] [SEVERE ] player 1 placing token on slot 2
[20:06:54.657] [INFO   ] actions size of computer-0 is 2
[20:06:54.658] [SEVERE ] player 1 placing token on slot 0
[20:06:54.659] [INFO   ] actions size of computer-0 is 3
[20:06:54.659] [INFO   ] tread computer-0 set added
[20:06:54.659] [INFO   ] num of sets to check 1
[20:06:54.659] [SEVERE ] removing player 4 token from slot 5
[20:06:54.660] [SEVERE ] player 2 placing token on slot 10
[20:06:54.660] [SEVERE ] removing player 3 token from slot 1
[20:06:54.661] [INFO   ] actions size of computer-1 is 1
[20:06:54.675] [SEVERE ] player 2 placing token on slot 7
[20:06:54.660] [SEVERE ] removing player 4 token from slot 8
[20:06:54.676] [INFO   ] actions size of computer-1 is 2
[20:06:54.665] [SEVERE ] updating countdown to 900
[20:06:54.661] [SEVERE ] removing player 3 token from slot 10
[20:06:54.677] [INFO   ] Thread dealer checking set.
[20:06:54.677] [SEVERE ] player 2 placing token on slot 2
[20:06:54.677] [SEVERE ] removing player 4 token from slot 1
[20:06:54.679] [INFO   ] actions size of computer-1 is 3
[20:06:54.680] [INFO   ] tread computer-1 set added
[20:06:54.680] [INFO   ] num of sets to check 1
[20:06:54.678] [INFO   ] Thread dealer say : this is not set!!!!!.
[20:06:54.681] [INFO   ] Thread dealer change state to -1
[20:06:54.682] [INFO   ] Thread dealer change setCheck to 1
[20:06:54.682] [INFO   ] Thread dealer checking set.
[20:06:54.678] [SEVERE ] removing player 3 token from slot 7
[20:06:54.683] [INFO   ] Thread dealer say : this is not set!!!!!.
[20:06:54.682] [SEVERE ] setting player 1 freeze to 4
[20:06:54.679] [SEVERE ] setting player 4 freeze to 0
[20:06:54.685] [INFO   ] Thread dealer change state to -1
[20:06:54.687] [INFO   ] Thread dealer change setCheck to 1
[20:06:54.684] [SEVERE ] setting player 3 freeze to 0
[20:06:54.687] [SEVERE ] player 4 placing token on slot 10
[20:06:54.688] [INFO   ] actions size of computer-3 is 1
[20:06:54.689] [SEVERE ] player 4 placing token on slot 3
[20:06:54.689] [INFO   ] actions size of computer-3 is 2
[20:06:54.689] [SEVERE ] removing player 4 token from slot 10
[20:06:54.690] [SEVERE ] player 4 placing token on slot 1
[20:06:54.691] [INFO   ] actions size of computer-3 is 2
[20:06:54.692] [SEVERE ] player 3 placing token on slot 6
[20:06:54.692] [INFO   ] actions size of computer-2 is 1
[20:06:54.693] [SEVERE ] player 3 placing token on slot 5
[20:06:54.693] [INFO   ] actions size of computer-2 is 2
[20:06:54.694] [SEVERE ] removing player 3 token from slot 5
[20:06:54.694] [SEVERE ] player 3 placing token on slot 1
[20:06:54.695] [INFO   ] actions size of computer-2 is 2
[20:06:54.695] [SEVERE ] removing player 3 token from slot 6
[20:06:54.696] [SEVERE ] player 3 placing token on slot 5
[20:06:54.687] [SEVERE ] setting player 2 freeze to 4
[20:06:54.696] [INFO   ] actions size of computer-2 is 2
[20:06:54.697] [SEVERE ] player 3 placing token on slot 4
[20:06:54.690] [SEVERE ] removing player 1 token from slot 5
[20:06:54.698] [INFO   ] actions size of computer-2 is 3
[20:06:54.698] [INFO   ] tread computer-2 set added
[20:06:54.697] [SEVERE ] updating countdown to 868
[20:06:54.699] [INFO   ] num of sets to check 1
[20:06:54.700] [SEVERE ] player 4 placing token on slot 10
[20:06:54.698] [SEVERE ] removing player 1 token from slot 2
[20:06:54.701] [INFO   ] actions size of computer-3 is 3
[20:06:54.701] [SEVERE ] removing player 2 token from slot 10
[20:06:54.700] [INFO   ] Thread dealer checking set.
[20:06:54.703] [INFO   ] Thread dealer say : this is not set!!!!!.
[20:06:54.703] [SEVERE ] removing player 2 token from slot 7
[20:06:54.702] [INFO   ] tread computer-3 set added
[20:06:54.704] [INFO   ] num of sets to check 1
[20:06:54.702] [SEVERE ] removing player 1 token from slot 0
[20:06:54.704] [SEVERE ] removing player 2 token from slot 2
[20:06:54.703] [INFO   ] Thread dealer change state to -1
[20:06:54.706] [INFO   ] Thread dealer change setCheck to 1
[20:06:54.706] [SEVERE ] setting player 2 freeze to 0
[20:06:54.705] [SEVERE ] setting player 1 freeze to 0
[20:06:54.707] [SEVERE ] setting player 3 freeze to 4
[20:06:54.707] [INFO   ] Thread dealer checking set.
[20:06:54.709] [INFO   ] Thread dealer say : this is not set!!!!!.
[20:06:54.710] [INFO   ] Thread dealer change state to -1
[20:06:54.710] [INFO   ] Thread dealer change setCheck to 1
[20:06:54.710] [SEVERE ] setting player 4 freeze to 4
[20:06:54.711] [SEVERE ] player 1 placing token on slot 1
[20:06:54.711] [INFO   ] actions size of computer-0 is 1
[20:06:54.712] [SEVERE ] player 1 placing token on slot 6
[20:06:54.712] [INFO   ] actions size of computer-0 is 2
[20:06:54.713] [SEVERE ] player 1 placing token on slot 3
[20:06:54.713] [SEVERE ] removing player 3 token from slot 1
[20:06:54.713] [INFO   ] actions size of computer-0 is 3
[20:06:54.714] [INFO   ] tread computer-0 set added
[20:06:54.715] [INFO   ] num of sets to check 1
[20:06:54.714] [SEVERE ] removing player 3 token from slot 5
[20:06:54.716] [SEVERE ] player 2 placing token on slot 0
[20:06:54.715] [SEVERE ] removing player 4 token from slot 3
[20:06:54.718] [SEVERE ] removing player 4 token from slot 1
[20:06:54.718] [SEVERE ] removing player 4 token from slot 10
[20:06:54.719] [SEVERE ] setting player 4 freeze to 0
[20:06:54.716] [SEVERE ] removing player 3 token from slot 4
[20:06:54.717] [INFO   ] actions size of computer-1 is 1
[20:06:54.720] [SEVERE ] player 2 placing token on slot 10
[20:06:54.721] [SEVERE ] updating countdown to 844
[20:06:54.721] [INFO   ] actions size of computer-1 is 2
[20:06:54.721] [INFO   ] Thread dealer checking set.
[20:06:54.722] [SEVERE ] player 2 placing token on slot 7
[20:06:54.722] [INFO   ] Thread dealer say : this is not set!!!!!.
[20:06:54.723] [INFO   ] actions size of computer-1 is 3
[20:06:54.723] [INFO   ] Thread dealer change state to -1
[20:06:54.724] [INFO   ] Thread dealer change setCheck to 1
[20:06:54.724] [INFO   ] tread computer-1 set added
[20:06:54.724] [SEVERE ] setting player 3 freeze to 0
[20:06:54.725] [INFO   ] num of sets to check 1
[20:06:54.725] [SEVERE ] setting player 1 freeze to 4
[20:06:54.725] [INFO   ] Thread dealer checking set.
[20:06:54.727] [INFO   ] Thread dealer say : this is not set!!!!!.
[20:06:54.728] [INFO   ] Thread dealer change state to -1
[20:06:54.728] [INFO   ] Thread dealer change setCheck to 1
[20:06:54.729] [SEVERE ] setting player 2 freeze to 4
[20:06:54.729] [SEVERE ] player 3 placing token on slot 3
[20:06:54.730] [INFO   ] actions size of computer-2 is 1
[20:06:54.730] [SEVERE ] player 3 placing token on slot 10
[20:06:54.731] [INFO   ] actions size of computer-2 is 2
[20:06:54.731] [SEVERE ] removing player 1 token from slot 1
[20:06:54.731] [SEVERE ] player 3 placing token on slot 0
[20:06:54.732] [INFO   ] actions size of computer-2 is 3
[20:06:54.733] [INFO   ] tread computer-2 set added
[20:06:54.735] [INFO   ] num of sets to check 1
[20:06:54.735] [SEVERE ] player 4 placing token on slot 8
[20:06:54.736] [INFO   ] actions size of computer-3 is 1
[20:06:54.736] [SEVERE ] player 4 placing token on slot 6
[20:06:54.732] [SEVERE ] removing player 1 token from slot 6
[20:06:54.737] [SEVERE ] removing player 1 token from slot 3
[20:06:54.737] [INFO   ] actions size of computer-3 is 2
[20:06:54.738] [SEVERE ] player 4 placing token on slot 0
[20:06:54.734] [SEVERE ] removing player 2 token from slot 0
[20:06:54.739] [INFO   ] actions size of computer-3 is 3
[20:06:54.739] [INFO   ] tread computer-3 set added
[20:06:54.740] [INFO   ] num of sets to check 2
[20:06:54.738] [SEVERE ] setting player 1 freeze to 0
[20:06:54.739] [SEVERE ] removing player 2 token from slot 10
[20:06:54.739] [SEVERE ] updating countdown to 826
[20:06:54.742] [INFO   ] Thread dealer checking set.
[20:06:54.742] [INFO   ] Thread dealer say : this is not set!!!!!.
[20:06:54.742] [INFO   ] Thread dealer change state to -1
[20:06:54.741] [SEVERE ] removing player 2 token from slot 7
[20:06:54.743] [INFO   ] Thread dealer change setCheck to 1
[20:06:54.743] [SEVERE ] setting player 2 freeze to 0
[20:06:54.744] [INFO   ] Thread dealer checking set.
[20:06:54.744] [INFO   ] Thread dealer say : this is not set!!!!!.
[20:06:54.745] [INFO   ] Thread dealer change state to -1
[20:06:54.745] [INFO   ] Thread dealer change setCheck to 1
[20:06:54.744] [SEVERE ] setting player 3 freeze to 4
[20:06:54.746] [SEVERE ] player 1 placing token on slot 6
[20:06:54.747] [INFO   ] actions size of computer-0 is 1
[20:06:54.747] [SEVERE ] player 1 placing token on slot 11
[20:06:54.747] [INFO   ] actions size of computer-0 is 2
[20:06:54.748] [SEVERE ] player 1 placing token on slot 10
[20:06:54.748] [INFO   ] actions size of computer-0 is 3
[20:06:54.749] [INFO   ] tread computer-0 set added
[20:06:54.750] [INFO   ] num of sets to check 1
[20:06:54.752] [SEVERE ] player 2 placing token on slot 10
[20:06:54.752] [INFO   ] actions size of computer-1 is 1
[20:06:54.753] [SEVERE ] player 2 placing token on slot 6
[20:06:54.753] [INFO   ] actions size of computer-1 is 2
[20:06:54.754] [SEVERE ] player 2 placing token on slot 0
[20:06:54.751] [SEVERE ] removing player 3 token from slot 3
[20:06:54.755] [SEVERE ] removing player 3 token from slot 10
[20:06:54.755] [SEVERE ] removing player 3 token from slot 0
[20:06:54.756] [SEVERE ] updating countdown to 809
[20:06:54.756] [INFO   ] Thread dealer checking set.
[20:06:54.751] [SEVERE ] setting player 4 freeze to 4
[20:06:54.757] [INFO   ] Thread dealer say : this is not set!!!!!.
[20:06:54.758] [INFO   ] Thread dealer change state to -1
[20:06:54.758] [INFO   ] Thread dealer change setCheck to 1
[20:06:54.756] [SEVERE ] setting player 3 freeze to 0
[20:06:54.754] [INFO   ] actions size of computer-1 is 3
[20:06:54.760] [INFO   ] tread computer-1 set added
[20:06:54.760] [INFO   ] num of sets to check 1
[20:06:54.759] [SEVERE ] setting player 1 freeze to 4
[20:06:54.761] [SEVERE ] player 3 placing token on slot 1
[20:06:54.761] [INFO   ] actions size of computer-2 is 1
[20:06:54.762] [SEVERE ] player 3 placing token on slot 9
[20:06:54.761] [SEVERE ] removing player 4 token from slot 8
[20:06:54.762] [INFO   ] actions size of computer-2 is 2
[20:06:54.763] [SEVERE ] removing player 4 token from slot 6
[20:06:54.763] [SEVERE ] player 3 placing token on slot 2
[20:06:54.764] [SEVERE ] removing player 4 token from slot 0
[20:06:54.764] [INFO   ] actions size of computer-2 is 3
[20:06:54.765] [INFO   ] tread computer-2 set added
[20:06:54.766] [INFO   ] num of sets to check 2
[20:06:54.765] [SEVERE ] removing player 1 token from slot 6
[20:06:54.765] [SEVERE ] setting player 4 freeze to 0
[20:06:54.769] [SEVERE ] removing player 1 token from slot 11
[20:06:54.769] [SEVERE ] updating countdown to 796
[20:06:54.770] [INFO   ] Thread dealer checking set.
[20:06:54.770] [SEVERE ] removing player 1 token from slot 10
[20:06:54.771] [INFO   ] Thread dealer say : this is not set!!!!!.
[20:06:54.792] [INFO   ] Thread dealer change state to -1
[20:06:54.792] [INFO   ] Thread dealer change setCheck to 1
[20:06:54.792] [SEVERE ] setting player 1 freeze to 0
[20:06:54.792] [SEVERE ] setting player 2 freeze to 4
[20:06:54.792] [INFO   ] Thread dealer checking set.
[20:06:54.794] [INFO   ] Thread dealer say : this is not set!!!!!.
[20:06:54.794] [INFO   ] Thread dealer change state to -1
[20:06:54.795] [INFO   ] Thread dealer change setCheck to 1
[20:06:54.795] [SEVERE ] setting player 3 freeze to 4
[20:06:54.795] [SEVERE ] player 1 placing token on slot 0
[20:06:54.796] [INFO   ] actions size of computer-0 is 1
[20:06:54.796] [SEVERE ] removing player 1 token from slot 0
[20:06:54.796] [SEVERE ] player 1 placing token on slot 4
[20:06:54.796] [INFO   ] actions size of computer-0 is 1
[20:06:54.796] [SEVERE ] player 1 placing token on slot 11
[20:06:54.796] [INFO   ] actions size of computer-0 is 2
[20:06:54.796] [SEVERE ] player 1 placing token on slot 7
[20:06:54.796] [INFO   ] actions size of computer-0 is 3
[20:06:54.796] [INFO   ] tread computer-0 set added
[20:06:54.796] [INFO   ] num of sets to check 1
[20:06:54.796] [SEVERE ] player 4 placing token on slot 10
[20:06:54.796] [INFO   ] actions size of computer-3 is 1
[20:06:54.796] [SEVERE ] player 4 placing token on slot 7
[20:06:54.796] [INFO   ] actions size of computer-3 is 2
[20:06:54.796] [SEVERE ] player 4 placing token on slot 6
[20:06:54.796] [INFO   ] actions size of computer-3 is 3
[20:06:54.796] [INFO   ] tread computer-3 set added
[20:06:54.796] [INFO   ] num of sets to check 2
[20:06:54.797] [SEVERE ] removing player 2 token from slot 10
[20:06:54.798] [SEVERE ] removing player 2 token from slot 6
[20:06:54.798] [SEVERE ] removing player 2 token from slot 0
[20:06:54.799] [SEVERE ] setting player 2 freeze to 0
[20:06:54.800] [SEVERE ] removing player 3 token from slot 1
[20:06:54.801] [SEVERE ] removing player 3 token from slot 9
[20:06:54.802] [SEVERE ] removing player 3 token from slot 2
[20:06:54.803] [SEVERE ] setting player 3 freeze to 0
[20:06:54.805] [SEVERE ] updating countdown to 760
[20:06:54.805] [INFO   ] Thread dealer checking set.
[20:06:54.806] [INFO   ] Thread dealer say : this is not set!!!!!.
[20:06:54.806] [INFO   ] Thread dealer change state to -1
[20:06:54.807] [INFO   ] Thread dealer change setCheck to 1
[20:06:54.807] [INFO   ] Thread dealer checking set.
[20:06:54.807] [SEVERE ] setting player 1 freeze to 4
[20:06:54.808] [INFO   ] Thread dealer say : this is not set!!!!!.
[20:06:54.809] [INFO   ] Thread dealer change state to -1
[20:06:54.809] [INFO   ] Thread dealer change setCheck to 1
[20:06:54.810] [SEVERE ] setting player 4 freeze to 4
[20:06:54.810] [SEVERE ] player 2 placing token on slot 8
[20:06:54.810] [INFO   ] actions size of computer-1 is 1
[20:06:54.811] [SEVERE ] player 3 placing token on slot 8
[20:06:54.811] [INFO   ] actions size of computer-2 is 1
[20:06:54.812] [SEVERE ] removing player 3 token from slot 8
[20:06:54.812] [SEVERE ] player 3 placing token on slot 4
[20:06:54.812] [SEVERE ] removing player 1 token from slot 4
[20:06:54.813] [INFO   ] actions size of computer-2 is 1
[20:06:54.814] [SEVERE ] player 3 placing token on slot 6
[20:06:54.813] [SEVERE ] removing player 1 token from slot 11
[20:06:54.814] [INFO   ] actions size of computer-2 is 2
[20:06:54.814] [SEVERE ] removing player 4 token from slot 10
[20:06:54.815] [SEVERE ] player 3 placing token on slot 10
[20:06:54.818] [INFO   ] actions size of computer-2 is 3
[20:06:54.818] [INFO   ] tread computer-2 set added
[20:06:54.818] [INFO   ] num of sets to check 1
[20:06:54.815] [SEVERE ] removing player 1 token from slot 7
[20:06:54.816] [SEVERE ] removing player 4 token from slot 7
[20:06:54.818] [SEVERE ] removing player 4 token from slot 6
[20:06:54.818] [SEVERE ] setting player 4 freeze to 0
[20:06:54.818] [SEVERE ] setting player 1 freeze to 0
[20:06:54.819] [SEVERE ] player 2 placing token on slot 2
[20:06:54.819] [INFO   ] actions size of computer-1 is 2
[20:06:54.819] [SEVERE ] removing player 2 token from slot 8
[20:06:54.819] [SEVERE ] player 2 placing token on slot 11
[20:06:54.819] [INFO   ] actions size of computer-1 is 2
[20:06:54.819] [SEVERE ] player 2 placing token on slot 8
[20:06:54.820] [INFO   ] actions size of computer-1 is 3
[20:06:54.820] [INFO   ] tread computer-1 set added
[20:06:54.820] [INFO   ] num of sets to check 2
[20:06:54.820] [SEVERE ] updating countdown to 745
[20:06:54.820] [INFO   ] Thread dealer checking set.
[20:06:54.821] [INFO   ] Thread dealer say : this is set!!!!!.
[20:06:54.821] [INFO   ] Thread dealer change state to 1
[20:06:54.822] [INFO   ] Thread dealer change setCheck to 1
[20:06:54.832] [SEVERE ] removing card from slot 4
[20:06:54.843] [SEVERE ] removing card from slot 6
[20:06:54.853] [SEVERE ] removing card from slot 10
[20:06:54.854] [SEVERE ] updating countdown to 100
[20:06:54.854] [INFO   ] Thread dealer checking set.
[20:06:54.854] [SEVERE ] removing player 3 token from slot 4
[20:06:54.854] [INFO   ] Thread dealer say : this is not set!!!!!.
[20:06:54.854] [INFO   ] Thread dealer change state to -1
[20:06:54.854] [INFO   ] Thread dealer change setCheck to 1
[20:06:54.854] [SEVERE ] removing player 3 token from slot 6
[20:06:54.854] [SEVERE ] setting player 2 freeze to 4
[20:06:54.854] [INFO   ] Thread dealer found empty slot 4
[20:06:54.854] [INFO   ] Thread dealer found empty slot 4
[20:06:54.854] [SEVERE ] removing player 3 token from slot 10
[20:06:54.855] [SEVERE ] setting player 3 freeze to 2
[20:06:54.857] [SEVERE ] setting player 3 freeze to 0
[20:06:54.858] [SEVERE ] setting player 3 score to 1
[20:06:54.859] [SEVERE ] removing player 2 token from slot 2
[20:06:54.859] [SEVERE ] removing player 2 token from slot 11
[20:06:54.859] [SEVERE ] removing player 2 token from slot 8
[20:06:54.859] [SEVERE ] setting player 2 freeze to 0
[20:06:54.865] [SEVERE ] placing card 40 in slot 4
[20:06:54.865] [INFO   ] Thread dealer found empty slot 6
[20:06:54.875] [SEVERE ] placing card 31 in slot 6
[20:06:54.875] [INFO   ] Thread dealer found empty slot 10
[20:06:54.886] [SEVERE ] placing card 70 in slot 10
[20:06:54.886] [SEVERE ] player 1 placing token on slot 10
[20:06:54.887] [INFO   ] actions size of computer-0 is 1
[20:06:54.887] [SEVERE ] player 4 placing token on slot 7
[20:06:54.887] [INFO   ] actions size of computer-3 is 1
[20:06:54.888] [SEVERE ] player 3 placing token on slot 4
[20:06:54.888] [INFO   ] actions size of computer-2 is 1
[20:06:54.889] [SEVERE ] player 3 placing token on slot 9
[20:06:54.889] [INFO   ] actions size of computer-2 is 2
[20:06:54.889] [SEVERE ] player 3 placing token on slot 0
[20:06:54.890] [INFO   ] actions size of computer-2 is 3
[20:06:54.890] [INFO   ] tread computer-2 set added
[20:06:54.891] [INFO   ] num of sets to check 1
[20:06:54.891] [SEVERE ] player 2 placing token on slot 4
[20:06:54.892] [INFO   ] actions size of computer-1 is 1
[20:06:54.892] [SEVERE ] player 2 placing token on slot 9
[20:06:54.893] [INFO   ] actions size of computer-1 is 2
[20:06:54.893] [SEVERE ] removing player 2 token from slot 4
[20:06:54.894] [SEVERE ] player 2 placing token on slot 8
[20:06:54.894] [INFO   ] actions size of computer-1 is 2
[20:06:54.894] [SEVERE ] player 2 placing token on slot 0
[20:06:54.895] [INFO   ] actions size of computer-1 is 3
[20:06:54.895] [INFO   ] tread computer-1 set added
[20:06:54.896] [INFO   ] num of sets to check 2
[20:06:54.896] [SEVERE ] player 4 placing token on slot 6
[20:06:54.896] [SEVERE ] updating countdown to 58
[20:06:54.897] [INFO   ] Thread dealer checking set.
[20:06:54.897] [INFO   ] Thread dealer say : this is not set!!!!!.
[20:06:54.898] [INFO   ] Thread dealer change state to -1
[20:06:54.898] [INFO   ] Thread dealer change setCheck to 1
[20:06:54.899] [INFO   ] Thread dealer checking set.
[20:06:54.900] [INFO   ] Thread dealer say : this is not set!!!!!.
[20:06:54.901] [INFO   ] Thread dealer change state to -1
[20:06:54.901] [INFO   ] Thread dealer change setCheck to 1
[20:06:54.897] [INFO   ] actions size of computer-3 is 2
[20:06:54.901] [SEVERE ] player 4 placing token on slot 11
[20:06:54.902] [INFO   ] actions size of computer-3 is 3
[20:06:54.903] [INFO   ] tread computer-3 set added
[20:06:54.903] [INFO   ] num of sets to check 1
[20:06:54.899] [SEVERE ] setting player 3 freeze to 4
[20:06:54.904] [SEVERE ] player 1 placing token on slot 3
[20:06:54.902] [SEVERE ] setting player 2 freeze to 4
[20:06:54.905] [INFO   ] actions size of computer-0 is 2
[20:06:54.906] [SEVERE ] player 1 placing token on slot 4
[20:06:54.906] [INFO   ] actions size of computer-0 is 3
[20:06:54.906] [INFO   ] tread computer-0 set added
[20:06:54.907] [INFO   ] num of sets to check 2
[20:06:54.908] [SEVERE ] removing player 3 token from slot 4
[20:06:54.909] [SEVERE ] removing player 3 token from slot 9
[20:06:54.909] [SEVERE ] removing player 2 token from slot 9
[20:06:54.910] [SEVERE ] removing player 3 token from slot 0
[20:06:54.910] [SEVERE ] removing player 2 token from slot 8
[20:06:54.910] [SEVERE ] setting player 3 freeze to 0
[20:06:54.911] [SEVERE ] updating countdown to 43
[20:06:54.912] [INFO   ] Thread dealer checking set.
[20:06:54.911] [SEVERE ] removing player 2 token from slot 0
[20:06:54.912] [INFO   ] Thread dealer say : this is not set!!!!!.
[20:06:54.913] [INFO   ] Thread dealer change state to -1
[20:06:54.913] [INFO   ] Thread dealer change setCheck to 1
[20:06:54.913] [INFO   ] Thread dealer checking set.
[20:06:54.914] [INFO   ] Thread dealer say : this is not set!!!!!.
[20:06:54.914] [INFO   ] Thread dealer change state to -1
[20:06:54.913] [SEVERE ] setting player 2 freeze to 0
[20:06:54.915] [INFO   ] Thread dealer change setCheck to 1
[20:06:54.913] [SEVERE ] setting player 4 freeze to 4
[20:06:54.916] [SEVERE ] player 2 placing token on slot 5
[20:06:54.916] [SEVERE ] setting player 1 freeze to 4
[20:06:54.919] [INFO   ] actions size of computer-1 is 1
[20:06:54.921] [SEVERE ] player 2 placing token on slot 10
[20:06:54.921] [INFO   ] actions size of computer-1 is 2
[20:06:54.921] [SEVERE ] removing player 4 token from slot 7
[20:06:54.922] [SEVERE ] player 3 placing token on slot 6
[20:06:54.923] [INFO   ] actions size of computer-2 is 1
[20:06:54.923] [SEVERE ] player 3 placing token on slot 0
[20:06:54.924] [INFO   ] actions size of computer-2 is 2
[20:06:54.924] [SEVERE ] player 3 placing token on slot 4
[20:06:54.925] [INFO   ] actions size of computer-2 is 3
[20:06:54.925] [INFO   ] tread computer-2 set added
[20:06:54.926] [INFO   ] num of sets to check 1
[20:06:54.926] [SEVERE ] player 2 placing token on slot 9
[20:06:54.922] [SEVERE ] removing player 4 token from slot 6
[20:06:54.926] [INFO   ] actions size of computer-1 is 3
[20:06:54.926] [SEVERE ] updating countdown to 28
[20:06:54.928] [INFO   ] Thread dealer checking set.
[20:06:54.928] [INFO   ] Thread dealer say : this is not set!!!!!.
[20:06:54.929] [INFO   ] Thread dealer change state to -1
[20:06:54.929] [INFO   ] Thread dealer change setCheck to 1
[20:06:54.929] [INFO   ] Thread dealer checking set.
[20:06:54.929] [INFO   ] Thread dealer say : this is not set!!!!!.
[20:06:54.929] [INFO   ] Thread dealer change state to -1
[20:06:54.929] [INFO   ] Thread dealer change setCheck to 1
[20:06:54.929] [SEVERE ] setting player 2 freeze to 4
[20:06:54.924] [SEVERE ] removing player 1 token from slot 10
[20:06:54.931] [SEVERE ] removing player 1 token from slot 3
[20:06:54.931] [SEVERE ] removing player 1 token from slot 4
[20:06:54.931] [SEVERE ] setting player 1 freeze to 0
[20:06:54.929] [SEVERE ] setting player 3 freeze to 4
[20:06:54.927] [INFO   ] tread computer-1 set added
[20:06:54.933] [INFO   ] num of sets to check 0
[20:06:54.927] [SEVERE ] removing player 4 token from slot 11
[20:06:54.934] [SEVERE ] removing player 2 token from slot 5
[20:06:54.936] [SEVERE ] removing player 2 token from slot 10
[20:06:54.936] [SEVERE ] removing player 2 token from slot 9
[20:06:54.935] [SEVERE ] setting player 4 freeze to 0
[20:06:54.938] [SEVERE ] removing player 3 token from slot 6
[20:06:54.938] [SEVERE ] removing player 3 token from slot 0
[20:06:54.939] [SEVERE ] removing player 3 token from slot 4
[20:06:54.940] [SEVERE ] setting player 3 freeze to 0
[20:06:54.937] [SEVERE ] setting player 2 freeze to 0
[20:06:54.939] [SEVERE ] updating countdown to 15
[20:06:55.152] [SEVERE ] player 1 placing token on slot 9
[20:06:55.152] [INFO   ] actions size of computer-0 is 1
[20:06:55.153] [SEVERE ] player 1 placing token on slot 2
[20:06:55.154] [INFO   ] actions size of computer-0 is 2
[20:06:55.154] [SEVERE ] player 1 placing token on slot 10
[20:06:55.155] [INFO   ] actions size of computer-0 is 3
[20:06:55.155] [INFO   ] tread computer-0 set added
[20:06:55.155] [INFO   ] num of sets to check 1
[20:06:55.152] [SEVERE ] updating countdown to 0
[20:06:55.156] [SEVERE ] player 4 placing token on slot 10
[20:06:55.157] [INFO   ] actions size of computer-3 is 1
[20:06:55.158] [SEVERE ] player 4 placing token on slot 0
[20:06:55.159] [INFO   ] actions size of computer-3 is 2
[20:06:55.159] [SEVERE ] player 4 placing token on slot 8
[20:06:55.160] [INFO   ] actions size of computer-3 is 3
[20:06:55.160] [INFO   ] tread computer-3 set added
[20:06:55.160] [INFO   ] num of sets to check 2
[20:06:55.161] [SEVERE ] player 2 placing token on slot 5
[20:06:55.161] [INFO   ] actions size of computer-1 is 1
[20:06:55.162] [SEVERE ] player 2 placing token on slot 7
[20:06:55.163] [INFO   ] actions size of computer-1 is 2
[20:06:55.163] [SEVERE ] player 2 placing token on slot 10
[20:06:55.163] [INFO   ] actions size of computer-1 is 3
[20:06:55.164] [INFO   ] tread computer-1 set added
[20:06:55.164] [INFO   ] num of sets to check 3
[20:06:55.165] [SEVERE ] player 3 placing token on slot 1
[20:06:55.165] [INFO   ] actions size of computer-2 is 1
[20:06:55.166] [SEVERE ] player 3 placing token on slot 7
[20:06:55.167] [INFO   ] actions size of computer-2 is 2
[20:06:55.167] [SEVERE ] removing player 3 token from slot 7
[20:06:55.168] [SEVERE ] player 3 placing token on slot 3
[20:06:55.169] [INFO   ] actions size of computer-2 is 2
[20:06:55.169] [SEVERE ] player 3 placing token on slot 4
[20:06:55.170] [INFO   ] actions size of computer-2 is 3
[20:06:55.170] [INFO   ] tread computer-2 set added
[20:06:55.171] [INFO   ] num of sets to check 4
[20:06:55.168] [SEVERE ] removing card from slot 0
[20:06:55.182] [SEVERE ] removing card from slot 1
[20:06:55.193] [SEVERE ] removing card from slot 2
[20:06:55.204] [SEVERE ] removing card from slot 3
[20:06:55.214] [SEVERE ] removing card from slot 4
[20:06:55.224] [SEVERE ] removing card from slot 5
[20:06:55.235] [SEVERE ] removing card from slot 6
[20:06:55.245] [SEVERE ] removing card from slot 7
[20:06:55.256] [SEVERE ] removing card from slot 8
[20:06:55.266] [SEVERE ] removing card from slot 9
[20:06:55.277] [SEVERE ] removing card from slot 10
[20:06:55.287] [SEVERE ] removing card from slot 11
[20:06:55.288] [INFO   ] Thread dealer found empty slot 0
[20:06:55.298] [SEVERE ] placing card 4 in slot 0
[20:06:55.299] [INFO   ] Thread dealer found empty slot 1
[20:06:55.310] [SEVERE ] placing card 19 in slot 1
[20:06:55.310] [INFO   ] Thread dealer found empty slot 2
[20:06:55.321] [SEVERE ] placing card 5 in slot 2
[20:06:55.321] [INFO   ] Thread dealer found empty slot 3
[20:06:55.332] [SEVERE ] placing card 65 in slot 3
[20:06:55.332] [INFO   ] Thread dealer found empty slot 4
[20:06:55.333] [INFO   ] Thread dealer found empty slot 4
[20:06:55.344] [SEVERE ] placing card 35 in slot 4
[20:06:55.345] [INFO   ] Thread dealer found empty slot 5
[20:06:55.345] [INFO   ] Thread dealer found empty slot 5
[20:06:55.356] [SEVERE ] placing card 58 in slot 5
[20:06:55.357] [INFO   ] Thread dealer found empty slot 6
[20:06:55.368] [SEVERE ] placing card 28 in slot 6
[20:06:55.369] [INFO   ] Thread dealer found empty slot 7
[20:06:55.379] [SEVERE ] placing card 25 in slot 7
[20:06:55.380] [INFO   ] Thread dealer found empty slot 8
[20:06:55.390] [SEVERE ] placing card 30 in slot 8
[20:06:55.391] [INFO   ] Thread dealer found empty slot 9
[20:06:55.402] [SEVERE ] placing card 53 in slot 9
[20:06:55.402] [INFO   ] Thread dealer found empty slot 10
[20:06:55.403] [INFO   ] Thread dealer found empty slot 10
[20:06:55.414] [SEVERE ] placing card 40 in slot 10
[20:06:55.414] [INFO   ] Thread dealer found empty slot 11
[20:06:55.425] [SEVERE ] placing card 17 in slot 11
[20:06:55.436] [SEVERE ] updating countdown to 1089
[20:06:55.436] [INFO   ] Thread dealer checking set.
[20:06:55.437] [INFO   ] Thread dealer checking set.
[20:06:55.437] [INFO   ] Thread dealer checking set.
[20:06:55.438] [INFO   ] Thread dealer checking set.
[20:06:55.448] [SEVERE ] updating countdown to 1077
[20:06:55.459] [SEVERE ] updating countdown to 1066
[20:06:55.469] [SEVERE ] updating countdown to 1056
[20:06:55.480] [SEVERE ] updating countdown to 1045
[20:06:55.490] [SEVERE ] updating countdown to 1035
[20:06:55.501] [SEVERE ] updating countdown to 1024
[20:06:55.512] [SEVERE ] updating countdown to 1013
[20:06:55.523] [SEVERE ] updating countdown to 1002
[20:06:55.533] [SEVERE ] updating countdown to 992
[20:06:55.544] [SEVERE ] updating countdown to 981
[20:06:55.555] [SEVERE ] updating countdown to 970
[20:06:55.565] [SEVERE ] updating countdown to 960
[20:06:55.575] [SEVERE ] updating countdown to 950
[20:06:55.586] [SEVERE ] updating countdown to 939
[20:06:55.596] [SEVERE ] updating countdown to 929
[20:06:55.607] [SEVERE ] updating countdown to 918
[20:06:55.618] [SEVERE ] updating countdown to 907
[20:06:55.628] [SEVERE ] updating countdown to 897
[20:06:55.639] [SEVERE ] updating countdown to 886
[20:06:55.649] [SEVERE ] updating countdown to 876
[20:06:55.660] [SEVERE ] updating countdown to 865
[20:06:55.670] [SEVERE ] updating countdown to 855
[20:06:55.681] [SEVERE ] updating countdown to 844
[20:06:55.691] [SEVERE ] updating countdown to 834
[20:06:55.701] [SEVERE ] updating countdown to 824
[20:06:55.712] [SEVERE ] updating countdown to 813
[20:06:55.722] [SEVERE ] updating countdown to 803
[20:06:55.732] [SEVERE ] updating countdown to 793
[20:06:55.743] [SEVERE ] updating countdown to 782
[20:06:55.753] [SEVERE ] updating countdown to 772
[20:06:55.763] [SEVERE ] updating countdown to 762
[20:06:55.773] [SEVERE ] updating countdown to 752
[20:06:55.784] [SEVERE ] updating countdown to 741
[20:06:55.794] [SEVERE ] updating countdown to 731
[20:06:55.804] [SEVERE ] updating countdown to 721
[20:06:55.814] [SEVERE ] updating countdown to 711
[20:06:55.825] [SEVERE ] updating countdown to 700
[20:06:55.835] [SEVERE ] updating countdown to 690
[20:06:55.845] [SEVERE ] updating countdown to 680
[20:06:55.855] [SEVERE ] updating countdown to 670
[20:06:55.866] [SEVERE ] updating countdown to 659
[20:06:55.876] [SEVERE ] updating countdown to 649
[20:06:55.886] [SEVERE ] updating countdown to 639
[20:06:55.896] [SEVERE ] updating countdown to 629
[20:06:55.906] [SEVERE ] updating countdown to 619
[20:06:55.917] [SEVERE ] updating countdown to 608
[20:06:55.927] [SEVERE ] updating countdown to 598
[20:06:55.938] [SEVERE ] updating countdown to 588
[20:06:55.948] [SEVERE ] updating countdown to 577
[20:06:55.958] [SEVERE ] updating countdown to 567
[20:06:55.969] [SEVERE ] updating countdown to 556
[20:06:55.979] [SEVERE ] updating countdown to 546
[20:06:55.990] [SEVERE ] updating countdown to 535
[20:06:56.000] [SEVERE ] updating countdown to 525
[20:06:56.011] [SEVERE ] updating countdown to 514
[20:06:56.021] [SEVERE ] updating countdown to 504
[20:06:56.032] [SEVERE ] updating countdown to 493
[20:06:56.043] [SEVERE ] updating countdown to 482
[20:06:56.053] [SEVERE ] updating countdown to 472
[20:06:56.064] [SEVERE ] updating countdown to 461
[20:06:56.074] [SEVERE ] updating countdown to 451
[20:06:56.085] [SEVERE ] updating countdown to 440
[20:06:56.096] [SEVERE ] updating countdown to 429
[20:06:56.106] [SEVERE ] updating countdown to 419
[20:06:56.117] [SEVERE ] updating countdown to 408
[20:06:56.128] [SEVERE ] updating countdown to 397
[20:06:56.138] [SEVERE ] updating countdown to 387
[20:06:56.149] [SEVERE ] updating countdown to 376
[20:06:56.159] [SEVERE ] updating countdown to 366
[20:06:56.170] [SEVERE ] updating countdown to 355
[20:06:56.180] [SEVERE ] updating countdown to 345
[20:06:56.191] [SEVERE ] updating countdown to 334
[20:06:56.201] [SEVERE ] updating countdown to 324
[20:06:56.211] [SEVERE ] updating countdown to 314
[20:06:56.222] [SEVERE ] updating countdown to 304
[20:06:56.232] [SEVERE ] updating countdown to 293
[20:06:56.242] [SEVERE ] updating countdown to 283
[20:06:56.253] [SEVERE ] updating countdown to 272
[20:06:56.263] [SEVERE ] updating countdown to 262
[20:06:56.273] [SEVERE ] updating countdown to 252
[20:06:56.284] [SEVERE ] updating countdown to 241
[20:06:56.294] [SEVERE ] updating countdown to 231
[20:06:56.305] [SEVERE ] updating countdown to 220
[20:06:56.316] [SEVERE ] updating countdown to 209
[20:06:56.326] [SEVERE ] updating countdown to 199
[20:06:56.337] [SEVERE ] updating countdown to 188
[20:06:56.347] [SEVERE ] updating countdown to 178
[20:06:56.357] [SEVERE ] updating countdown to 168
[20:06:56.368] [SEVERE ] updating countdown to 157
[20:06:56.378] [SEVERE ] updating countdown to 147
[20:06:56.389] [SEVERE ] updating countdown to 136
[20:06:56.399] [SEVERE ] updating countdown to 126
[20:06:56.410] [SEVERE ] updating countdown to 115
[20:06:56.420] [SEVERE ] updating countdown to 105
[20:06:56.431] [SEVERE ] updating countdown to 94
[20:06:56.442] [SEVERE ] updating countdown to 83
[20:06:56.452] [SEVERE ] updating countdown to 73
[20:06:56.463] [SEVERE ] updating countdown to 62
[20:06:56.474] [SEVERE ] updating countdown to 51
[20:06:56.484] [SEVERE ] updating countdown to 41
[20:06:56.495] [SEVERE ] updating countdown to 30
[20:06:56.505] [SEVERE ] updating countdown to 20
[20:06:56.531] [SEVERE ] updating countdown to 0
[20:06:56.541] [SEVERE ] removing card from slot 0
[20:06:56.552] [SEVERE ] removing card from slot 1
[20:06:56.562] [SEVERE ] removing card from slot 2
[20:06:56.573] [SEVERE ] removing card from slot 3
[20:06:56.583] [SEVERE ] removing card from slot 4
[20:06:56.594] [SEVERE ] removing card from slot 5
[20:06:56.604] [SEVERE ] removing card from slot 6
[20:06:56.614] [SEVERE ] removing card from slot 7
[20:06:56.625] [SEVERE ] removing card from slot 8
[20:06:56.635] [SEVERE ] removing card from slot 9
[20:06:56.645] [SEVERE ] removing card from slot 10
[20:06:56.656] [SEVERE ] removing card from slot 11
[20:06:56.656] [INFO   ] Thread dealer found empty slot 0
[20:06:56.667] [SEVERE ] placing card 76 in slot 0
[20:06:56.667] [INFO   ] Thread dealer found empty slot 1
[20:06:56.678] [SEVERE ] placing card 45 in slot 1
[20:06:56.678] [INFO   ] Thread dealer found empty slot 2
[20:06:56.689] [SEVERE ] placing card 21 in slot 2
[20:06:56.689] [INFO   ] Thread dealer found empty slot 3
[20:06:56.700] [SEVERE ] placing card 41 in slot 3
[20:06:56.700] [INFO   ] Thread dealer found empty slot 4
[20:06:56.711] [SEVERE ] placing card 70 in slot 4
[20:06:56.712] [INFO   ] Thread dealer found empty slot 5
[20:06:56.723] [SEVERE ] placing card 33 in slot 5
[20:06:56.723] [INFO   ] Thread dealer found empty slot 6
[20:06:56.734] [SEVERE ] placing card 47 in slot 6
[20:06:56.734] [INFO   ] Thread dealer found empty slot 7
[20:06:56.745] [SEVERE ] placing card 12 in slot 7
[20:06:56.745] [INFO   ] Thread dealer found empty slot 8
[20:06:56.756] [SEVERE ] placing card 58 in slot 8
[20:06:56.756] [INFO   ] Thread dealer found empty slot 9
[20:06:56.766] [SEVERE ] placing card 9 in slot 9
[20:06:56.766] [INFO   ] Thread dealer found empty slot 10
[20:06:56.777] [SEVERE ] placing card 39 in slot 10
[20:06:56.777] [INFO   ] Thread dealer found empty slot 11
[20:06:56.787] [SEVERE ] placing card 72 in slot 11
[20:06:56.798] [SEVERE ] updating countdown to 1090
[20:06:56.808] [SEVERE ] updating countdown to 1079
[20:06:56.819] [SEVERE ] updating countdown to 1068
[20:06:56.829] [SEVERE ] updating countdown to 1058
[20:06:56.840] [SEVERE ] updating countdown to 1047
[20:06:56.851] [SEVERE ] updating countdown to 1036
[20:06:56.861] [SEVERE ] updating countdown to 1026
[20:06:56.871] [SEVERE ] updating countdown to 1016
[20:06:56.882] [SEVERE ] updating countdown to 1005
[20:06:56.892] [SEVERE ] updating countdown to 995
[20:06:56.903] [SEVERE ] updating countdown to 984
[20:06:56.913] [SEVERE ] updating countdown to 974
[20:06:56.924] [SEVERE ] updating countdown to 963
[20:06:56.934] [SEVERE ] updating countdown to 953
[20:06:56.945] [SEVERE ] updating countdown to 942
[20:06:56.955] [SEVERE ] updating countdown to 932
[20:06:56.966] [SEVERE ] updating countdown to 921
[20:06:56.976] [SEVERE ] updating countdown to 911
[20:06:56.987] [SEVERE ] updating countdown to 900
[20:06:56.997] [SEVERE ] updating countdown to 890
[20:06:57.008] [SEVERE ] updating countdown to 879
[20:06:57.018] [SEVERE ] updating countdown to 869
[20:06:57.029] [SEVERE ] updating countdown to 858
[20:06:57.039] [SEVERE ] updating countdown to 848
[20:06:57.049] [SEVERE ] updating countdown to 838
[20:06:57.060] [SEVERE ] updating countdown to 827
[20:06:57.070] [SEVERE ] updating countdown to 817
[20:06:57.083] [SEVERE ] updating countdown to 804
[20:06:57.093] [SEVERE ] updating countdown to 794
[20:06:57.103] [SEVERE ] updating countdown to 784
[20:06:57.114] [SEVERE ] updating countdown to 773
[20:06:57.124] [SEVERE ] updating countdown to 763
[20:06:57.134] [SEVERE ] updating countdown to 753
[20:06:57.144] [SEVERE ] updating countdown to 743
[20:06:57.154] [SEVERE ] updating countdown to 733
[20:06:57.165] [SEVERE ] updating countdown to 722
[20:06:57.175] [SEVERE ] updating countdown to 712
[20:06:57.185] [SEVERE ] updating countdown to 702
[20:06:57.196] [SEVERE ] updating countdown to 691
[20:06:57.206] [SEVERE ] updating countdown to 681
[20:06:57.216] [SEVERE ] updating countdown to 671
[20:06:57.227] [SEVERE ] updating countdown to 660
[20:06:57.237] [SEVERE ] updating countdown to 650
[20:06:57.248] [SEVERE ] updating countdown to 639
[20:06:57.258] [SEVERE ] updating countdown to 629
[20:06:57.269] [SEVERE ] updating countdown to 618
[20:06:57.279] [SEVERE ] updating countdown to 608
[20:06:57.290] [SEVERE ] updating countdown to 597
[20:06:57.300] [SEVERE ] updating countdown to 587
[20:06:57.311] [SEVERE ] updating countdown to 576
[20:06:57.322] [SEVERE ] updating countdown to 566
[20:06:57.332] [SEVERE ] updating countdown to 555
[20:06:57.343] [SEVERE ] updating countdown to 544
[20:06:57.353] [SEVERE ] updating countdown to 534
[20:06:57.364] [SEVERE ] updating countdown to 523
[20:06:57.374] [SEVERE ] updating countdown to 513
[20:06:57.385] [SEVERE ] updating countdown to 502
[20:06:57.396] [SEVERE ] updating countdown to 491
[20:06:57.407] [SEVERE ] updating countdown to 480
[20:06:57.417] [SEVERE ] updating countdown to 470
[20:06:57.428] [SEVERE ] updating countdown to 459
[20:06:57.439] [SEVERE ] updating countdown to 448
[20:06:57.450] [SEVERE ] updating countdown to 437
[20:06:57.461] [SEVERE ] updating countdown to 426
[20:06:57.471] [SEVERE ] updating countdown to 416
[20:06:57.482] [SEVERE ] updating countdown to 405
[20:06:57.492] [SEVERE ] updating countdown to 395
[20:06:57.503] [SEVERE ] updating countdown to 384
[20:06:57.514] [SEVERE ] updating countdown to 373
[20:06:57.524] [SEVERE ] updating countdown to 363
[20:06:57.535] [SEVERE ] updating countdown to 352
[20:06:57.545] [SEVERE ] updating countdown to 342
[20:06:57.556] [SEVERE ] updating countdown to 331
[20:06:57.566] [SEVERE ] updating countdown to 321
[20:06:57.577] [SEVERE ] updating countdown to 310
[20:06:57.588] [SEVERE ] updating countdown to 299
[20:06:57.598] [SEVERE ] updating countdown to 289
[20:06:57.609] [SEVERE ] updating countdown to 278
[20:06:57.619] [SEVERE ] updating countdown to 268
[20:06:57.629] [SEVERE ] updating countdown to 258
[20:06:57.639] [SEVERE ] updating countdown to 248
[20:06:57.650] [SEVERE ] updating countdown to 237
[20:06:57.660] [SEVERE ] updating countdown to 227
[20:06:57.670] [SEVERE ] updating countdown to 217
[20:06:57.680] [SEVERE ] updating countdown to 207
[20:06:57.691] [SEVERE ] updating countdown to 196
[20:06:57.701] [SEVERE ] updating countdown to 186
[20:06:57.711] [SEVERE ] updating countdown to 176
[20:06:57.721] [SEVERE ] updating countdown to 166
[20:06:57.732] [SEVERE ] updating countdown to 155
[20:06:57.742] [SEVERE ] updating countdown to 145
[20:06:57.752] [SEVERE ] updating countdown to 135
[20:06:57.763] [SEVERE ] updating countdown to 124
[20:06:57.773] [SEVERE ] updating countdown to 114
[20:06:57.784] [SEVERE ] updating countdown to 103
[20:06:57.794] [SEVERE ] updating countdown to 93
[20:06:57.805] [SEVERE ] updating countdown to 82
[20:06:57.815] [SEVERE ] updating countdown to 72
[20:06:57.826] [SEVERE ] updating countdown to 61
[20:06:57.836] [SEVERE ] updating countdown to 51
[20:06:57.847] [SEVERE ] updating countdown to 40
[20:06:57.857] [SEVERE ] updating countdown to 30
[20:06:57.868] [SEVERE ] updating countdown to 19
[20:06:58.064] [SEVERE ] updating countdown to 0
[20:06:58.075] [SEVERE ] removing card from slot 0
[20:06:58.085] [SEVERE ] removing card from slot 1
[20:06:58.096] [SEVERE ] removing card from slot 2
[20:06:58.106] [SEVERE ] removing card from slot 3
[20:06:58.117] [SEVERE ] removing card from slot 4
[20:06:58.127] [SEVERE ] removing card from slot 5
[20:06:58.138] [SEVERE ] removing card from slot 6
[20:06:58.148] [SEVERE ] removing card from slot 7
[20:06:58.159] [SEVERE ] removing card from slot 8
[20:06:58.170] [SEVERE ] removing card from slot 9
[20:06:58.180] [SEVERE ] removing card from slot 10
[20:06:58.191] [SEVERE ] removing card from slot 11
[20:06:58.191] [INFO   ] Thread dealer found empty slot 0
[20:06:58.202] [SEVERE ] placing card 24 in slot 0
[20:06:58.202] [INFO   ] Thread dealer found empty slot 1
[20:06:58.213] [SEVERE ] placing card 41 in slot 1
[20:06:58.213] [INFO   ] Thread dealer found empty slot 2
[20:06:58.224] [SEVERE ] placing card 49 in slot 2
[20:06:58.224] [INFO   ] Thread dealer found empty slot 3
[20:06:58.239] [SEVERE ] placing card 25 in slot 3
[20:06:58.239] [INFO   ] Thread dealer found empty slot 4
[20:06:58.240] [INFO   ] Thread dealer found empty slot 4
[20:06:58.251] [SEVERE ] placing card 7 in slot 4
[20:06:58.252] [INFO   ] Thread dealer found empty slot 5
[20:06:58.263] [SEVERE ] placing card 48 in slot 5
[20:06:58.263] [INFO   ] Thread dealer found empty slot 6
[20:06:58.274] [SEVERE ] placing card 51 in slot 6
[20:06:58.274] [INFO   ] Thread dealer found empty slot 7
[20:06:58.275] [INFO   ] Thread dealer found empty slot 7
[20:06:58.285] [SEVERE ] placing card 47 in slot 7
[20:06:58.285] [INFO   ] Thread dealer found empty slot 8
[20:06:58.296] [SEVERE ] placing card 1 in slot 8
[20:06:58.296] [INFO   ] Thread dealer found empty slot 9
[20:06:58.307] [SEVERE ] placing card 52 in slot 9
[20:06:58.308] [INFO   ] Thread dealer found empty slot 10
[20:06:58.318] [SEVERE ] placing card 33 in slot 10
[20:06:58.319] [INFO   ] Thread dealer found empty slot 11
[20:06:58.329] [SEVERE ] placing card 36 in slot 11
[20:06:58.340] [SEVERE ] updating countdown to 1090
[20:06:58.351] [SEVERE ] updating countdown to 1079
[20:06:58.362] [SEVERE ] updating countdown to 1068
[20:06:58.372] [SEVERE ] updating countdown to 1058
[20:06:58.383] [SEVERE ] updating countdown to 1047
[20:06:58.394] [SEVERE ] updating countdown to 1036
[20:06:58.404] [SEVERE ] updating countdown to 1026
[20:06:58.415] [SEVERE ] updating countdown to 1015
[20:06:58.425] [SEVERE ] updating countdown to 1005
[20:06:58.436] [SEVERE ] updating countdown to 994
[20:06:58.447] [SEVERE ] updating countdown to 983
[20:06:58.457] [SEVERE ] updating countdown to 973
[20:06:58.468] [SEVERE ] updating countdown to 962
[20:06:58.479] [SEVERE ] updating countdown to 951
[20:06:58.489] [SEVERE ] updating countdown to 941
[20:06:58.500] [SEVERE ] updating countdown to 930
[20:06:58.510] [SEVERE ] updating countdown to 920
[20:06:58.521] [SEVERE ] updating countdown to 909
[20:06:58.531] [SEVERE ] updating countdown to 899
[20:06:58.542] [SEVERE ] updating countdown to 888
[20:06:58.553] [SEVERE ] updating countdown to 877
[20:06:58.564] [SEVERE ] updating countdown to 866
[20:06:58.574] [SEVERE ] updating countdown to 856
[20:06:58.585] [SEVERE ] updating countdown to 845
[20:06:58.596] [SEVERE ] updating countdown to 834
[20:06:58.606] [SEVERE ] updating countdown to 824
[20:06:58.617] [SEVERE ] updating countdown to 813
[20:06:58.628] [SEVERE ] updating countdown to 803
[20:06:58.638] [SEVERE ] updating countdown to 792
[20:06:58.649] [SEVERE ] updating countdown to 781
[20:06:58.654] [SEVERE ] exit button pressed
[20:06:58.659] [SEVERE ] updating countdown to 771
[20:06:58.660] [SEVERE ] updating countdown to 0
[20:06:58.671] [SEVERE ] removing card from slot 0
[20:06:58.681] [SEVERE ] removing card from slot 1
[20:06:58.692] [SEVERE ] removing card from slot 2
[20:06:58.703] [SEVERE ] removing card from slot 3
[20:06:58.713] [SEVERE ] removing card from slot 4
[20:06:58.723] [SEVERE ] removing card from slot 5
[20:06:58.733] [SEVERE ] removing card from slot 6
[20:06:58.744] [SEVERE ] removing card from slot 7
[20:06:58.754] [SEVERE ] removing card from slot 8
[20:06:58.765] [SEVERE ] removing card from slot 9
[20:06:58.775] [SEVERE ] removing card from slot 10
[20:06:58.786] [SEVERE ] removing card from slot 11
[20:06:58.788] [SEVERE ] announcing winner(s): player 3
[20:06:58.792] [INFO   ] thread dealer terminated.
[20:06:58.793] [INFO   ] thread dealer terminated.
[20:06:58.793] [SEVERE ] thanks for playing... it was fun!
[20:06:58.795] [INFO   ] thread main terminated.
