[19:48:38.175] [INFO   ] thread main starting.
[19:48:38.183] [SEVERE ] cannot read configuration file config.properties trying from resources.
[19:48:38.185] [SEVERE ] configuration file was loaded from resources directory.
[19:48:38.705] [INFO   ] thread dealer starting.
[19:48:38.707] [INFO   ] thread player number 1 starting.
[19:48:38.710] [INFO   ] thread player number 0 starting.
[19:48:38.713] [INFO   ] thread computer-0 starting.
[19:48:38.723] [INFO   ] Thread dealer found empty slot 0
[19:48:38.731] [INFO   ] thread computer-1 starting.
[19:48:38.824] [SEVERE ] placing card 56 in slot 0
[19:48:38.824] [SEVERE ] player 2 placing token on slot 0
[19:48:38.824] [INFO   ] Thread dealer found empty slot 1
[19:48:38.825] [INFO   ] actions size of computer-1 is 1
[19:48:38.825] [SEVERE ] removing player 2 token from slot 0
[19:48:38.825] [SEVERE ] player 1 placing token on slot 0
[19:48:38.827] [INFO   ] actions size of computer-0 is 1
[19:48:38.828] [SEVERE ] removing player 1 token from slot 0
[19:48:38.829] [SEVERE ] player 1 placing token on slot 0
[19:48:38.829] [INFO   ] actions size of computer-0 is 1
[19:48:38.826] [SEVERE ] player 2 placing token on slot 0
[19:48:38.830] [INFO   ] actions size of computer-1 is 1
[19:48:38.830] [SEVERE ] removing player 2 token from slot 0
[19:48:38.831] [SEVERE ] player 2 placing token on slot 0
[19:48:38.831] [INFO   ] actions size of computer-1 is 1
[19:48:38.831] [SEVERE ] removing player 2 token from slot 0
[19:48:38.831] [SEVERE ] player 2 placing token on slot 0
[19:48:38.831] [INFO   ] actions size of computer-1 is 1
[19:48:38.831] [SEVERE ] removing player 2 token from slot 0
[19:48:38.831] [SEVERE ] player 2 placing token on slot 0
[19:48:38.832] [INFO   ] actions size of computer-1 is 1
[19:48:38.832] [SEVERE ] removing player 2 token from slot 0
[19:48:38.832] [SEVERE ] player 2 placing token on slot 0
[19:48:38.832] [INFO   ] actions size of computer-1 is 1
[19:48:38.832] [SEVERE ] removing player 2 token from slot 0
[19:48:38.832] [SEVERE ] player 2 placing token on slot 0
[19:48:38.832] [INFO   ] actions size of computer-1 is 1
[19:48:38.832] [SEVERE ] removing player 2 token from slot 0
[19:48:38.832] [SEVERE ] player 2 placing token on slot 0
[19:48:38.833] [INFO   ] actions size of computer-1 is 1
[19:48:38.833] [SEVERE ] removing player 2 token from slot 0
[19:48:38.833] [SEVERE ] player 2 placing token on slot 0
[19:48:38.833] [INFO   ] actions size of computer-1 is 1
[19:48:38.833] [SEVERE ] removing player 2 token from slot 0
[19:48:38.833] [SEVERE ] player 2 placing token on slot 0
[19:48:38.833] [INFO   ] actions size of computer-1 is 1
[19:48:38.834] [SEVERE ] removing player 2 token from slot 0
[19:48:38.834] [SEVERE ] player 2 placing token on slot 0
[19:48:38.834] [INFO   ] actions size of computer-1 is 1
[19:48:38.834] [SEVERE ] removing player 2 token from slot 0
[19:48:38.834] [SEVERE ] player 2 placing token on slot 0
[19:48:38.834] [INFO   ] actions size of computer-1 is 1
[19:48:38.834] [SEVERE ] removing player 2 token from slot 0
[19:48:38.835] [SEVERE ] player 2 placing token on slot 0
[19:48:38.835] [INFO   ] actions size of computer-1 is 1
[19:48:38.835] [SEVERE ] removing player 2 token from slot 0
[19:48:38.830] [SEVERE ] removing player 1 token from slot 0
[19:48:38.836] [SEVERE ] player 2 placing token on slot 0
[19:48:38.837] [SEVERE ] player 1 placing token on slot 0
[19:48:38.837] [INFO   ] actions size of computer-1 is 1
[19:48:38.838] [SEVERE ] removing player 2 token from slot 0
[19:48:38.839] [SEVERE ] player 2 placing token on slot 0
[19:48:38.839] [INFO   ] actions size of computer-1 is 1
[19:48:38.839] [SEVERE ] removing player 2 token from slot 0
[19:48:38.839] [SEVERE ] player 2 placing token on slot 0
[19:48:38.839] [INFO   ] actions size of computer-1 is 1
[19:48:38.839] [SEVERE ] removing player 2 token from slot 0
[19:48:38.839] [SEVERE ] player 2 placing token on slot 0
[19:48:38.839] [INFO   ] actions size of computer-1 is 1
[19:48:38.840] [INFO   ] actions size of computer-0 is 1
[19:48:38.841] [SEVERE ] removing player 1 token from slot 0
[19:48:38.841] [SEVERE ] player 1 placing token on slot 0
[19:48:38.841] [INFO   ] actions size of computer-0 is 1
[19:48:38.842] [SEVERE ] removing player 1 token from slot 0
[19:48:38.843] [SEVERE ] player 1 placing token on slot 0
[19:48:38.846] [INFO   ] actions size of computer-0 is 1
[19:48:38.846] [SEVERE ] removing player 1 token from slot 0
[19:48:38.850] [SEVERE ] player 1 placing token on slot 0
[19:48:38.851] [INFO   ] actions size of computer-0 is 1
[19:48:38.851] [SEVERE ] removing player 1 token from slot 0
[19:48:38.852] [SEVERE ] player 1 placing token on slot 0
[19:48:38.853] [INFO   ] actions size of computer-0 is 1
[19:48:38.853] [SEVERE ] removing player 1 token from slot 0
[19:48:38.853] [SEVERE ] player 1 placing token on slot 0
[19:48:38.853] [INFO   ] actions size of computer-0 is 1
[19:48:38.853] [SEVERE ] removing player 1 token from slot 0
[19:48:38.855] [SEVERE ] player 1 placing token on slot 0
[19:48:38.855] [SEVERE ] removing player 2 token from slot 0
[19:48:38.856] [SEVERE ] player 2 placing token on slot 0
[19:48:38.856] [INFO   ] actions size of computer-1 is 1
[19:48:38.856] [SEVERE ] removing player 2 token from slot 0
[19:48:38.856] [SEVERE ] player 2 placing token on slot 0
[19:48:38.856] [INFO   ] actions size of computer-1 is 1
[19:48:38.856] [SEVERE ] removing player 2 token from slot 0
[19:48:38.857] [SEVERE ] player 2 placing token on slot 0
[19:48:38.858] [INFO   ] actions size of computer-1 is 1
[19:48:38.858] [SEVERE ] removing player 2 token from slot 0
[19:48:38.859] [SEVERE ] player 2 placing token on slot 0
[19:48:38.860] [INFO   ] actions size of computer-1 is 1
[19:48:38.862] [SEVERE ] removing player 2 token from slot 0
[19:48:38.863] [SEVERE ] player 2 placing token on slot 0
[19:48:38.863] [INFO   ] actions size of computer-1 is 1
[19:48:38.863] [SEVERE ] removing player 2 token from slot 0
[19:48:38.863] [SEVERE ] player 2 placing token on slot 0
[19:48:38.864] [INFO   ] actions size of computer-1 is 1
[19:48:38.864] [SEVERE ] removing player 2 token from slot 0
[19:48:38.864] [SEVERE ] player 2 placing token on slot 0
[19:48:38.864] [INFO   ] actions size of computer-1 is 1
[19:48:38.864] [SEVERE ] removing player 2 token from slot 0
[19:48:38.865] [SEVERE ] player 2 placing token on slot 0
[19:48:38.865] [INFO   ] actions size of computer-1 is 1
[19:48:38.865] [SEVERE ] removing player 2 token from slot 0
[19:48:38.865] [SEVERE ] player 2 placing token on slot 0
[19:48:38.865] [INFO   ] actions size of computer-1 is 1
[19:48:38.865] [SEVERE ] removing player 2 token from slot 0
[19:48:38.865] [SEVERE ] player 2 placing token on slot 0
[19:48:38.865] [INFO   ] actions size of computer-1 is 1
[19:48:38.865] [SEVERE ] removing player 2 token from slot 0
[19:48:38.866] [SEVERE ] player 2 placing token on slot 0
[19:48:38.866] [INFO   ] actions size of computer-1 is 1
[19:48:38.866] [SEVERE ] removing player 2 token from slot 0
[19:48:38.855] [INFO   ] actions size of computer-0 is 1
[19:48:38.867] [SEVERE ] removing player 1 token from slot 0
[19:48:38.867] [SEVERE ] player 1 placing token on slot 0
[19:48:38.868] [INFO   ] actions size of computer-0 is 1
[19:48:38.868] [SEVERE ] removing player 1 token from slot 0
[19:48:38.868] [SEVERE ] player 1 placing token on slot 0
[19:48:38.868] [INFO   ] actions size of computer-0 is 1
[19:48:38.868] [SEVERE ] removing player 1 token from slot 0
[19:48:38.868] [SEVERE ] player 1 placing token on slot 0
[19:48:38.868] [INFO   ] actions size of computer-0 is 1
[19:48:38.869] [SEVERE ] removing player 1 token from slot 0
[19:48:38.869] [SEVERE ] player 1 placing token on slot 0
[19:48:38.869] [INFO   ] actions size of computer-0 is 1
[19:48:38.869] [SEVERE ] removing player 1 token from slot 0
[19:48:38.869] [SEVERE ] player 1 placing token on slot 0
[19:48:38.869] [INFO   ] actions size of computer-0 is 1
[19:48:38.869] [SEVERE ] removing player 1 token from slot 0
[19:48:38.870] [SEVERE ] player 1 placing token on slot 0
[19:48:38.870] [INFO   ] actions size of computer-0 is 1
[19:48:38.870] [SEVERE ] removing player 1 token from slot 0
[19:48:38.870] [SEVERE ] player 1 placing token on slot 0
[19:48:38.870] [INFO   ] actions size of computer-0 is 1
[19:48:38.870] [SEVERE ] removing player 1 token from slot 0
[19:48:38.867] [SEVERE ] player 2 placing token on slot 0
[19:48:38.872] [INFO   ] actions size of computer-1 is 1
[19:48:38.872] [SEVERE ] removing player 2 token from slot 0
[19:48:38.873] [SEVERE ] player 2 placing token on slot 0
[19:48:38.873] [INFO   ] actions size of computer-1 is 1
[19:48:38.874] [SEVERE ] removing player 2 token from slot 0
[19:48:38.871] [SEVERE ] player 1 placing token on slot 0
[19:48:38.875] [INFO   ] actions size of computer-0 is 1
[19:48:38.874] [SEVERE ] player 2 placing token on slot 0
[19:48:38.879] [INFO   ] actions size of computer-1 is 1
[19:48:38.879] [SEVERE ] removing player 2 token from slot 0
[19:48:38.879] [SEVERE ] player 2 placing token on slot 0
[19:48:38.879] [INFO   ] actions size of computer-1 is 1
[19:48:38.879] [SEVERE ] removing player 2 token from slot 0
[19:48:38.879] [SEVERE ] removing player 1 token from slot 0
[19:48:38.879] [SEVERE ] player 2 placing token on slot 0
[19:48:38.880] [SEVERE ] player 1 placing token on slot 0
[19:48:38.881] [INFO   ] actions size of computer-0 is 1
[19:48:38.881] [SEVERE ] removing player 1 token from slot 0
[19:48:38.880] [INFO   ] actions size of computer-1 is 1
[19:48:38.882] [SEVERE ] removing player 2 token from slot 0
[19:48:38.882] [SEVERE ] player 1 placing token on slot 0
[19:48:38.882] [SEVERE ] player 2 placing token on slot 0
[19:48:38.883] [INFO   ] actions size of computer-1 is 1
[19:48:38.882] [INFO   ] actions size of computer-0 is 1
[19:48:38.888] [SEVERE ] removing player 1 token from slot 0
[19:48:38.889] [SEVERE ] player 1 placing token on slot 0
[19:48:38.889] [INFO   ] actions size of computer-0 is 1
[19:48:38.889] [SEVERE ] removing player 1 token from slot 0
[19:48:38.890] [SEVERE ] player 1 placing token on slot 0
[19:48:38.890] [INFO   ] actions size of computer-0 is 1
[19:48:38.890] [SEVERE ] removing player 1 token from slot 0
[19:48:38.890] [SEVERE ] player 1 placing token on slot 0
[19:48:38.890] [INFO   ] actions size of computer-0 is 1
[19:48:38.890] [SEVERE ] removing player 1 token from slot 0
[19:48:38.890] [SEVERE ] player 1 placing token on slot 0
[19:48:38.894] [INFO   ] actions size of computer-0 is 1
[19:48:38.895] [SEVERE ] removing player 1 token from slot 0
[19:48:38.896] [SEVERE ] player 1 placing token on slot 0
[19:48:38.897] [INFO   ] actions size of computer-0 is 1
[19:48:38.897] [SEVERE ] removing player 1 token from slot 0
[19:48:38.887] [SEVERE ] removing player 2 token from slot 0
[19:48:38.899] [SEVERE ] player 2 placing token on slot 0
[19:48:38.900] [INFO   ] actions size of computer-1 is 1
[19:48:38.900] [SEVERE ] removing player 2 token from slot 0
[19:48:38.900] [SEVERE ] player 1 placing token on slot 0
[19:48:38.900] [INFO   ] actions size of computer-0 is 1
[19:48:38.900] [SEVERE ] removing player 1 token from slot 0
[19:48:38.900] [SEVERE ] player 1 placing token on slot 0
[19:48:38.900] [INFO   ] actions size of computer-0 is 1
[19:48:38.900] [SEVERE ] removing player 1 token from slot 0
[19:48:38.901] [SEVERE ] player 2 placing token on slot 0
[19:48:38.902] [SEVERE ] player 1 placing token on slot 0
[19:48:38.904] [INFO   ] actions size of computer-0 is 1
[19:48:38.902] [INFO   ] actions size of computer-1 is 1
[19:48:38.909] [SEVERE ] removing player 2 token from slot 0
[19:48:38.908] [SEVERE ] removing player 1 token from slot 0
[19:48:38.909] [SEVERE ] player 1 placing token on slot 0
[19:48:38.910] [INFO   ] actions size of computer-0 is 1
[19:48:38.910] [SEVERE ] removing player 1 token from slot 0
[19:48:38.910] [SEVERE ] player 1 placing token on slot 0
[19:48:38.910] [INFO   ] actions size of computer-0 is 1
[19:48:38.910] [SEVERE ] removing player 1 token from slot 0
[19:48:38.911] [SEVERE ] player 1 placing token on slot 0
[19:48:38.911] [INFO   ] actions size of computer-0 is 1
[19:48:38.911] [SEVERE ] removing player 1 token from slot 0
[19:48:38.912] [SEVERE ] player 1 placing token on slot 0
[19:48:38.912] [INFO   ] actions size of computer-0 is 1
[19:48:38.913] [SEVERE ] removing player 1 token from slot 0
[19:48:38.913] [SEVERE ] player 1 placing token on slot 0
[19:48:38.913] [INFO   ] actions size of computer-0 is 1
[19:48:38.913] [SEVERE ] removing player 1 token from slot 0
[19:48:38.914] [SEVERE ] player 1 placing token on slot 0
[19:48:38.914] [INFO   ] actions size of computer-0 is 1
[19:48:38.914] [SEVERE ] removing player 1 token from slot 0
[19:48:38.915] [SEVERE ] player 1 placing token on slot 0
[19:48:38.915] [SEVERE ] player 2 placing token on slot 0
[19:48:38.916] [INFO   ] actions size of computer-1 is 1
[19:48:38.915] [INFO   ] actions size of computer-0 is 1
[19:48:38.917] [SEVERE ] removing player 1 token from slot 0
[19:48:38.918] [SEVERE ] player 1 placing token on slot 0
[19:48:38.917] [SEVERE ] removing player 2 token from slot 0
[19:48:38.918] [INFO   ] actions size of computer-0 is 1
[19:48:38.919] [SEVERE ] removing player 1 token from slot 0
[19:48:38.920] [SEVERE ] player 1 placing token on slot 0
[19:48:38.920] [INFO   ] actions size of computer-0 is 1
[19:48:38.920] [SEVERE ] removing player 1 token from slot 0
[19:48:38.920] [SEVERE ] player 1 placing token on slot 0
[19:48:38.920] [INFO   ] actions size of computer-0 is 1
[19:48:38.920] [SEVERE ] removing player 1 token from slot 0
[19:48:38.920] [SEVERE ] player 1 placing token on slot 0
[19:48:38.920] [INFO   ] actions size of computer-0 is 1
[19:48:38.921] [SEVERE ] removing player 1 token from slot 0
[19:48:38.921] [SEVERE ] player 1 placing token on slot 0
[19:48:38.921] [INFO   ] actions size of computer-0 is 1
[19:48:38.921] [SEVERE ] removing player 1 token from slot 0
[19:48:38.921] [SEVERE ] player 1 placing token on slot 0
[19:48:38.921] [INFO   ] actions size of computer-0 is 1
[19:48:38.921] [SEVERE ] removing player 1 token from slot 0
[19:48:38.921] [SEVERE ] player 1 placing token on slot 0
[19:48:38.921] [INFO   ] actions size of computer-0 is 1
[19:48:38.921] [SEVERE ] removing player 1 token from slot 0
[19:48:38.922] [SEVERE ] player 1 placing token on slot 0
[19:48:38.922] [INFO   ] actions size of computer-0 is 1
[19:48:38.922] [SEVERE ] removing player 1 token from slot 0
[19:48:38.922] [SEVERE ] player 1 placing token on slot 0
[19:48:38.922] [INFO   ] actions size of computer-0 is 1
[19:48:38.922] [SEVERE ] removing player 1 token from slot 0
[19:48:38.922] [SEVERE ] player 1 placing token on slot 0
[19:48:38.922] [INFO   ] actions size of computer-0 is 1
[19:48:38.923] [SEVERE ] removing player 1 token from slot 0
[19:48:38.924] [SEVERE ] player 1 placing token on slot 0
[19:48:38.924] [INFO   ] actions size of computer-0 is 1
[19:48:38.929] [SEVERE ] placing card 4 in slot 1
[19:48:38.930] [INFO   ] Thread dealer found empty slot 2
[19:48:38.919] [SEVERE ] player 2 placing token on slot 0
[19:48:38.931] [INFO   ] actions size of computer-1 is 1
[19:48:38.932] [SEVERE ] removing player 2 token from slot 0
[19:48:38.935] [SEVERE ] player 2 placing token on slot 0
[19:48:38.936] [INFO   ] actions size of computer-1 is 1
[19:48:38.936] [SEVERE ] player 2 placing token on slot 1
[19:48:38.936] [INFO   ] actions size of computer-1 is 2
[19:48:38.937] [SEVERE ] removing player 2 token from slot 1
[19:48:38.937] [SEVERE ] removing player 2 token from slot 0
[19:48:38.937] [SEVERE ] player 2 placing token on slot 1
[19:48:38.937] [INFO   ] actions size of computer-1 is 1
[19:48:38.937] [SEVERE ] removing player 2 token from slot 1
[19:48:38.937] [SEVERE ] player 2 placing token on slot 1
[19:48:38.937] [INFO   ] actions size of computer-1 is 1
[19:48:38.937] [SEVERE ] player 2 placing token on slot 0
[19:48:38.937] [INFO   ] actions size of computer-1 is 2
[19:48:38.938] [SEVERE ] removing player 2 token from slot 1
[19:48:38.938] [SEVERE ] removing player 2 token from slot 0
[19:48:38.938] [SEVERE ] player 2 placing token on slot 0
[19:48:38.938] [INFO   ] actions size of computer-1 is 1
[19:48:38.938] [SEVERE ] removing player 2 token from slot 0
[19:48:38.938] [SEVERE ] player 2 placing token on slot 1
[19:48:38.938] [INFO   ] actions size of computer-1 is 1
[19:48:38.938] [SEVERE ] player 2 placing token on slot 0
[19:48:38.938] [INFO   ] actions size of computer-1 is 2
[19:48:38.938] [SEVERE ] removing player 2 token from slot 1
[19:48:38.938] [SEVERE ] removing player 2 token from slot 0
[19:48:38.938] [SEVERE ] player 2 placing token on slot 0
[19:48:38.938] [INFO   ] actions size of computer-1 is 1
[19:48:38.939] [SEVERE ] player 2 placing token on slot 1
[19:48:38.939] [INFO   ] actions size of computer-1 is 2
[19:48:38.939] [SEVERE ] removing player 2 token from slot 0
[19:48:38.939] [SEVERE ] player 2 placing token on slot 0
[19:48:38.939] [INFO   ] actions size of computer-1 is 2
[19:48:38.939] [SEVERE ] removing player 2 token from slot 1
[19:48:38.939] [SEVERE ] removing player 2 token from slot 0
[19:48:38.941] [SEVERE ] removing player 1 token from slot 0
[19:48:38.941] [SEVERE ] player 1 placing token on slot 1
[19:48:38.941] [INFO   ] actions size of computer-0 is 1
[19:48:38.941] [SEVERE ] removing player 1 token from slot 1
[19:48:38.941] [SEVERE ] player 1 placing token on slot 1
[19:48:38.942] [INFO   ] actions size of computer-0 is 1
[19:48:38.942] [SEVERE ] removing player 1 token from slot 1
[19:48:38.944] [SEVERE ] player 1 placing token on slot 1
[19:48:38.944] [INFO   ] actions size of computer-0 is 1
[19:48:38.945] [SEVERE ] player 1 placing token on slot 0
[19:48:38.945] [INFO   ] actions size of computer-0 is 2
[19:48:38.945] [SEVERE ] removing player 1 token from slot 1
[19:48:38.946] [SEVERE ] removing player 1 token from slot 0
[19:48:38.946] [SEVERE ] player 1 placing token on slot 1
[19:48:38.946] [INFO   ] actions size of computer-0 is 1
[19:48:38.946] [SEVERE ] player 1 placing token on slot 0
[19:48:38.946] [INFO   ] actions size of computer-0 is 2
[19:48:38.946] [SEVERE ] removing player 1 token from slot 0
[19:48:38.946] [SEVERE ] removing player 1 token from slot 1
[19:48:38.946] [SEVERE ] player 1 placing token on slot 0
[19:48:38.946] [INFO   ] actions size of computer-0 is 1
[19:48:38.946] [SEVERE ] removing player 1 token from slot 0
[19:48:38.946] [SEVERE ] player 1 placing token on slot 1
[19:48:38.946] [INFO   ] actions size of computer-0 is 1
[19:48:38.946] [SEVERE ] player 1 placing token on slot 0
[19:48:38.946] [INFO   ] actions size of computer-0 is 2
[19:48:38.946] [SEVERE ] removing player 1 token from slot 1
[19:48:38.946] [SEVERE ] removing player 1 token from slot 0
[19:48:38.946] [SEVERE ] player 1 placing token on slot 1
[19:48:38.946] [INFO   ] actions size of computer-0 is 1
[19:48:38.946] [SEVERE ] player 1 placing token on slot 0
[19:48:38.947] [INFO   ] actions size of computer-0 is 2
[19:48:38.947] [SEVERE ] removing player 1 token from slot 1
[19:48:38.947] [SEVERE ] removing player 1 token from slot 0
[19:48:38.947] [SEVERE ] player 1 placing token on slot 1
[19:48:38.947] [INFO   ] actions size of computer-0 is 1
[19:48:38.947] [SEVERE ] player 1 placing token on slot 0
[19:48:38.947] [INFO   ] actions size of computer-0 is 2
[19:48:38.947] [SEVERE ] removing player 1 token from slot 0
[19:48:38.947] [SEVERE ] removing player 1 token from slot 1
[19:48:38.947] [SEVERE ] player 1 placing token on slot 1
[19:48:38.947] [INFO   ] actions size of computer-0 is 1
[19:48:38.947] [SEVERE ] player 1 placing token on slot 0
[19:48:38.947] [INFO   ] actions size of computer-0 is 2
[19:48:38.947] [SEVERE ] removing player 1 token from slot 0
[19:48:38.947] [SEVERE ] player 1 placing token on slot 0
[19:48:38.947] [INFO   ] actions size of computer-0 is 2
[19:48:38.947] [SEVERE ] removing player 1 token from slot 1
[19:48:38.948] [SEVERE ] removing player 1 token from slot 0
[19:48:38.948] [SEVERE ] player 1 placing token on slot 0
[19:48:38.948] [INFO   ] actions size of computer-0 is 1
[19:48:38.948] [SEVERE ] removing player 1 token from slot 0
[19:48:38.948] [SEVERE ] player 1 placing token on slot 1
[19:48:38.948] [INFO   ] actions size of computer-0 is 1
[19:48:38.948] [SEVERE ] player 1 placing token on slot 0
[19:48:38.948] [INFO   ] actions size of computer-0 is 2
[19:48:38.948] [SEVERE ] removing player 1 token from slot 1
[19:48:38.948] [SEVERE ] player 1 placing token on slot 1
[19:48:38.948] [INFO   ] actions size of computer-0 is 2
[19:48:38.948] [SEVERE ] removing player 1 token from slot 1
[19:48:38.948] [SEVERE ] player 1 placing token on slot 1
[19:48:38.948] [INFO   ] actions size of computer-0 is 2
[19:48:38.948] [SEVERE ] removing player 1 token from slot 0
[19:48:38.948] [SEVERE ] removing player 1 token from slot 1
[19:48:38.948] [SEVERE ] player 1 placing token on slot 1
[19:48:38.948] [INFO   ] actions size of computer-0 is 1
[19:48:38.949] [SEVERE ] removing player 1 token from slot 1
[19:48:38.949] [SEVERE ] player 1 placing token on slot 0
[19:48:38.949] [INFO   ] actions size of computer-0 is 1
[19:48:38.949] [SEVERE ] player 1 placing token on slot 1
[19:48:38.949] [INFO   ] actions size of computer-0 is 2
[19:48:38.949] [SEVERE ] removing player 1 token from slot 1
[19:48:38.949] [SEVERE ] removing player 1 token from slot 0
[19:48:38.949] [SEVERE ] player 1 placing token on slot 0
[19:48:38.949] [INFO   ] actions size of computer-0 is 1
[19:48:38.949] [SEVERE ] player 1 placing token on slot 1
[19:48:38.949] [INFO   ] actions size of computer-0 is 2
[19:48:38.949] [SEVERE ] removing player 1 token from slot 1
[19:48:38.949] [SEVERE ] player 1 placing token on slot 1
[19:48:38.949] [INFO   ] actions size of computer-0 is 2
[19:48:38.949] [SEVERE ] removing player 1 token from slot 0
[19:48:38.949] [SEVERE ] player 1 placing token on slot 0
[19:48:38.949] [INFO   ] actions size of computer-0 is 2
[19:48:38.949] [SEVERE ] removing player 1 token from slot 1
[19:48:38.950] [SEVERE ] removing player 1 token from slot 0
[19:48:38.950] [SEVERE ] player 1 placing token on slot 0
[19:48:38.950] [INFO   ] actions size of computer-0 is 1
[19:48:38.950] [SEVERE ] player 1 placing token on slot 1
[19:48:38.950] [INFO   ] actions size of computer-0 is 2
[19:48:38.950] [SEVERE ] removing player 1 token from slot 0
[19:48:38.950] [SEVERE ] player 1 placing token on slot 0
[19:48:38.950] [INFO   ] actions size of computer-0 is 2
[19:48:38.950] [SEVERE ] removing player 1 token from slot 1
[19:48:38.950] [SEVERE ] player 1 placing token on slot 1
[19:48:38.950] [INFO   ] actions size of computer-0 is 2
[19:48:38.950] [SEVERE ] removing player 1 token from slot 0
[19:48:38.954] [SEVERE ] removing player 1 token from slot 1
[19:48:38.954] [SEVERE ] player 1 placing token on slot 0
[19:48:38.954] [INFO   ] actions size of computer-0 is 1
[19:48:38.954] [SEVERE ] removing player 1 token from slot 0
[19:48:38.954] [SEVERE ] player 1 placing token on slot 0
[19:48:38.955] [INFO   ] actions size of computer-0 is 1
[19:48:38.955] [SEVERE ] removing player 1 token from slot 0
[19:48:38.955] [SEVERE ] player 1 placing token on slot 0
[19:48:38.955] [INFO   ] actions size of computer-0 is 1
[19:48:38.955] [SEVERE ] removing player 1 token from slot 0
[19:48:38.955] [SEVERE ] player 1 placing token on slot 0
[19:48:38.955] [SEVERE ] player 2 placing token on slot 1
[19:48:38.955] [INFO   ] actions size of computer-1 is 1
[19:48:38.956] [SEVERE ] player 2 placing token on slot 0
[19:48:38.957] [INFO   ] actions size of computer-1 is 2
[19:48:38.957] [SEVERE ] removing player 2 token from slot 0
[19:48:38.955] [INFO   ] actions size of computer-0 is 1
[19:48:38.972] [SEVERE ] player 1 placing token on slot 1
[19:48:38.972] [SEVERE ] removing player 2 token from slot 1
[19:48:38.973] [INFO   ] actions size of computer-0 is 2
[19:48:38.974] [SEVERE ] removing player 1 token from slot 1
[19:48:38.973] [SEVERE ] player 2 placing token on slot 0
[19:48:38.974] [SEVERE ] removing player 1 token from slot 0
[19:48:38.975] [INFO   ] actions size of computer-1 is 1
[19:48:39.002] [SEVERE ] player 2 placing token on slot 1
[19:48:39.002] [SEVERE ] player 1 placing token on slot 0
[19:48:39.003] [INFO   ] actions size of computer-1 is 2
[19:48:39.004] [SEVERE ] removing player 2 token from slot 0
[19:48:39.003] [INFO   ] actions size of computer-0 is 1
[19:48:39.005] [SEVERE ] player 1 placing token on slot 1
[19:48:39.004] [SEVERE ] player 2 placing token on slot 0
[19:48:39.005] [INFO   ] actions size of computer-0 is 2
[19:48:39.007] [INFO   ] actions size of computer-1 is 2
[19:48:39.008] [SEVERE ] removing player 2 token from slot 0
[19:48:39.007] [SEVERE ] removing player 1 token from slot 1
[19:48:39.008] [SEVERE ] removing player 2 token from slot 1
[19:48:39.015] [SEVERE ] removing player 1 token from slot 0
[19:48:39.015] [SEVERE ] player 2 placing token on slot 0
[19:48:39.017] [INFO   ] actions size of computer-1 is 1
[19:48:39.017] [SEVERE ] player 2 placing token on slot 1
[19:48:39.018] [INFO   ] actions size of computer-1 is 2
[19:48:39.018] [SEVERE ] removing player 2 token from slot 0
[19:48:39.019] [SEVERE ] removing player 2 token from slot 1
[19:48:39.019] [SEVERE ] player 2 placing token on slot 0
[19:48:39.016] [SEVERE ] player 1 placing token on slot 0
[19:48:39.020] [INFO   ] actions size of computer-1 is 1
[19:48:39.020] [SEVERE ] player 2 placing token on slot 1
[19:48:39.020] [INFO   ] actions size of computer-0 is 1
[19:48:39.021] [INFO   ] actions size of computer-1 is 2
[19:48:39.022] [SEVERE ] removing player 2 token from slot 0
[19:48:39.022] [SEVERE ] player 2 placing token on slot 0
[19:48:39.022] [INFO   ] actions size of computer-1 is 2
[19:48:39.022] [SEVERE ] removing player 2 token from slot 0
[19:48:39.022] [SEVERE ] player 2 placing token on slot 0
[19:48:39.022] [INFO   ] actions size of computer-1 is 2
[19:48:39.022] [SEVERE ] removing player 2 token from slot 1
[19:48:39.022] [SEVERE ] removing player 2 token from slot 0
[19:48:39.022] [SEVERE ] player 2 placing token on slot 0
[19:48:39.022] [INFO   ] actions size of computer-1 is 1
[19:48:39.022] [SEVERE ] player 2 placing token on slot 1
[19:48:39.022] [INFO   ] actions size of computer-1 is 2
[19:48:39.022] [SEVERE ] removing player 2 token from slot 1
[19:48:39.022] [SEVERE ] player 2 placing token on slot 1
[19:48:39.022] [INFO   ] actions size of computer-1 is 2
[19:48:39.022] [SEVERE ] removing player 2 token from slot 1
[19:48:39.022] [SEVERE ] removing player 2 token from slot 0
[19:48:39.023] [SEVERE ] player 2 placing token on slot 0
[19:48:39.023] [INFO   ] actions size of computer-1 is 1
[19:48:39.023] [SEVERE ] removing player 2 token from slot 0
[19:48:39.023] [SEVERE ] player 2 placing token on slot 0
[19:48:39.023] [INFO   ] actions size of computer-1 is 1
[19:48:39.023] [SEVERE ] player 2 placing token on slot 1
[19:48:39.023] [INFO   ] actions size of computer-1 is 2
[19:48:39.023] [SEVERE ] removing player 2 token from slot 0
[19:48:39.023] [SEVERE ] removing player 2 token from slot 1
[19:48:39.023] [SEVERE ] player 2 placing token on slot 0
[19:48:39.023] [INFO   ] actions size of computer-1 is 1
[19:48:39.023] [SEVERE ] removing player 2 token from slot 0
[19:48:39.023] [SEVERE ] player 2 placing token on slot 0
[19:48:39.023] [INFO   ] actions size of computer-1 is 1
[19:48:39.023] [SEVERE ] player 2 placing token on slot 1
[19:48:39.023] [INFO   ] actions size of computer-1 is 2
[19:48:39.023] [SEVERE ] removing player 2 token from slot 0
[19:48:39.023] [SEVERE ] removing player 2 token from slot 1
[19:48:39.023] [SEVERE ] player 2 placing token on slot 1
[19:48:39.024] [INFO   ] actions size of computer-1 is 1
[19:48:39.024] [SEVERE ] removing player 2 token from slot 1
[19:48:39.024] [SEVERE ] player 2 placing token on slot 1
[19:48:39.024] [INFO   ] actions size of computer-1 is 1
[19:48:39.024] [SEVERE ] player 2 placing token on slot 0
[19:48:39.024] [INFO   ] actions size of computer-1 is 2
[19:48:39.024] [SEVERE ] removing player 2 token from slot 0
[19:48:39.024] [SEVERE ] player 2 placing token on slot 0
[19:48:39.024] [INFO   ] actions size of computer-1 is 2
[19:48:39.024] [SEVERE ] removing player 2 token from slot 1
[19:48:39.024] [SEVERE ] player 2 placing token on slot 1
[19:48:39.024] [INFO   ] actions size of computer-1 is 2
[19:48:39.024] [SEVERE ] removing player 2 token from slot 1
[19:48:39.024] [SEVERE ] removing player 2 token from slot 0
[19:48:39.024] [SEVERE ] player 2 placing token on slot 0
[19:48:39.024] [INFO   ] actions size of computer-1 is 1
[19:48:39.024] [SEVERE ] removing player 2 token from slot 0
[19:48:39.024] [SEVERE ] player 2 placing token on slot 1
[19:48:39.024] [INFO   ] actions size of computer-1 is 1
[19:48:39.024] [SEVERE ] player 2 placing token on slot 0
[19:48:39.024] [INFO   ] actions size of computer-1 is 2
[19:48:39.025] [SEVERE ] removing player 2 token from slot 0
[19:48:39.025] [SEVERE ] player 2 placing token on slot 0
[19:48:39.025] [INFO   ] actions size of computer-1 is 2
[19:48:39.025] [SEVERE ] removing player 2 token from slot 0
[19:48:39.025] [SEVERE ] removing player 2 token from slot 1
[19:48:39.025] [SEVERE ] player 2 placing token on slot 1
[19:48:39.025] [INFO   ] actions size of computer-1 is 1
[19:48:39.025] [SEVERE ] removing player 2 token from slot 1
[19:48:39.025] [SEVERE ] player 2 placing token on slot 0
[19:48:39.025] [INFO   ] actions size of computer-1 is 1
[19:48:39.025] [SEVERE ] removing player 2 token from slot 0
[19:48:39.025] [SEVERE ] player 2 placing token on slot 0
[19:48:39.025] [INFO   ] actions size of computer-1 is 1
[19:48:39.025] [SEVERE ] player 2 placing token on slot 1
[19:48:39.025] [INFO   ] actions size of computer-1 is 2
[19:48:39.025] [SEVERE ] removing player 2 token from slot 1
[19:48:39.026] [SEVERE ] removing player 2 token from slot 0
[19:48:39.026] [SEVERE ] player 2 placing token on slot 1
[19:48:39.026] [INFO   ] actions size of computer-1 is 1
[19:48:39.026] [SEVERE ] player 2 placing token on slot 0
[19:48:39.026] [INFO   ] actions size of computer-1 is 2
[19:48:39.026] [SEVERE ] removing player 2 token from slot 1
[19:48:39.026] [SEVERE ] removing player 2 token from slot 0
[19:48:39.026] [SEVERE ] player 2 placing token on slot 0
[19:48:39.026] [INFO   ] actions size of computer-1 is 1
[19:48:39.026] [SEVERE ] player 2 placing token on slot 1
[19:48:39.026] [INFO   ] actions size of computer-1 is 2
[19:48:39.026] [SEVERE ] removing player 2 token from slot 1
[19:48:39.026] [SEVERE ] removing player 2 token from slot 0
[19:48:39.027] [SEVERE ] player 2 placing token on slot 0
[19:48:39.027] [INFO   ] actions size of computer-1 is 1
[19:48:39.027] [SEVERE ] removing player 2 token from slot 0
[19:48:39.027] [SEVERE ] player 2 placing token on slot 1
[19:48:39.027] [INFO   ] actions size of computer-1 is 1
[19:48:39.027] [SEVERE ] removing player 2 token from slot 1
[19:48:39.027] [SEVERE ] player 2 placing token on slot 0
[19:48:39.027] [INFO   ] actions size of computer-1 is 1
[19:48:39.027] [SEVERE ] removing player 2 token from slot 0
[19:48:39.027] [SEVERE ] player 2 placing token on slot 1
[19:48:39.027] [INFO   ] actions size of computer-1 is 1
[19:48:39.031] [SEVERE ] removing player 2 token from slot 1
[19:48:39.030] [SEVERE ] placing card 17 in slot 2
[19:48:39.033] [SEVERE ] player 2 placing token on slot 1
[19:48:39.033] [INFO   ] actions size of computer-1 is 1
[19:48:39.033] [INFO   ] Thread dealer found empty slot 3
[19:48:39.034] [SEVERE ] removing player 2 token from slot 1
[19:48:39.035] [SEVERE ] player 2 placing token on slot 2
[19:48:39.035] [INFO   ] actions size of computer-1 is 1
[19:48:39.036] [SEVERE ] player 2 placing token on slot 1
[19:48:39.036] [INFO   ] actions size of computer-1 is 2
[19:48:39.037] [SEVERE ] removing player 2 token from slot 2
[19:48:39.037] [SEVERE ] removing player 2 token from slot 1
[19:48:39.037] [SEVERE ] player 2 placing token on slot 2
[19:48:39.037] [INFO   ] actions size of computer-1 is 1
[19:48:39.037] [SEVERE ] removing player 2 token from slot 2
[19:48:39.037] [SEVERE ] player 2 placing token on slot 1
[19:48:39.037] [INFO   ] actions size of computer-1 is 1
[19:48:39.038] [SEVERE ] player 1 placing token on slot 1
[19:48:39.038] [SEVERE ] player 2 placing token on slot 2
[19:48:39.039] [INFO   ] actions size of computer-0 is 2
[19:48:39.040] [SEVERE ] player 1 placing token on slot 2
[19:48:39.039] [INFO   ] actions size of computer-1 is 2
[19:48:39.041] [SEVERE ] removing player 2 token from slot 1
[19:48:39.041] [SEVERE ] player 2 placing token on slot 1
[19:48:39.042] [INFO   ] actions size of computer-1 is 2
[19:48:39.043] [SEVERE ] player 2 placing token on slot 0
[19:48:39.040] [INFO   ] actions size of computer-0 is 3
[19:48:39.043] [INFO   ] actions size of computer-1 is 3
[19:48:39.044] [INFO   ] tread computer-1 set added
[19:48:39.045] [INFO   ] num of sets to check 2
[19:48:39.045] [INFO   ] tread computer-0 set added
[19:48:39.045] [INFO   ] num of sets to check 2
[19:48:39.134] [SEVERE ] placing card 37 in slot 3
[19:48:39.136] [INFO   ] Thread dealer found empty slot 4
[19:48:39.236] [SEVERE ] placing card 61 in slot 4
[19:48:39.237] [INFO   ] Thread dealer found empty slot 5
[19:48:39.338] [SEVERE ] placing card 49 in slot 5
[19:48:39.338] [INFO   ] Thread dealer found empty slot 6
[19:48:39.439] [SEVERE ] placing card 29 in slot 6
[19:48:39.439] [INFO   ] Thread dealer found empty slot 7
[19:48:39.540] [SEVERE ] placing card 54 in slot 7
[19:48:39.540] [INFO   ] Thread dealer found empty slot 8
[19:48:39.641] [SEVERE ] placing card 59 in slot 8
[19:48:39.641] [INFO   ] Thread dealer found empty slot 9
[19:48:39.742] [SEVERE ] placing card 21 in slot 9
[19:48:39.743] [INFO   ] Thread dealer found empty slot 10
[19:48:39.844] [SEVERE ] placing card 25 in slot 10
[19:48:39.845] [INFO   ] Thread dealer found empty slot 11
[19:48:39.846] [INFO   ] Thread dealer found empty slot 11
[19:48:39.947] [SEVERE ] placing card 8 in slot 11
[19:48:40.048] [SEVERE ] updating countdown to 15900
[19:48:40.050] [INFO   ] Thread dealer checking set.
[19:48:40.050] [INFO   ] Thread dealer say : this is not set!!!!!.
[19:48:40.051] [INFO   ] Thread dealer change state to -1
[19:48:40.052] [INFO   ] Thread dealer change setCheck to 1
[19:48:40.052] [INFO   ] Thread dealer checking set.
[19:48:40.053] [SEVERE ] setting player 1 freeze to 500
[19:48:40.053] [INFO   ] Thread dealer say : this is not set!!!!!.
[19:48:40.055] [INFO   ] Thread dealer change state to -1
[19:48:40.055] [INFO   ] Thread dealer change setCheck to 1
[19:48:40.056] [SEVERE ] setting player 2 freeze to 500
[19:48:40.156] [SEVERE ] updating countdown to 15792
[19:48:40.257] [SEVERE ] updating countdown to 15691
[19:48:40.358] [SEVERE ] updating countdown to 15590
[19:48:40.459] [SEVERE ] updating countdown to 15489
[19:48:40.555] [SEVERE ] removing player 1 token from slot 0
[19:48:40.556] [SEVERE ] removing player 1 token from slot 1
[19:48:40.556] [SEVERE ] removing player 1 token from slot 2
[19:48:40.557] [SEVERE ] setting player 1 freeze to 0
[19:48:40.557] [SEVERE ] removing player 2 token from slot 2
[19:48:40.558] [SEVERE ] removing player 2 token from slot 1
[19:48:40.558] [SEVERE ] removing player 2 token from slot 0
[19:48:40.558] [SEVERE ] setting player 2 freeze to 0
[19:48:40.559] [SEVERE ] updating countdown to 15389
[19:48:40.560] [SEVERE ] player 1 placing token on slot 5
[19:48:40.560] [INFO   ] actions size of computer-0 is 1
[19:48:40.560] [SEVERE ] player 1 placing token on slot 2
[19:48:40.560] [INFO   ] actions size of computer-0 is 2
[19:48:40.561] [SEVERE ] player 1 placing token on slot 10
[19:48:40.561] [SEVERE ] player 2 placing token on slot 4
[19:48:40.562] [INFO   ] actions size of computer-0 is 3
[19:48:40.562] [INFO   ] tread computer-0 set added
[19:48:40.562] [INFO   ] num of sets to check 1
[19:48:40.562] [INFO   ] actions size of computer-1 is 1
[19:48:40.563] [SEVERE ] player 2 placing token on slot 1
[19:48:40.564] [INFO   ] actions size of computer-1 is 2
[19:48:40.564] [SEVERE ] player 2 placing token on slot 9
[19:48:40.564] [INFO   ] actions size of computer-1 is 3
[19:48:40.564] [INFO   ] tread computer-1 set added
[19:48:40.564] [INFO   ] num of sets to check 2
[19:48:40.661] [SEVERE ] updating countdown to 15287
[19:48:40.661] [INFO   ] Thread dealer checking set.
[19:48:40.662] [INFO   ] Thread dealer say : this is not set!!!!!.
[19:48:40.663] [INFO   ] Thread dealer change state to -1
[19:48:40.664] [INFO   ] Thread dealer change setCheck to 1
[19:48:40.664] [INFO   ] Thread dealer checking set.
[19:48:40.665] [SEVERE ] setting player 1 freeze to 500
[19:48:40.665] [INFO   ] Thread dealer say : this is not set!!!!!.
[19:48:40.667] [INFO   ] Thread dealer change state to -1
[19:48:40.667] [INFO   ] Thread dealer change setCheck to 1
[19:48:40.668] [SEVERE ] setting player 2 freeze to 500
[19:48:40.768] [SEVERE ] updating countdown to 15180
[19:48:40.869] [SEVERE ] updating countdown to 15079
[19:48:40.970] [SEVERE ] updating countdown to 14978
[19:48:41.071] [SEVERE ] updating countdown to 14877
[19:48:41.167] [SEVERE ] removing player 1 token from slot 5
[19:48:41.167] [SEVERE ] removing player 1 token from slot 2
[19:48:41.168] [SEVERE ] removing player 1 token from slot 10
[19:48:41.169] [SEVERE ] setting player 1 freeze to 0
[19:48:41.169] [SEVERE ] removing player 2 token from slot 4
[19:48:41.171] [SEVERE ] updating countdown to 14777
[19:48:41.171] [SEVERE ] removing player 2 token from slot 1
[19:48:41.172] [SEVERE ] player 1 placing token on slot 11
[19:48:41.173] [SEVERE ] removing player 2 token from slot 9
[19:48:41.173] [INFO   ] actions size of computer-0 is 1
[19:48:41.173] [SEVERE ] setting player 2 freeze to 0
[19:48:41.173] [SEVERE ] player 1 placing token on slot 10
[19:48:41.173] [INFO   ] actions size of computer-0 is 2
[19:48:41.173] [SEVERE ] player 1 placing token on slot 4
[19:48:41.173] [INFO   ] actions size of computer-0 is 3
[19:48:41.173] [INFO   ] tread computer-0 set added
[19:48:41.174] [INFO   ] num of sets to check 1
[19:48:41.272] [SEVERE ] updating countdown to 14676
[19:48:41.273] [INFO   ] Thread dealer checking set.
[19:48:41.273] [INFO   ] Thread dealer say : this is not set!!!!!.
[19:48:41.274] [INFO   ] Thread dealer change state to -1
[19:48:41.274] [INFO   ] Thread dealer change setCheck to 1
[19:48:41.275] [SEVERE ] setting player 1 freeze to 500
[19:48:41.275] [SEVERE ] player 2 placing token on slot 4
[19:48:41.276] [INFO   ] actions size of computer-1 is 1
[19:48:41.277] [SEVERE ] removing player 2 token from slot 4
[19:48:41.277] [SEVERE ] player 2 placing token on slot 1
[19:48:41.278] [INFO   ] actions size of computer-1 is 1
[19:48:41.278] [SEVERE ] player 2 placing token on slot 8
[19:48:41.279] [INFO   ] actions size of computer-1 is 2
[19:48:41.279] [SEVERE ] player 2 placing token on slot 5
[19:48:41.280] [INFO   ] actions size of computer-1 is 3
[19:48:41.280] [INFO   ] tread computer-1 set added
[19:48:41.281] [INFO   ] num of sets to check 1
[19:48:41.375] [SEVERE ] updating countdown to 14573
[19:48:41.376] [INFO   ] Thread dealer checking set.
[19:48:41.377] [INFO   ] Thread dealer say : this is not set!!!!!.
[19:48:41.377] [INFO   ] Thread dealer change state to -1
[19:48:41.378] [INFO   ] Thread dealer change setCheck to 1
[19:48:41.379] [SEVERE ] setting player 2 freeze to 500
[19:48:41.479] [SEVERE ] updating countdown to 14469
[19:48:41.580] [SEVERE ] updating countdown to 14368
[19:48:41.681] [SEVERE ] updating countdown to 14267
[19:48:41.776] [SEVERE ] removing player 1 token from slot 11
[19:48:41.776] [SEVERE ] removing player 1 token from slot 10
[19:48:41.777] [SEVERE ] removing player 1 token from slot 4
[19:48:41.778] [SEVERE ] setting player 1 freeze to 0
[19:48:41.781] [SEVERE ] updating countdown to 14167
[19:48:41.782] [SEVERE ] player 1 placing token on slot 0
[19:48:41.782] [INFO   ] actions size of computer-0 is 1
[19:48:41.783] [SEVERE ] player 1 placing token on slot 2
[19:48:41.784] [INFO   ] actions size of computer-0 is 2
[19:48:41.784] [SEVERE ] removing player 1 token from slot 0
[19:48:41.785] [SEVERE ] player 1 placing token on slot 0
[19:48:41.785] [INFO   ] actions size of computer-0 is 2
[19:48:41.786] [SEVERE ] player 1 placing token on slot 8
[19:48:41.786] [INFO   ] actions size of computer-0 is 3
[19:48:41.787] [INFO   ] tread computer-0 set added
[19:48:41.787] [INFO   ] num of sets to check 1
[19:48:41.880] [SEVERE ] removing player 2 token from slot 1
[19:48:41.881] [SEVERE ] removing player 2 token from slot 8
[19:48:41.882] [SEVERE ] updating countdown to 14066
[19:48:41.882] [INFO   ] Thread dealer checking set.
[19:48:41.882] [SEVERE ] removing player 2 token from slot 5
[19:48:41.882] [INFO   ] Thread dealer say : this is not set!!!!!.
[19:48:41.882] [INFO   ] Thread dealer change state to -1
[19:48:41.882] [INFO   ] Thread dealer change setCheck to 1
[19:48:41.882] [SEVERE ] setting player 2 freeze to 0
[19:48:41.883] [SEVERE ] setting player 1 freeze to 500
[19:48:41.884] [SEVERE ] player 2 placing token on slot 5
[19:48:41.885] [INFO   ] actions size of computer-1 is 1
[19:48:41.886] [SEVERE ] player 2 placing token on slot 11
[19:48:41.887] [INFO   ] actions size of computer-1 is 2
[19:48:41.887] [SEVERE ] removing player 2 token from slot 5
[19:48:41.887] [SEVERE ] player 2 placing token on slot 1
[19:48:41.888] [INFO   ] actions size of computer-1 is 2
[19:48:41.888] [SEVERE ] player 2 placing token on slot 6
[19:48:41.889] [INFO   ] actions size of computer-1 is 3
[19:48:41.889] [INFO   ] tread computer-1 set added
[19:48:41.889] [INFO   ] num of sets to check 1
[19:48:41.983] [SEVERE ] updating countdown to 13965
[19:48:41.984] [INFO   ] Thread dealer checking set.
[19:48:41.984] [INFO   ] Thread dealer say : this is not set!!!!!.
[19:48:41.985] [INFO   ] Thread dealer change state to -1
[19:48:41.986] [INFO   ] Thread dealer change setCheck to 1
[19:48:41.986] [SEVERE ] setting player 2 freeze to 500
[19:48:42.086] [SEVERE ] updating countdown to 13862
[19:48:42.187] [SEVERE ] updating countdown to 13761
[19:48:42.288] [SEVERE ] updating countdown to 13660
[19:48:42.385] [SEVERE ] removing player 1 token from slot 2
[19:48:42.385] [SEVERE ] removing player 1 token from slot 0
[19:48:42.386] [SEVERE ] removing player 1 token from slot 8
[19:48:42.387] [SEVERE ] setting player 1 freeze to 0
[19:48:42.388] [SEVERE ] updating countdown to 13560
[19:48:42.389] [SEVERE ] player 1 placing token on slot 11
[19:48:42.390] [INFO   ] actions size of computer-0 is 1
[19:48:42.390] [SEVERE ] player 1 placing token on slot 8
[19:48:42.391] [INFO   ] actions size of computer-0 is 2
[19:48:42.392] [SEVERE ] player 1 placing token on slot 10
[19:48:42.392] [INFO   ] actions size of computer-0 is 3
[19:48:42.393] [INFO   ] tread computer-0 set added
[19:48:42.393] [INFO   ] num of sets to check 1
[19:48:42.488] [SEVERE ] removing player 2 token from slot 11
[19:48:42.488] [SEVERE ] removing player 2 token from slot 1
[19:48:42.488] [SEVERE ] removing player 2 token from slot 6
[19:48:42.489] [SEVERE ] setting player 2 freeze to 0
[19:48:42.489] [SEVERE ] updating countdown to 13459
[19:48:42.490] [INFO   ] Thread dealer checking set.
[19:48:42.490] [INFO   ] Thread dealer say : this is not set!!!!!.
[19:48:42.491] [INFO   ] Thread dealer change state to -1
[19:48:42.491] [INFO   ] Thread dealer change setCheck to 1
[19:48:42.492] [SEVERE ] setting player 1 freeze to 500
[19:48:42.492] [SEVERE ] player 2 placing token on slot 2
[19:48:42.493] [INFO   ] actions size of computer-1 is 1
[19:48:42.493] [SEVERE ] removing player 2 token from slot 2
[19:48:42.494] [SEVERE ] player 2 placing token on slot 4
[19:48:42.494] [INFO   ] actions size of computer-1 is 1
[19:48:42.495] [SEVERE ] player 2 placing token on slot 6
[19:48:42.495] [INFO   ] actions size of computer-1 is 2
[19:48:42.496] [SEVERE ] player 2 placing token on slot 3
[19:48:42.496] [INFO   ] actions size of computer-1 is 3
[19:48:42.497] [INFO   ] tread computer-1 set added
[19:48:42.497] [INFO   ] num of sets to check 1
[19:48:42.592] [SEVERE ] updating countdown to 13356
[19:48:42.592] [INFO   ] Thread dealer checking set.
[19:48:42.592] [INFO   ] Thread dealer say : this is not set!!!!!.
[19:48:42.592] [INFO   ] Thread dealer change state to -1
[19:48:42.593] [INFO   ] Thread dealer change setCheck to 1
[19:48:42.594] [SEVERE ] setting player 2 freeze to 500
[19:48:42.694] [SEVERE ] updating countdown to 13254
[19:48:42.794] [SEVERE ] updating countdown to 13154
[19:48:42.895] [SEVERE ] updating countdown to 13053
[19:48:42.993] [SEVERE ] removing player 1 token from slot 11
[19:48:42.993] [SEVERE ] removing player 1 token from slot 8
[19:48:42.994] [SEVERE ] removing player 1 token from slot 10
[19:48:42.995] [SEVERE ] setting player 1 freeze to 0
[19:48:42.996] [SEVERE ] updating countdown to 12952
[19:48:42.996] [SEVERE ] player 1 placing token on slot 9
[19:48:42.997] [INFO   ] actions size of computer-0 is 1
[19:48:42.997] [SEVERE ] player 1 placing token on slot 11
[19:48:42.997] [INFO   ] actions size of computer-0 is 2
[19:48:42.998] [SEVERE ] player 1 placing token on slot 8
[19:48:42.999] [INFO   ] actions size of computer-0 is 3
[19:48:42.999] [INFO   ] tread computer-0 set added
[19:48:42.999] [INFO   ] num of sets to check 1
[19:48:43.094] [SEVERE ] removing player 2 token from slot 4
[19:48:43.094] [SEVERE ] removing player 2 token from slot 6
[19:48:43.095] [SEVERE ] removing player 2 token from slot 3
[19:48:43.095] [SEVERE ] setting player 2 freeze to 0
[19:48:43.096] [SEVERE ] updating countdown to 12852
[19:48:43.097] [INFO   ] Thread dealer checking set.
[19:48:43.097] [INFO   ] Thread dealer say : this is not set!!!!!.
[19:48:43.097] [INFO   ] Thread dealer change state to -1
[19:48:43.097] [INFO   ] Thread dealer change setCheck to 1
[19:48:43.097] [SEVERE ] setting player 1 freeze to 500
[19:48:43.099] [SEVERE ] player 2 placing token on slot 10
[19:48:43.100] [INFO   ] actions size of computer-1 is 1
[19:48:43.100] [SEVERE ] player 2 placing token on slot 6
[19:48:43.101] [INFO   ] actions size of computer-1 is 2
[19:48:43.101] [SEVERE ] player 2 placing token on slot 2
[19:48:43.101] [INFO   ] actions size of computer-1 is 3
[19:48:43.102] [INFO   ] tread computer-1 set added
[19:48:43.102] [INFO   ] num of sets to check 1
[19:48:43.197] [SEVERE ] updating countdown to 12751
[19:48:43.197] [INFO   ] Thread dealer checking set.
[19:48:43.197] [INFO   ] Thread dealer say : this is not set!!!!!.
[19:48:43.198] [INFO   ] Thread dealer change state to -1
[19:48:43.199] [INFO   ] Thread dealer change setCheck to 1
[19:48:43.199] [SEVERE ] setting player 2 freeze to 500
[19:48:43.299] [SEVERE ] updating countdown to 12649
[19:48:43.400] [SEVERE ] updating countdown to 12548
[19:48:43.500] [SEVERE ] updating countdown to 12448
[19:48:43.597] [SEVERE ] removing player 1 token from slot 9
[19:48:43.598] [SEVERE ] removing player 1 token from slot 11
[19:48:43.598] [SEVERE ] removing player 1 token from slot 8
[19:48:43.599] [SEVERE ] setting player 1 freeze to 0
[19:48:43.601] [SEVERE ] updating countdown to 12347
[19:48:43.601] [SEVERE ] player 1 placing token on slot 8
[19:48:43.601] [INFO   ] actions size of computer-0 is 1
[19:48:43.602] [SEVERE ] player 1 placing token on slot 2
[19:48:43.603] [INFO   ] actions size of computer-0 is 2
[19:48:43.603] [SEVERE ] player 1 placing token on slot 0
[19:48:43.603] [INFO   ] actions size of computer-0 is 3
[19:48:43.603] [INFO   ] tread computer-0 set added
[19:48:43.603] [INFO   ] num of sets to check 1
[19:48:43.700] [SEVERE ] removing player 2 token from slot 10
[19:48:43.700] [SEVERE ] removing player 2 token from slot 6
[19:48:43.701] [SEVERE ] updating countdown to 12247
[19:48:43.701] [SEVERE ] removing player 2 token from slot 2
[19:48:43.702] [INFO   ] Thread dealer checking set.
[19:48:43.703] [SEVERE ] setting player 2 freeze to 0
[19:48:43.704] [INFO   ] Thread dealer say : this is not set!!!!!.
[19:48:43.705] [INFO   ] Thread dealer change state to -1
[19:48:43.706] [INFO   ] Thread dealer change setCheck to 1
[19:48:43.706] [SEVERE ] setting player 1 freeze to 500
[19:48:43.707] [SEVERE ] player 2 placing token on slot 9
[19:48:43.708] [INFO   ] actions size of computer-1 is 1
[19:48:43.709] [SEVERE ] player 2 placing token on slot 10
[19:48:43.709] [INFO   ] actions size of computer-1 is 2
[19:48:43.710] [SEVERE ] player 2 placing token on slot 2
[19:48:43.724] [INFO   ] actions size of computer-1 is 3
[19:48:43.725] [INFO   ] tread computer-1 set added
[19:48:43.726] [INFO   ] num of sets to check 1
[19:48:43.807] [SEVERE ] updating countdown to 12141
[19:48:43.807] [INFO   ] Thread dealer checking set.
[19:48:43.808] [INFO   ] Thread dealer say : this is not set!!!!!.
[19:48:43.809] [INFO   ] Thread dealer change state to -1
[19:48:43.810] [INFO   ] Thread dealer change setCheck to 1
[19:48:43.810] [SEVERE ] setting player 2 freeze to 500
[19:48:43.910] [SEVERE ] updating countdown to 12038
[19:48:44.011] [SEVERE ] updating countdown to 11937
[19:48:44.112] [SEVERE ] updating countdown to 11836
[19:48:44.208] [SEVERE ] removing player 1 token from slot 8
[19:48:44.208] [SEVERE ] removing player 1 token from slot 2
[19:48:44.209] [SEVERE ] removing player 1 token from slot 0
[19:48:44.209] [SEVERE ] setting player 1 freeze to 0
[19:48:44.213] [SEVERE ] updating countdown to 11735
[19:48:44.213] [SEVERE ] player 1 placing token on slot 11
[19:48:44.214] [INFO   ] actions size of computer-0 is 1
[19:48:44.214] [SEVERE ] player 1 placing token on slot 3
[19:48:44.215] [INFO   ] actions size of computer-0 is 2
[19:48:44.216] [SEVERE ] player 1 placing token on slot 5
[19:48:44.216] [INFO   ] actions size of computer-0 is 3
[19:48:44.216] [INFO   ] tread computer-0 set added
[19:48:44.216] [INFO   ] num of sets to check 1
[19:48:44.312] [SEVERE ] removing player 2 token from slot 9
[19:48:44.312] [SEVERE ] removing player 2 token from slot 10
[19:48:44.313] [SEVERE ] removing player 2 token from slot 2
[19:48:44.314] [SEVERE ] setting player 2 freeze to 0
[19:48:44.313] [SEVERE ] updating countdown to 11635
[19:48:44.315] [INFO   ] Thread dealer checking set.
[19:48:44.316] [INFO   ] Thread dealer say : this is not set!!!!!.
[19:48:44.316] [INFO   ] Thread dealer change state to -1
[19:48:44.316] [INFO   ] Thread dealer change setCheck to 1
[19:48:44.316] [SEVERE ] setting player 1 freeze to 500
[19:48:44.316] [SEVERE ] player 2 placing token on slot 8
[19:48:44.316] [INFO   ] actions size of computer-1 is 1
[19:48:44.317] [SEVERE ] player 2 placing token on slot 10
[19:48:44.318] [INFO   ] actions size of computer-1 is 2
[19:48:44.318] [SEVERE ] removing player 2 token from slot 10
[19:48:44.320] [SEVERE ] player 2 placing token on slot 9
[19:48:44.320] [INFO   ] actions size of computer-1 is 2
[19:48:44.321] [SEVERE ] player 2 placing token on slot 10
[19:48:44.321] [INFO   ] actions size of computer-1 is 3
[19:48:44.322] [INFO   ] tread computer-1 set added
[19:48:44.322] [INFO   ] num of sets to check 1
[19:48:44.416] [SEVERE ] updating countdown to 11532
[19:48:44.416] [INFO   ] Thread dealer checking set.
[19:48:44.418] [INFO   ] Thread dealer say : this is not set!!!!!.
[19:48:44.418] [INFO   ] Thread dealer change state to -1
[19:48:44.419] [INFO   ] Thread dealer change setCheck to 1
[19:48:44.420] [SEVERE ] setting player 2 freeze to 500
[19:48:44.520] [SEVERE ] updating countdown to 11428
[19:48:44.621] [SEVERE ] updating countdown to 11327
[19:48:44.721] [SEVERE ] updating countdown to 11227
[19:48:44.817] [SEVERE ] removing player 1 token from slot 11
[19:48:44.817] [SEVERE ] removing player 1 token from slot 3
[19:48:44.818] [SEVERE ] removing player 1 token from slot 5
[19:48:44.819] [SEVERE ] setting player 1 freeze to 0
[19:48:44.822] [SEVERE ] updating countdown to 11126
[19:48:44.822] [SEVERE ] player 1 placing token on slot 0
[19:48:44.822] [INFO   ] actions size of computer-0 is 1
[19:48:44.823] [SEVERE ] player 1 placing token on slot 3
[19:48:44.823] [INFO   ] actions size of computer-0 is 2
[19:48:44.824] [SEVERE ] player 1 placing token on slot 2
[19:48:44.825] [INFO   ] actions size of computer-0 is 3
[19:48:44.825] [INFO   ] tread computer-0 set added
[19:48:44.825] [INFO   ] num of sets to check 1
[19:48:44.921] [SEVERE ] removing player 2 token from slot 8
[19:48:44.922] [SEVERE ] removing player 2 token from slot 9
[19:48:44.922] [SEVERE ] updating countdown to 11026
[19:48:44.923] [SEVERE ] removing player 2 token from slot 10
[19:48:44.923] [INFO   ] Thread dealer checking set.
[19:48:44.924] [SEVERE ] setting player 2 freeze to 0
[19:48:44.925] [INFO   ] Thread dealer say : this is not set!!!!!.
[19:48:44.926] [INFO   ] Thread dealer change state to -1
[19:48:44.927] [INFO   ] Thread dealer change setCheck to 1
[19:48:44.928] [SEVERE ] setting player 1 freeze to 500
[19:48:44.928] [SEVERE ] player 2 placing token on slot 5
[19:48:44.930] [INFO   ] actions size of computer-1 is 1
[19:48:44.930] [SEVERE ] player 2 placing token on slot 4
[19:48:44.931] [INFO   ] actions size of computer-1 is 2
[19:48:44.932] [SEVERE ] player 2 placing token on slot 9
[19:48:44.932] [INFO   ] actions size of computer-1 is 3
[19:48:44.933] [INFO   ] tread computer-1 set added
[19:48:44.933] [INFO   ] num of sets to check 1
[19:48:45.028] [SEVERE ] updating countdown to 10920
[19:48:45.029] [INFO   ] Thread dealer checking set.
[19:48:45.030] [INFO   ] Thread dealer say : this is not set!!!!!.
[19:48:45.030] [INFO   ] Thread dealer change state to -1
[19:48:45.031] [INFO   ] Thread dealer change setCheck to 1
[19:48:45.032] [SEVERE ] setting player 2 freeze to 500
[19:48:45.132] [SEVERE ] updating countdown to 10816
[19:48:45.233] [SEVERE ] updating countdown to 10716
[19:48:45.333] [SEVERE ] updating countdown to 10615
[19:48:45.429] [SEVERE ] removing player 1 token from slot 0
[19:48:45.430] [SEVERE ] removing player 1 token from slot 3
[19:48:45.431] [SEVERE ] removing player 1 token from slot 2
[19:48:45.432] [SEVERE ] setting player 1 freeze to 0
[19:48:45.433] [SEVERE ] updating countdown to 10515
[19:48:45.434] [SEVERE ] player 1 placing token on slot 11
[19:48:45.435] [INFO   ] actions size of computer-0 is 1
[19:48:45.435] [SEVERE ] player 1 placing token on slot 0
[19:48:45.435] [INFO   ] actions size of computer-0 is 2
[19:48:45.436] [SEVERE ] removing player 1 token from slot 0
[19:48:45.436] [SEVERE ] player 1 placing token on slot 5
[19:48:45.437] [INFO   ] actions size of computer-0 is 2
[19:48:45.437] [SEVERE ] player 1 placing token on slot 9
[19:48:45.437] [INFO   ] actions size of computer-0 is 3
[19:48:45.437] [INFO   ] tread computer-0 set added
[19:48:45.437] [INFO   ] num of sets to check 1
[19:48:45.533] [SEVERE ] removing player 2 token from slot 5
[19:48:45.533] [SEVERE ] removing player 2 token from slot 4
[19:48:45.534] [SEVERE ] removing player 2 token from slot 9
[19:48:45.534] [SEVERE ] setting player 2 freeze to 0
[19:48:45.534] [SEVERE ] updating countdown to 10414
[19:48:45.535] [INFO   ] Thread dealer checking set.
[19:48:45.536] [INFO   ] Thread dealer say : this is not set!!!!!.
[19:48:45.536] [INFO   ] Thread dealer change state to -1
[19:48:45.537] [INFO   ] Thread dealer change setCheck to 1
[19:48:45.537] [SEVERE ] setting player 1 freeze to 500
[19:48:45.537] [SEVERE ] player 2 placing token on slot 0
[19:48:45.538] [INFO   ] actions size of computer-1 is 1
[19:48:45.539] [SEVERE ] player 2 placing token on slot 3
[19:48:45.539] [INFO   ] actions size of computer-1 is 2
[19:48:45.540] [SEVERE ] removing player 2 token from slot 3
[19:48:45.540] [SEVERE ] player 2 placing token on slot 10
[19:48:45.541] [INFO   ] actions size of computer-1 is 2
[19:48:45.541] [SEVERE ] removing player 2 token from slot 10
[19:48:45.542] [SEVERE ] player 2 placing token on slot 9
[19:48:45.542] [INFO   ] actions size of computer-1 is 2
[19:48:45.542] [SEVERE ] player 2 placing token on slot 1
[19:48:45.543] [INFO   ] actions size of computer-1 is 3
[19:48:45.543] [INFO   ] tread computer-1 set added
[19:48:45.544] [INFO   ] num of sets to check 1
[19:48:45.637] [SEVERE ] updating countdown to 10311
[19:48:45.637] [INFO   ] Thread dealer checking set.
[19:48:45.637] [INFO   ] Thread dealer say : this is not set!!!!!.
[19:48:45.638] [INFO   ] Thread dealer change state to -1
[19:48:45.639] [INFO   ] Thread dealer change setCheck to 1
[19:48:45.639] [SEVERE ] setting player 2 freeze to 500
[19:48:45.739] [SEVERE ] updating countdown to 10209
[19:48:45.840] [SEVERE ] updating countdown to 10108
[19:48:45.940] [SEVERE ] updating countdown to 10008
[19:48:46.038] [SEVERE ] removing player 1 token from slot 11
[19:48:46.038] [SEVERE ] removing player 1 token from slot 5
[19:48:46.039] [SEVERE ] removing player 1 token from slot 9
[19:48:46.039] [SEVERE ] setting player 1 freeze to 0
[19:48:46.040] [SEVERE ] updating countdown to 9908
[19:48:46.041] [SEVERE ] player 1 placing token on slot 5
[19:48:46.041] [INFO   ] actions size of computer-0 is 1
[19:48:46.042] [SEVERE ] player 1 placing token on slot 0
[19:48:46.042] [INFO   ] actions size of computer-0 is 2
[19:48:46.043] [SEVERE ] player 1 placing token on slot 4
[19:48:46.043] [INFO   ] actions size of computer-0 is 3
[19:48:46.044] [INFO   ] tread computer-0 set added
[19:48:46.044] [INFO   ] num of sets to check 1
[19:48:46.140] [SEVERE ] removing player 2 token from slot 0
[19:48:46.140] [SEVERE ] removing player 2 token from slot 9
[19:48:46.141] [SEVERE ] updating countdown to 9807
[19:48:46.141] [SEVERE ] removing player 2 token from slot 1
[19:48:46.142] [INFO   ] Thread dealer checking set.
[19:48:46.143] [SEVERE ] setting player 2 freeze to 0
[19:48:46.143] [INFO   ] Thread dealer say : this is not set!!!!!.
[19:48:46.144] [INFO   ] Thread dealer change state to -1
[19:48:46.145] [INFO   ] Thread dealer change setCheck to 1
[19:48:46.146] [SEVERE ] player 2 placing token on slot 6
[19:48:46.146] [SEVERE ] setting player 1 freeze to 500
[19:48:46.146] [INFO   ] actions size of computer-1 is 1
[19:48:46.147] [SEVERE ] player 2 placing token on slot 3
[19:48:46.246] [SEVERE ] updating countdown to 9702
[19:48:46.356] [INFO   ] actions size of computer-1 is 2
[19:48:46.357] [SEVERE ] player 2 placing token on slot 7
[19:48:46.358] [INFO   ] actions size of computer-1 is 3
[19:48:46.359] [INFO   ] tread computer-1 set added
[19:48:46.359] [INFO   ] num of sets to check 1
[19:48:46.457] [SEVERE ] updating countdown to 9491
[19:48:46.458] [INFO   ] Thread dealer checking set.
[19:48:46.458] [INFO   ] Thread dealer say : this is not set!!!!!.
[19:48:46.459] [INFO   ] Thread dealer change state to -1
[19:48:46.460] [INFO   ] Thread dealer change setCheck to 1
[19:48:46.461] [SEVERE ] setting player 2 freeze to 500
[19:48:46.561] [SEVERE ] updating countdown to 9387
[19:48:46.647] [SEVERE ] removing player 1 token from slot 5
[19:48:46.647] [SEVERE ] removing player 1 token from slot 0
[19:48:46.648] [SEVERE ] removing player 1 token from slot 4
[19:48:46.649] [SEVERE ] setting player 1 freeze to 0
[19:48:46.662] [SEVERE ] updating countdown to 9286
[19:48:46.662] [SEVERE ] player 1 placing token on slot 4
[19:48:46.663] [INFO   ] actions size of computer-0 is 1
[19:48:46.663] [SEVERE ] removing player 1 token from slot 4
[19:48:46.663] [SEVERE ] player 1 placing token on slot 0
[19:48:46.664] [INFO   ] actions size of computer-0 is 1
[19:48:46.664] [SEVERE ] player 1 placing token on slot 5
[19:48:46.665] [INFO   ] actions size of computer-0 is 2
[19:48:46.665] [SEVERE ] player 1 placing token on slot 2
[19:48:46.666] [INFO   ] actions size of computer-0 is 3
[19:48:46.666] [INFO   ] tread computer-0 set added
[19:48:46.667] [INFO   ] num of sets to check 1
[19:48:46.762] [SEVERE ] updating countdown to 9186
[19:48:46.763] [INFO   ] Thread dealer checking set.
[19:48:46.764] [INFO   ] Thread dealer say : this is not set!!!!!.
[19:48:46.764] [INFO   ] Thread dealer change state to -1
[19:48:46.765] [INFO   ] Thread dealer change setCheck to 1
[19:48:46.766] [SEVERE ] setting player 1 freeze to 500
[19:48:46.866] [SEVERE ] updating countdown to 9082
[19:48:46.962] [SEVERE ] removing player 2 token from slot 6
[19:48:46.962] [SEVERE ] removing player 2 token from slot 3
[19:48:46.963] [SEVERE ] removing player 2 token from slot 7
[19:48:46.964] [SEVERE ] setting player 2 freeze to 0
[19:48:46.967] [SEVERE ] updating countdown to 8981
[19:48:46.967] [SEVERE ] player 2 placing token on slot 11
[19:48:46.968] [INFO   ] actions size of computer-1 is 1
[19:48:46.969] [SEVERE ] player 2 placing token on slot 2
[19:48:46.969] [INFO   ] actions size of computer-1 is 2
[19:48:46.970] [SEVERE ] player 2 placing token on slot 3
[19:48:46.971] [INFO   ] actions size of computer-1 is 3
[19:48:46.971] [INFO   ] tread computer-1 set added
[19:48:46.972] [INFO   ] num of sets to check 1
[19:48:47.068] [SEVERE ] updating countdown to 8881
[19:48:47.068] [INFO   ] Thread dealer checking set.
[19:48:47.069] [INFO   ] Thread dealer say : this is not set!!!!!.
[19:48:47.070] [INFO   ] Thread dealer change state to -1
[19:48:47.088] [INFO   ] Thread dealer change setCheck to 1
[19:48:47.089] [SEVERE ] setting player 2 freeze to 500
[19:48:47.189] [SEVERE ] updating countdown to 8759
[19:48:47.267] [SEVERE ] removing player 1 token from slot 0
[19:48:47.268] [SEVERE ] removing player 1 token from slot 5
[19:48:47.269] [SEVERE ] removing player 1 token from slot 2
[19:48:47.269] [SEVERE ] setting player 1 freeze to 0
[19:48:47.289] [SEVERE ] updating countdown to 8659
[19:48:47.290] [SEVERE ] player 1 placing token on slot 11
[19:48:47.290] [INFO   ] actions size of computer-0 is 1
[19:48:47.291] [SEVERE ] player 1 placing token on slot 9
[19:48:47.291] [INFO   ] actions size of computer-0 is 2
[19:48:47.292] [SEVERE ] player 1 placing token on slot 7
[19:48:47.292] [INFO   ] actions size of computer-0 is 3
[19:48:47.293] [INFO   ] tread computer-0 set added
[19:48:47.293] [INFO   ] num of sets to check 1
[19:48:47.390] [SEVERE ] updating countdown to 8558
[19:48:47.390] [INFO   ] Thread dealer checking set.
[19:48:47.390] [INFO   ] Thread dealer say : this is not set!!!!!.
[19:48:47.390] [INFO   ] Thread dealer change state to -1
[19:48:47.390] [INFO   ] Thread dealer change setCheck to 1
[19:48:47.391] [SEVERE ] setting player 1 freeze to 500
[19:48:47.491] [SEVERE ] updating countdown to 8457
[19:48:47.589] [SEVERE ] removing player 2 token from slot 11
[19:48:47.590] [SEVERE ] removing player 2 token from slot 2
[19:48:47.590] [SEVERE ] removing player 2 token from slot 3
[19:48:47.591] [SEVERE ] updating countdown to 8357
[19:48:47.591] [SEVERE ] setting player 2 freeze to 0
[19:48:47.592] [SEVERE ] player 2 placing token on slot 2
[19:48:47.592] [INFO   ] actions size of computer-1 is 1
[19:48:47.597] [SEVERE ] removing player 2 token from slot 2
[19:48:47.597] [SEVERE ] player 2 placing token on slot 1
[19:48:47.598] [INFO   ] actions size of computer-1 is 1
[19:48:47.599] [SEVERE ] player 2 placing token on slot 4
[19:48:47.599] [INFO   ] actions size of computer-1 is 2
[19:48:47.600] [SEVERE ] player 2 placing token on slot 6
[19:48:47.600] [INFO   ] actions size of computer-1 is 3
[19:48:47.600] [INFO   ] tread computer-1 set added
[19:48:47.600] [INFO   ] num of sets to check 1
[19:48:47.692] [SEVERE ] updating countdown to 8256
[19:48:47.693] [INFO   ] Thread dealer checking set.
[19:48:47.694] [INFO   ] Thread dealer say : this is not set!!!!!.
[19:48:47.694] [INFO   ] Thread dealer change state to -1
[19:48:47.694] [INFO   ] Thread dealer change setCheck to 1
[19:48:47.695] [SEVERE ] setting player 2 freeze to 500
[19:48:47.795] [SEVERE ] updating countdown to 8153
[19:48:47.892] [SEVERE ] removing player 1 token from slot 11
[19:48:47.892] [SEVERE ] removing player 1 token from slot 9
[19:48:47.893] [SEVERE ] removing player 1 token from slot 7
[19:48:47.894] [SEVERE ] setting player 1 freeze to 0
[19:48:47.896] [SEVERE ] updating countdown to 8052
[19:48:47.896] [SEVERE ] player 1 placing token on slot 5
[19:48:47.897] [INFO   ] actions size of computer-0 is 1
[19:48:47.898] [SEVERE ] player 1 placing token on slot 9
[19:48:47.898] [INFO   ] actions size of computer-0 is 2
[19:48:47.898] [SEVERE ] player 1 placing token on slot 10
[19:48:47.899] [INFO   ] actions size of computer-0 is 3
[19:48:47.900] [INFO   ] tread computer-0 set added
[19:48:47.900] [INFO   ] num of sets to check 1
[19:48:47.996] [SEVERE ] updating countdown to 7952
[19:48:47.997] [INFO   ] Thread dealer checking set.
[19:48:47.998] [INFO   ] Thread dealer say : this is not set!!!!!.
[19:48:47.999] [INFO   ] Thread dealer change state to -1
[19:48:47.999] [INFO   ] Thread dealer change setCheck to 1
[19:48:48.000] [SEVERE ] setting player 1 freeze to 500
[19:48:48.101] [SEVERE ] updating countdown to 7848
[19:48:48.196] [SEVERE ] removing player 2 token from slot 1
[19:48:48.197] [SEVERE ] removing player 2 token from slot 4
[19:48:48.198] [SEVERE ] removing player 2 token from slot 6
[19:48:48.198] [SEVERE ] setting player 2 freeze to 0
[19:48:48.201] [SEVERE ] updating countdown to 7747
[19:48:48.201] [SEVERE ] player 2 placing token on slot 9
[19:48:48.202] [INFO   ] actions size of computer-1 is 1
[19:48:48.203] [SEVERE ] player 2 placing token on slot 1
[19:48:48.203] [INFO   ] actions size of computer-1 is 2
[19:48:48.204] [SEVERE ] player 2 placing token on slot 2
[19:48:48.205] [INFO   ] actions size of computer-1 is 3
[19:48:48.205] [INFO   ] tread computer-1 set added
[19:48:48.206] [INFO   ] num of sets to check 1
[19:48:48.302] [SEVERE ] updating countdown to 7646
[19:48:48.302] [INFO   ] Thread dealer checking set.
[19:48:48.303] [INFO   ] Thread dealer say : this is not set!!!!!.
[19:48:48.303] [INFO   ] Thread dealer change state to -1
[19:48:48.304] [INFO   ] Thread dealer change setCheck to 1
[19:48:48.305] [SEVERE ] setting player 2 freeze to 500
[19:48:48.405] [SEVERE ] updating countdown to 7543
[19:48:48.501] [SEVERE ] removing player 1 token from slot 5
[19:48:48.502] [SEVERE ] removing player 1 token from slot 9
[19:48:48.503] [SEVERE ] removing player 1 token from slot 10
[19:48:48.503] [SEVERE ] setting player 1 freeze to 0
[19:48:48.506] [SEVERE ] updating countdown to 7443
[19:48:48.506] [SEVERE ] player 1 placing token on slot 7
[19:48:48.507] [INFO   ] actions size of computer-0 is 1
[19:48:48.507] [SEVERE ] removing player 1 token from slot 7
[19:48:48.508] [SEVERE ] player 1 placing token on slot 2
[19:48:48.508] [INFO   ] actions size of computer-0 is 1
[19:48:48.509] [SEVERE ] player 1 placing token on slot 0
[19:48:48.509] [INFO   ] actions size of computer-0 is 2
[19:48:48.510] [SEVERE ] player 1 placing token on slot 4
[19:48:48.510] [INFO   ] actions size of computer-0 is 3
[19:48:48.511] [INFO   ] tread computer-0 set added
[19:48:48.511] [INFO   ] num of sets to check 1
[19:48:48.606] [SEVERE ] updating countdown to 7342
[19:48:48.606] [INFO   ] Thread dealer checking set.
[19:48:48.607] [INFO   ] Thread dealer say : this is not set!!!!!.
[19:48:48.608] [INFO   ] Thread dealer change state to -1
[19:48:48.609] [INFO   ] Thread dealer change setCheck to 1
[19:48:48.610] [SEVERE ] setting player 1 freeze to 500
[19:48:48.710] [SEVERE ] updating countdown to 7238
[19:48:48.806] [SEVERE ] removing player 2 token from slot 9
[19:48:48.806] [SEVERE ] removing player 2 token from slot 1
[19:48:48.807] [SEVERE ] removing player 2 token from slot 2
[19:48:48.808] [SEVERE ] setting player 2 freeze to 0
[19:48:48.810] [SEVERE ] updating countdown to 7138
[19:48:48.811] [SEVERE ] player 2 placing token on slot 0
[19:48:48.812] [INFO   ] actions size of computer-1 is 1
[19:48:48.812] [SEVERE ] player 2 placing token on slot 9
[19:48:48.812] [INFO   ] actions size of computer-1 is 2
[19:48:48.812] [SEVERE ] player 2 placing token on slot 1
[19:48:48.813] [INFO   ] actions size of computer-1 is 3
[19:48:48.813] [INFO   ] tread computer-1 set added
[19:48:48.813] [INFO   ] num of sets to check 1
[19:48:48.911] [SEVERE ] updating countdown to 7037
[19:48:48.911] [INFO   ] Thread dealer checking set.
[19:48:48.912] [INFO   ] Thread dealer say : this is not set!!!!!.
[19:48:48.913] [INFO   ] Thread dealer change state to -1
[19:48:48.914] [INFO   ] Thread dealer change setCheck to 1
[19:48:48.915] [SEVERE ] setting player 2 freeze to 500
[19:48:49.015] [SEVERE ] updating countdown to 6933
[19:48:49.111] [SEVERE ] removing player 1 token from slot 2
[19:48:49.111] [SEVERE ] removing player 1 token from slot 0
[19:48:49.112] [SEVERE ] removing player 1 token from slot 4
[19:48:49.112] [SEVERE ] setting player 1 freeze to 0
[19:48:49.116] [SEVERE ] updating countdown to 6832
[19:48:49.116] [SEVERE ] player 1 placing token on slot 7
[19:48:49.117] [INFO   ] actions size of computer-0 is 1
[19:48:49.117] [SEVERE ] player 1 placing token on slot 9
[19:48:49.118] [INFO   ] actions size of computer-0 is 2
[19:48:49.119] [SEVERE ] removing player 1 token from slot 7
[19:48:49.120] [SEVERE ] player 1 placing token on slot 11
[19:48:49.120] [INFO   ] actions size of computer-0 is 2
[19:48:49.121] [SEVERE ] player 1 placing token on slot 0
[19:48:49.122] [INFO   ] actions size of computer-0 is 3
[19:48:49.122] [INFO   ] tread computer-0 set added
[19:48:49.123] [INFO   ] num of sets to check 1
[19:48:49.216] [SEVERE ] updating countdown to 6732
[19:48:49.217] [INFO   ] Thread dealer checking set.
[19:48:49.217] [INFO   ] Thread dealer say : this is not set!!!!!.
[19:48:49.218] [INFO   ] Thread dealer change state to -1
[19:48:49.219] [INFO   ] Thread dealer change setCheck to 1
[19:48:49.220] [SEVERE ] setting player 1 freeze to 500
[19:48:49.320] [SEVERE ] updating countdown to 6628
[19:48:49.416] [SEVERE ] removing player 2 token from slot 0
[19:48:49.416] [SEVERE ] removing player 2 token from slot 9
[19:48:49.417] [SEVERE ] removing player 2 token from slot 1
[19:48:49.417] [SEVERE ] setting player 2 freeze to 0
[19:48:49.422] [SEVERE ] updating countdown to 6526
[19:48:49.423] [SEVERE ] player 2 placing token on slot 10
[19:48:49.423] [INFO   ] actions size of computer-1 is 1
[19:48:49.424] [SEVERE ] player 2 placing token on slot 9
[19:48:49.424] [INFO   ] actions size of computer-1 is 2
[19:48:49.424] [SEVERE ] player 2 placing token on slot 11
[19:48:49.425] [INFO   ] actions size of computer-1 is 3
[19:48:49.425] [INFO   ] tread computer-1 set added
[19:48:49.425] [INFO   ] num of sets to check 1
[19:48:49.523] [SEVERE ] updating countdown to 6425
[19:48:49.523] [INFO   ] Thread dealer checking set.
[19:48:49.523] [INFO   ] Thread dealer say : this is not set!!!!!.
[19:48:49.523] [INFO   ] Thread dealer change state to -1
[19:48:49.524] [INFO   ] Thread dealer change setCheck to 1
[19:48:49.525] [SEVERE ] setting player 2 freeze to 500
[19:48:49.625] [SEVERE ] updating countdown to 6323
[19:48:49.720] [SEVERE ] removing player 1 token from slot 9
[19:48:49.721] [SEVERE ] removing player 1 token from slot 11
[19:48:49.721] [SEVERE ] removing player 1 token from slot 0
[19:48:49.722] [SEVERE ] setting player 1 freeze to 0
[19:48:49.725] [SEVERE ] updating countdown to 6223
[19:48:49.726] [SEVERE ] player 1 placing token on slot 0
[19:48:49.726] [INFO   ] actions size of computer-0 is 1
[19:48:49.726] [SEVERE ] player 1 placing token on slot 10
[19:48:49.727] [INFO   ] actions size of computer-0 is 2
[19:48:49.727] [SEVERE ] player 1 placing token on slot 8
[19:48:49.727] [INFO   ] actions size of computer-0 is 3
[19:48:49.727] [INFO   ] tread computer-0 set added
[19:48:49.727] [INFO   ] num of sets to check 1
[19:48:49.826] [SEVERE ] updating countdown to 6122
[19:48:49.826] [INFO   ] Thread dealer checking set.
[19:48:49.827] [INFO   ] Thread dealer say : this is not set!!!!!.
[19:48:49.828] [INFO   ] Thread dealer change state to -1
[19:48:49.828] [INFO   ] Thread dealer change setCheck to 1
[19:48:49.829] [SEVERE ] setting player 1 freeze to 500
[19:48:49.929] [SEVERE ] updating countdown to 6019
[19:48:50.025] [SEVERE ] removing player 2 token from slot 10
[19:48:50.026] [SEVERE ] removing player 2 token from slot 9
[19:48:50.027] [SEVERE ] removing player 2 token from slot 11
[19:48:50.028] [SEVERE ] setting player 2 freeze to 0
[19:48:50.030] [SEVERE ] updating countdown to 5918
[19:48:50.031] [SEVERE ] player 2 placing token on slot 0
[19:48:50.031] [INFO   ] actions size of computer-1 is 1
[19:48:50.032] [SEVERE ] player 2 placing token on slot 1
[19:48:50.033] [INFO   ] actions size of computer-1 is 2
[19:48:50.033] [SEVERE ] player 2 placing token on slot 10
[19:48:50.034] [INFO   ] actions size of computer-1 is 3
[19:48:50.035] [INFO   ] tread computer-1 set added
[19:48:50.035] [INFO   ] num of sets to check 1
[19:48:50.131] [SEVERE ] updating countdown to 5817
[19:48:50.131] [INFO   ] Thread dealer checking set.
[19:48:50.132] [INFO   ] Thread dealer say : this is not set!!!!!.
[19:48:50.133] [INFO   ] Thread dealer change state to -1
[19:48:50.134] [INFO   ] Thread dealer change setCheck to 1
[19:48:50.135] [SEVERE ] setting player 2 freeze to 500
[19:48:50.235] [SEVERE ] updating countdown to 5713
[19:48:50.330] [SEVERE ] removing player 1 token from slot 0
[19:48:50.331] [SEVERE ] removing player 1 token from slot 10
[19:48:50.332] [SEVERE ] removing player 1 token from slot 8
[19:48:50.332] [SEVERE ] setting player 1 freeze to 0
[19:48:50.336] [SEVERE ] updating countdown to 5612
[19:48:50.336] [SEVERE ] player 1 placing token on slot 4
[19:48:50.337] [INFO   ] actions size of computer-0 is 1
[19:48:50.337] [SEVERE ] player 1 placing token on slot 5
[19:48:50.338] [INFO   ] actions size of computer-0 is 2
[19:48:50.339] [SEVERE ] player 1 placing token on slot 6
[19:48:50.339] [INFO   ] actions size of computer-0 is 3
[19:48:50.340] [INFO   ] tread computer-0 set added
[19:48:50.341] [INFO   ] num of sets to check 1
[19:48:50.436] [SEVERE ] updating countdown to 5512
[19:48:50.437] [INFO   ] Thread dealer checking set.
[19:48:50.438] [INFO   ] Thread dealer say : this is not set!!!!!.
[19:48:50.438] [INFO   ] Thread dealer change state to -1
[19:48:50.439] [INFO   ] Thread dealer change setCheck to 1
[19:48:50.439] [SEVERE ] setting player 1 freeze to 500
[19:48:50.539] [SEVERE ] updating countdown to 5409
[19:48:50.636] [SEVERE ] removing player 2 token from slot 0
[19:48:50.637] [SEVERE ] removing player 2 token from slot 1
[19:48:50.638] [SEVERE ] removing player 2 token from slot 10
[19:48:50.638] [SEVERE ] setting player 2 freeze to 0
[19:48:50.640] [SEVERE ] updating countdown to 5308
[19:48:50.640] [SEVERE ] player 2 placing token on slot 0
[19:48:50.640] [INFO   ] actions size of computer-1 is 1
[19:48:50.641] [SEVERE ] player 2 placing token on slot 7
[19:48:50.641] [INFO   ] actions size of computer-1 is 2
[19:48:50.642] [SEVERE ] player 2 placing token on slot 1
[19:48:50.642] [INFO   ] actions size of computer-1 is 3
[19:48:50.643] [INFO   ] tread computer-1 set added
[19:48:50.643] [INFO   ] num of sets to check 1
[19:48:50.740] [SEVERE ] updating countdown to 5208
[19:48:50.740] [INFO   ] Thread dealer checking set.
[19:48:50.740] [INFO   ] Thread dealer say : this is not set!!!!!.
[19:48:50.741] [INFO   ] Thread dealer change state to -1
[19:48:50.742] [INFO   ] Thread dealer change setCheck to 1
[19:48:50.742] [SEVERE ] setting player 2 freeze to 500
[19:48:50.843] [SEVERE ] updating countdown to 5105
[19:48:50.941] [SEVERE ] removing player 1 token from slot 4
[19:48:50.941] [SEVERE ] removing player 1 token from slot 5
[19:48:50.942] [SEVERE ] removing player 1 token from slot 6
[19:48:50.943] [SEVERE ] setting player 1 freeze to 0
[19:48:50.943] [SEVERE ] updating countdown to 5005
[19:48:50.944] [SEVERE ] player 1 placing token on slot 6
[19:48:50.945] [INFO   ] actions size of computer-0 is 1
[19:48:50.946] [SEVERE ] player 1 placing token on slot 10
[19:48:50.947] [INFO   ] actions size of computer-0 is 2
[19:48:50.947] [SEVERE ] removing player 1 token from slot 6
[19:48:50.948] [SEVERE ] player 1 placing token on slot 5
[19:48:50.949] [INFO   ] actions size of computer-0 is 2
[19:48:50.950] [SEVERE ] player 1 placing token on slot 6
[19:48:50.950] [INFO   ] actions size of computer-0 is 3
[19:48:50.950] [INFO   ] tread computer-0 set added
[19:48:50.951] [INFO   ] num of sets to check 1
[19:48:51.050] [INFO   ] Thread dealer checking set.
[19:48:51.050] [INFO   ] Thread dealer say : this is not set!!!!!.
[19:48:51.051] [INFO   ] Thread dealer change state to -1
[19:48:51.051] [INFO   ] Thread dealer change setCheck to 1
[19:48:51.052] [SEVERE ] setting player 1 freeze to 500
[19:48:51.243] [SEVERE ] removing player 2 token from slot 0
[19:48:51.243] [SEVERE ] removing player 2 token from slot 7
[19:48:51.243] [SEVERE ] removing player 2 token from slot 1
[19:48:51.244] [SEVERE ] setting player 2 freeze to 0
[19:48:51.249] [SEVERE ] player 2 placing token on slot 9
[19:48:51.249] [INFO   ] actions size of computer-1 is 1
[19:48:51.250] [SEVERE ] player 2 placing token on slot 3
[19:48:51.250] [INFO   ] actions size of computer-1 is 2
[19:48:51.251] [SEVERE ] player 2 placing token on slot 6
[19:48:51.251] [INFO   ] actions size of computer-1 is 3
[19:48:51.252] [INFO   ] tread computer-1 set added
[19:48:51.252] [INFO   ] num of sets to check 1
[19:48:51.259] [INFO   ] Thread dealer checking set.
[19:48:51.260] [INFO   ] Thread dealer say : this is not set!!!!!.
[19:48:51.260] [INFO   ] Thread dealer change state to -1
[19:48:51.261] [INFO   ] Thread dealer change setCheck to 1
[19:48:51.262] [SEVERE ] setting player 2 freeze to 500
[19:48:51.553] [SEVERE ] removing player 1 token from slot 10
[19:48:51.553] [SEVERE ] removing player 1 token from slot 5
[19:48:51.554] [SEVERE ] removing player 1 token from slot 6
[19:48:51.554] [SEVERE ] setting player 1 freeze to 0
[19:48:51.563] [SEVERE ] player 1 placing token on slot 7
[19:48:51.564] [INFO   ] actions size of computer-0 is 1
[19:48:51.564] [SEVERE ] player 1 placing token on slot 5
[19:48:51.566] [INFO   ] actions size of computer-0 is 2
[19:48:51.566] [SEVERE ] player 1 placing token on slot 6
[19:48:51.567] [INFO   ] actions size of computer-0 is 3
[19:48:51.567] [INFO   ] tread computer-0 set added
[19:48:51.568] [INFO   ] num of sets to check 1
[19:48:51.573] [INFO   ] Thread dealer checking set.
[19:48:51.573] [INFO   ] Thread dealer say : this is not set!!!!!.
[19:48:51.573] [INFO   ] Thread dealer change state to -1
[19:48:51.574] [INFO   ] Thread dealer change setCheck to 1
[19:48:51.575] [SEVERE ] setting player 1 freeze to 500
[19:48:51.763] [SEVERE ] removing player 2 token from slot 9
[19:48:51.763] [SEVERE ] removing player 2 token from slot 3
[19:48:51.764] [SEVERE ] removing player 2 token from slot 6
[19:48:51.765] [SEVERE ] setting player 2 freeze to 0
[19:48:51.769] [SEVERE ] player 2 placing token on slot 9
[19:48:51.770] [INFO   ] actions size of computer-1 is 1
[19:48:51.770] [SEVERE ] removing player 2 token from slot 9
[19:48:51.771] [SEVERE ] player 2 placing token on slot 5
[19:48:51.772] [INFO   ] actions size of computer-1 is 1
[19:48:51.772] [SEVERE ] player 2 placing token on slot 11
[19:48:51.773] [INFO   ] actions size of computer-1 is 2
[19:48:51.774] [SEVERE ] player 2 placing token on slot 0
[19:48:51.774] [INFO   ] actions size of computer-1 is 3
[19:48:51.775] [INFO   ] tread computer-1 set added
[19:48:51.776] [INFO   ] num of sets to check 1
[19:48:51.780] [INFO   ] Thread dealer checking set.
[19:48:51.780] [INFO   ] Thread dealer say : this is not set!!!!!.
[19:48:51.781] [INFO   ] Thread dealer change state to -1
[19:48:51.781] [INFO   ] Thread dealer change setCheck to 1
[19:48:51.782] [SEVERE ] setting player 2 freeze to 500
[19:48:51.948] [SEVERE ] updating countdown to 4000
[19:48:52.075] [SEVERE ] removing player 1 token from slot 7
[19:48:52.076] [SEVERE ] removing player 1 token from slot 5
[19:48:52.077] [SEVERE ] removing player 1 token from slot 6
[19:48:52.077] [SEVERE ] setting player 1 freeze to 0
[19:48:52.083] [SEVERE ] player 1 placing token on slot 6
[19:48:52.084] [INFO   ] actions size of computer-0 is 1
[19:48:52.084] [SEVERE ] removing player 1 token from slot 6
[19:48:52.085] [SEVERE ] player 1 placing token on slot 7
[19:48:52.085] [INFO   ] actions size of computer-0 is 1
[19:48:52.086] [SEVERE ] player 1 placing token on slot 2
[19:48:52.086] [INFO   ] actions size of computer-0 is 2
[19:48:52.087] [SEVERE ] player 1 placing token on slot 11
[19:48:52.088] [INFO   ] actions size of computer-0 is 3
[19:48:52.089] [INFO   ] tread computer-0 set added
[19:48:52.089] [INFO   ] num of sets to check 1
[19:48:52.091] [INFO   ] Thread dealer checking set.
[19:48:52.091] [INFO   ] Thread dealer say : this is not set!!!!!.
[19:48:52.092] [INFO   ] Thread dealer change state to -1
[19:48:52.092] [INFO   ] Thread dealer change setCheck to 1
[19:48:52.093] [SEVERE ] setting player 1 freeze to 500
[19:48:52.283] [SEVERE ] removing player 2 token from slot 5
[19:48:52.283] [SEVERE ] removing player 2 token from slot 11
[19:48:52.284] [SEVERE ] removing player 2 token from slot 0
[19:48:52.285] [SEVERE ] setting player 2 freeze to 0
[19:48:52.291] [SEVERE ] player 2 placing token on slot 11
[19:48:52.291] [INFO   ] actions size of computer-1 is 1
[19:48:52.292] [SEVERE ] player 2 placing token on slot 5
[19:48:52.293] [INFO   ] actions size of computer-1 is 2
[19:48:52.294] [SEVERE ] player 2 placing token on slot 1
[19:48:52.294] [INFO   ] actions size of computer-1 is 3
[19:48:52.295] [INFO   ] tread computer-1 set added
[19:48:52.296] [INFO   ] num of sets to check 1
[19:48:52.301] [INFO   ] Thread dealer checking set.
[19:48:52.301] [INFO   ] Thread dealer say : this is not set!!!!!.
[19:48:52.302] [INFO   ] Thread dealer change state to -1
[19:48:52.303] [INFO   ] Thread dealer change setCheck to 1
[19:48:52.304] [SEVERE ] setting player 2 freeze to 500
[19:48:52.594] [SEVERE ] removing player 1 token from slot 7
[19:48:52.594] [SEVERE ] removing player 1 token from slot 2
[19:48:52.594] [SEVERE ] removing player 1 token from slot 11
[19:48:52.595] [SEVERE ] setting player 1 freeze to 0
[19:48:52.596] [SEVERE ] player 1 placing token on slot 3
[19:48:52.596] [INFO   ] actions size of computer-0 is 1
[19:48:52.596] [SEVERE ] player 1 placing token on slot 6
[19:48:52.597] [INFO   ] actions size of computer-0 is 2
[19:48:52.597] [SEVERE ] player 1 placing token on slot 9
[19:48:52.598] [INFO   ] actions size of computer-0 is 3
[19:48:52.598] [INFO   ] tread computer-0 set added
[19:48:52.599] [INFO   ] num of sets to check 1
[19:48:52.606] [INFO   ] Thread dealer checking set.
[19:48:52.606] [INFO   ] Thread dealer say : this is not set!!!!!.
[19:48:52.606] [INFO   ] Thread dealer change state to -1
[19:48:52.606] [INFO   ] Thread dealer change setCheck to 1
[19:48:52.607] [SEVERE ] setting player 1 freeze to 500
[19:48:52.804] [SEVERE ] removing player 2 token from slot 11
[19:48:52.805] [SEVERE ] removing player 2 token from slot 5
[19:48:52.805] [SEVERE ] removing player 2 token from slot 1
[19:48:52.806] [SEVERE ] setting player 2 freeze to 0
[19:48:52.814] [SEVERE ] player 2 placing token on slot 10
[19:48:52.814] [INFO   ] actions size of computer-1 is 1
[19:48:52.814] [SEVERE ] player 2 placing token on slot 8
[19:48:52.814] [INFO   ] actions size of computer-1 is 2
[19:48:52.814] [SEVERE ] player 2 placing token on slot 0
[19:48:52.814] [INFO   ] actions size of computer-1 is 3
[19:48:52.814] [INFO   ] tread computer-1 set added
[19:48:52.814] [INFO   ] num of sets to check 1
[19:48:52.824] [INFO   ] Thread dealer checking set.
[19:48:52.824] [INFO   ] Thread dealer say : this is not set!!!!!.
[19:48:52.824] [INFO   ] Thread dealer change state to -1
[19:48:52.825] [INFO   ] Thread dealer change setCheck to 1
[19:48:52.825] [SEVERE ] setting player 2 freeze to 500
[19:48:53.107] [SEVERE ] removing player 1 token from slot 3
[19:48:53.108] [SEVERE ] removing player 1 token from slot 6
[19:48:53.109] [SEVERE ] removing player 1 token from slot 9
[19:48:53.109] [SEVERE ] setting player 1 freeze to 0
[19:48:53.116] [SEVERE ] player 1 placing token on slot 4
[19:48:53.116] [INFO   ] actions size of computer-0 is 1
[19:48:53.117] [SEVERE ] player 1 placing token on slot 6
[19:48:53.118] [INFO   ] actions size of computer-0 is 2
[19:48:53.119] [SEVERE ] player 1 placing token on slot 1
[19:48:53.119] [INFO   ] actions size of computer-0 is 3
[19:48:53.120] [INFO   ] tread computer-0 set added
[19:48:53.121] [INFO   ] num of sets to check 1
[19:48:53.126] [INFO   ] Thread dealer checking set.
[19:48:53.127] [INFO   ] Thread dealer say : this is not set!!!!!.
[19:48:53.128] [INFO   ] Thread dealer change state to -1
[19:48:53.128] [INFO   ] Thread dealer change setCheck to 1
[19:48:53.129] [SEVERE ] setting player 1 freeze to 500
[19:48:53.326] [SEVERE ] removing player 2 token from slot 10
[19:48:53.326] [SEVERE ] removing player 2 token from slot 8
[19:48:53.327] [SEVERE ] removing player 2 token from slot 0
[19:48:53.328] [SEVERE ] setting player 2 freeze to 0
[19:48:53.337] [SEVERE ] player 2 placing token on slot 3
[19:48:53.337] [INFO   ] actions size of computer-1 is 1
[19:48:53.338] [SEVERE ] player 2 placing token on slot 6
[19:48:53.339] [INFO   ] actions size of computer-1 is 2
[19:48:53.340] [SEVERE ] player 2 placing token on slot 7
[19:48:53.340] [INFO   ] actions size of computer-1 is 3
[19:48:53.341] [INFO   ] tread computer-1 set added
[19:48:53.341] [INFO   ] num of sets to check 1
[19:48:53.347] [INFO   ] Thread dealer checking set.
[19:48:53.348] [INFO   ] Thread dealer say : this is not set!!!!!.
[19:48:53.348] [INFO   ] Thread dealer change state to -1
[19:48:53.349] [INFO   ] Thread dealer change setCheck to 1
[19:48:53.350] [SEVERE ] setting player 2 freeze to 500
[19:48:53.630] [SEVERE ] removing player 1 token from slot 4
[19:48:53.630] [SEVERE ] removing player 1 token from slot 6
[19:48:53.631] [SEVERE ] removing player 1 token from slot 1
[19:48:53.632] [SEVERE ] setting player 1 freeze to 0
[19:48:53.640] [SEVERE ] player 1 placing token on slot 0
[19:48:53.641] [INFO   ] actions size of computer-0 is 1
[19:48:53.641] [SEVERE ] player 1 placing token on slot 6
[19:48:53.642] [INFO   ] actions size of computer-0 is 2
[19:48:53.642] [SEVERE ] player 1 placing token on slot 3
[19:48:53.643] [INFO   ] actions size of computer-0 is 3
[19:48:53.644] [INFO   ] tread computer-0 set added
[19:48:53.644] [INFO   ] num of sets to check 1
[19:48:53.650] [INFO   ] Thread dealer checking set.
[19:48:53.651] [INFO   ] Thread dealer say : this is not set!!!!!.
[19:48:53.651] [INFO   ] Thread dealer change state to -1
[19:48:53.652] [INFO   ] Thread dealer change setCheck to 1
[19:48:53.653] [SEVERE ] setting player 1 freeze to 500
[19:48:53.851] [SEVERE ] removing player 2 token from slot 3
[19:48:53.851] [SEVERE ] removing player 2 token from slot 6
[19:48:53.851] [SEVERE ] removing player 2 token from slot 7
[19:48:53.851] [SEVERE ] setting player 2 freeze to 0
[19:48:53.858] [SEVERE ] player 2 placing token on slot 3
[19:48:53.858] [INFO   ] actions size of computer-1 is 1
[19:48:53.858] [SEVERE ] player 2 placing token on slot 6
[19:48:53.858] [INFO   ] actions size of computer-1 is 2
[19:48:53.859] [SEVERE ] player 2 placing token on slot 2
[19:48:53.860] [INFO   ] actions size of computer-1 is 3
[19:48:53.860] [INFO   ] tread computer-1 set added
[19:48:53.861] [INFO   ] num of sets to check 1
[19:48:53.868] [INFO   ] Thread dealer checking set.
[19:48:53.869] [INFO   ] Thread dealer say : this is not set!!!!!.
[19:48:53.869] [INFO   ] Thread dealer change state to -1
[19:48:53.869] [INFO   ] Thread dealer change setCheck to 1
[19:48:53.869] [SEVERE ] setting player 2 freeze to 500
[19:48:54.154] [SEVERE ] removing player 1 token from slot 0
[19:48:54.154] [SEVERE ] removing player 1 token from slot 6
[19:48:54.155] [SEVERE ] removing player 1 token from slot 3
[19:48:54.156] [SEVERE ] setting player 1 freeze to 0
[19:48:54.159] [SEVERE ] player 1 placing token on slot 0
[19:48:54.160] [INFO   ] actions size of computer-0 is 1
[19:48:54.160] [SEVERE ] player 1 placing token on slot 9
[19:48:54.160] [INFO   ] actions size of computer-0 is 2
[19:48:54.160] [SEVERE ] player 1 placing token on slot 5
[19:48:54.160] [INFO   ] actions size of computer-0 is 3
[19:48:54.160] [INFO   ] tread computer-0 set added
[19:48:54.160] [INFO   ] num of sets to check 1
[19:48:54.170] [INFO   ] Thread dealer checking set.
[19:48:54.170] [INFO   ] Thread dealer say : this is not set!!!!!.
[19:48:54.171] [INFO   ] Thread dealer change state to -1
[19:48:54.171] [INFO   ] Thread dealer change setCheck to 1
[19:48:54.172] [SEVERE ] setting player 1 freeze to 500
[19:48:54.369] [SEVERE ] removing player 2 token from slot 3
[19:48:54.370] [SEVERE ] removing player 2 token from slot 6
[19:48:54.371] [SEVERE ] removing player 2 token from slot 2
[19:48:54.371] [SEVERE ] setting player 2 freeze to 0
[19:48:54.379] [SEVERE ] player 2 placing token on slot 6
[19:48:54.379] [INFO   ] actions size of computer-1 is 1
[19:48:54.379] [SEVERE ] player 2 placing token on slot 2
[19:48:54.380] [INFO   ] actions size of computer-1 is 2
[19:48:54.381] [SEVERE ] player 2 placing token on slot 4
[19:48:54.382] [INFO   ] actions size of computer-1 is 3
[19:48:54.382] [INFO   ] tread computer-1 set added
[19:48:54.383] [INFO   ] num of sets to check 1
[19:48:54.389] [INFO   ] Thread dealer checking set.
[19:48:54.390] [INFO   ] Thread dealer say : this is not set!!!!!.
[19:48:54.391] [INFO   ] Thread dealer change state to -1
[19:48:54.391] [INFO   ] Thread dealer change setCheck to 1
[19:48:54.392] [SEVERE ] setting player 2 freeze to 500
[19:48:54.673] [SEVERE ] removing player 1 token from slot 0
[19:48:54.673] [SEVERE ] removing player 1 token from slot 9
[19:48:54.674] [SEVERE ] removing player 1 token from slot 5
[19:48:54.675] [SEVERE ] setting player 1 freeze to 0
[19:48:54.689] [SEVERE ] player 1 placing token on slot 8
[19:48:54.689] [INFO   ] actions size of computer-0 is 1
[19:48:54.690] [SEVERE ] player 1 placing token on slot 9
[19:48:54.691] [INFO   ] actions size of computer-0 is 2
[19:48:54.691] [SEVERE ] player 1 placing token on slot 10
[19:48:54.692] [INFO   ] actions size of computer-0 is 3
[19:48:54.692] [INFO   ] tread computer-0 set added
[19:48:54.693] [INFO   ] num of sets to check 1
[19:48:54.698] [INFO   ] Thread dealer checking set.
[19:48:54.698] [INFO   ] Thread dealer say : this is not set!!!!!.
[19:48:54.698] [INFO   ] Thread dealer change state to -1
[19:48:54.699] [INFO   ] Thread dealer change setCheck to 1
[19:48:54.700] [SEVERE ] setting player 1 freeze to 500
[19:48:54.893] [SEVERE ] removing player 2 token from slot 6
[19:48:54.894] [SEVERE ] removing player 2 token from slot 2
[19:48:54.895] [SEVERE ] removing player 2 token from slot 4
[19:48:54.895] [SEVERE ] setting player 2 freeze to 0
[19:48:54.898] [SEVERE ] player 2 placing token on slot 10
[19:48:54.899] [INFO   ] actions size of computer-1 is 1
[19:48:54.899] [SEVERE ] player 2 placing token on slot 1
[19:48:54.900] [INFO   ] actions size of computer-1 is 2
[19:48:54.901] [SEVERE ] player 2 placing token on slot 6
[19:48:54.902] [INFO   ] actions size of computer-1 is 3
[19:48:54.902] [INFO   ] tread computer-1 set added
[19:48:54.903] [INFO   ] num of sets to check 1
[19:48:54.909] [INFO   ] Thread dealer checking set.
[19:48:54.909] [INFO   ] Thread dealer say : this is not set!!!!!.
[19:48:54.910] [INFO   ] Thread dealer change state to -1
[19:48:54.911] [INFO   ] Thread dealer change setCheck to 1
[19:48:54.912] [SEVERE ] setting player 2 freeze to 500
[19:48:55.201] [SEVERE ] removing player 1 token from slot 8
[19:48:55.201] [SEVERE ] removing player 1 token from slot 9
[19:48:55.202] [SEVERE ] removing player 1 token from slot 10
[19:48:55.202] [SEVERE ] setting player 1 freeze to 0
[19:48:55.205] [SEVERE ] player 1 placing token on slot 9
[19:48:55.205] [INFO   ] actions size of computer-0 is 1
[19:48:55.205] [SEVERE ] player 1 placing token on slot 8
[19:48:55.205] [INFO   ] actions size of computer-0 is 2
[19:48:55.205] [SEVERE ] player 1 placing token on slot 11
[19:48:55.205] [INFO   ] actions size of computer-0 is 3
[19:48:55.206] [INFO   ] tread computer-0 set added
[19:48:55.206] [INFO   ] num of sets to check 1
[19:48:55.215] [INFO   ] Thread dealer checking set.
[19:48:55.215] [INFO   ] Thread dealer say : this is not set!!!!!.
[19:48:55.215] [INFO   ] Thread dealer change state to -1
[19:48:55.215] [INFO   ] Thread dealer change setCheck to 1
[19:48:55.215] [SEVERE ] setting player 1 freeze to 500
[19:48:55.412] [SEVERE ] removing player 2 token from slot 10
[19:48:55.413] [SEVERE ] removing player 2 token from slot 1
[19:48:55.414] [SEVERE ] removing player 2 token from slot 6
[19:48:55.414] [SEVERE ] setting player 2 freeze to 0
[19:48:55.424] [SEVERE ] player 2 placing token on slot 3
[19:48:55.424] [INFO   ] actions size of computer-1 is 1
[19:48:55.425] [SEVERE ] player 2 placing token on slot 10
[19:48:55.426] [INFO   ] actions size of computer-1 is 2
[19:48:55.426] [SEVERE ] player 2 placing token on slot 8
[19:48:55.428] [INFO   ] actions size of computer-1 is 3
[19:48:55.428] [INFO   ] tread computer-1 set added
[19:48:55.444] [INFO   ] num of sets to check 1
[19:48:55.434] [INFO   ] Thread dealer checking set.
[19:48:55.446] [INFO   ] Thread dealer say : this is not set!!!!!.
[19:48:55.446] [INFO   ] Thread dealer change state to -1
[19:48:55.446] [INFO   ] Thread dealer change setCheck to 1
[19:48:55.447] [SEVERE ] setting player 2 freeze to 500
[19:48:55.716] [SEVERE ] removing player 1 token from slot 9
[19:48:55.717] [SEVERE ] removing player 1 token from slot 8
[19:48:55.718] [SEVERE ] removing player 1 token from slot 11
[19:48:55.718] [SEVERE ] setting player 1 freeze to 0
[19:48:55.719] [SEVERE ] player 1 placing token on slot 6
[19:48:55.720] [INFO   ] actions size of computer-0 is 1
[19:48:55.721] [SEVERE ] player 1 placing token on slot 0
[19:48:55.721] [INFO   ] actions size of computer-0 is 2
[19:48:55.722] [SEVERE ] removing player 1 token from slot 6
[19:48:55.723] [SEVERE ] removing player 1 token from slot 0
[19:48:55.723] [SEVERE ] player 1 placing token on slot 11
[19:48:55.724] [INFO   ] actions size of computer-0 is 1
[19:48:55.724] [SEVERE ] player 1 placing token on slot 3
[19:48:55.725] [INFO   ] actions size of computer-0 is 2
[19:48:55.725] [SEVERE ] player 1 placing token on slot 6
[19:48:55.726] [INFO   ] actions size of computer-0 is 3
[19:48:55.726] [INFO   ] tread computer-0 set added
[19:48:55.726] [INFO   ] num of sets to check 1
[19:48:55.729] [INFO   ] Thread dealer checking set.
[19:48:55.729] [INFO   ] Thread dealer say : this is not set!!!!!.
[19:48:55.730] [INFO   ] Thread dealer change state to -1
[19:48:55.730] [INFO   ] Thread dealer change setCheck to 1
[19:48:55.731] [SEVERE ] setting player 1 freeze to 500
