[19:43:23.906] [INFO   ] thread main starting.
[19:43:23.915] [SEVERE ] cannot read configuration file config.properties trying from resources.
[19:43:23.917] [SEVERE ] configuration file was loaded from resources directory.
[19:43:24.384] [INFO   ] thread dealer starting.
[19:43:24.385] [INFO   ] thread player number 0 starting.
[19:43:24.385] [INFO   ] thread player number 1 starting.
[19:43:24.386] [INFO   ] thread computer-1 starting.
[19:43:24.389] [INFO   ] Thread dealer found empty slot 0
[19:43:24.395] [INFO   ] thread computer-0 starting.
[19:43:24.495] [SEVERE ] placing card 59 in slot 0
[19:43:24.495] [SEVERE ] player 1 placing token on slot 0
[19:43:24.495] [INFO   ] Thread dealer found empty slot 1
[19:43:24.496] [SEVERE ] player 2 placing token on slot 0
[19:43:24.497] [INFO   ] actions size of computer-1 is 1
[19:43:24.496] [INFO   ] actions size of computer-0 is 1
[19:43:24.497] [SEVERE ] removing player 2 token from slot 0
[19:43:24.498] [SEVERE ] removing player 1 token from slot 0
[19:43:24.498] [SEVERE ] player 2 placing token on slot 0
[19:43:24.499] [SEVERE ] player 1 placing token on slot 0
[19:43:24.499] [INFO   ] actions size of computer-1 is 1
[19:43:24.500] [INFO   ] actions size of computer-0 is 1
[19:43:24.501] [SEVERE ] removing player 1 token from slot 0
[19:43:24.500] [SEVERE ] removing player 2 token from slot 0
[19:43:24.502] [SEVERE ] player 1 placing token on slot 0
[19:43:24.502] [INFO   ] actions size of computer-0 is 1
[19:43:24.502] [SEVERE ] player 2 placing token on slot 0
[19:43:24.503] [INFO   ] actions size of computer-1 is 1
[19:43:24.503] [SEVERE ] removing player 1 token from slot 0
[19:43:24.504] [SEVERE ] player 1 placing token on slot 0
[19:43:24.505] [INFO   ] actions size of computer-0 is 1
[19:43:24.505] [SEVERE ] removing player 1 token from slot 0
[19:43:24.503] [SEVERE ] removing player 2 token from slot 0
[19:43:24.505] [SEVERE ] player 1 placing token on slot 0
[19:43:24.505] [INFO   ] actions size of computer-0 is 1
[19:43:24.506] [SEVERE ] removing player 1 token from slot 0
[19:43:24.506] [SEVERE ] player 1 placing token on slot 0
[19:43:24.505] [SEVERE ] player 2 placing token on slot 0
[19:43:24.506] [INFO   ] actions size of computer-1 is 1
[19:43:24.507] [SEVERE ] removing player 2 token from slot 0
[19:43:24.508] [SEVERE ] player 2 placing token on slot 0
[19:43:24.509] [INFO   ] actions size of computer-1 is 1
[19:43:24.509] [SEVERE ] removing player 2 token from slot 0
[19:43:24.509] [SEVERE ] player 2 placing token on slot 0
[19:43:24.510] [INFO   ] actions size of computer-1 is 1
[19:43:24.506] [INFO   ] actions size of computer-0 is 1
[19:43:24.511] [SEVERE ] removing player 1 token from slot 0
[19:43:24.511] [SEVERE ] player 1 placing token on slot 0
[19:43:24.511] [INFO   ] actions size of computer-0 is 1
[19:43:24.511] [SEVERE ] removing player 1 token from slot 0
[19:43:24.511] [SEVERE ] player 1 placing token on slot 0
[19:43:24.511] [INFO   ] actions size of computer-0 is 1
[19:43:24.514] [SEVERE ] removing player 1 token from slot 0
[19:43:24.515] [SEVERE ] removing player 2 token from slot 0
[19:43:24.521] [SEVERE ] player 2 placing token on slot 0
[19:43:24.521] [INFO   ] actions size of computer-1 is 1
[19:43:24.521] [SEVERE ] removing player 2 token from slot 0
[19:43:24.521] [SEVERE ] player 2 placing token on slot 0
[19:43:24.521] [INFO   ] actions size of computer-1 is 1
[19:43:24.522] [SEVERE ] removing player 2 token from slot 0
[19:43:24.520] [SEVERE ] player 1 placing token on slot 0
[19:43:24.522] [SEVERE ] player 2 placing token on slot 0
[19:43:24.522] [INFO   ] actions size of computer-0 is 1
[19:43:24.523] [INFO   ] actions size of computer-1 is 1
[19:43:24.524] [SEVERE ] removing player 1 token from slot 0
[19:43:24.524] [SEVERE ] removing player 2 token from slot 0
[19:43:24.526] [SEVERE ] player 2 placing token on slot 0
[19:43:24.526] [INFO   ] actions size of computer-1 is 1
[19:43:24.526] [SEVERE ] removing player 2 token from slot 0
[19:43:24.526] [SEVERE ] player 2 placing token on slot 0
[19:43:24.526] [INFO   ] actions size of computer-1 is 1
[19:43:24.530] [SEVERE ] removing player 2 token from slot 0
[19:43:24.527] [SEVERE ] player 1 placing token on slot 0
[19:43:24.531] [INFO   ] actions size of computer-0 is 1
[19:43:24.532] [SEVERE ] removing player 1 token from slot 0
[19:43:24.531] [SEVERE ] player 2 placing token on slot 0
[19:43:24.533] [SEVERE ] player 1 placing token on slot 0
[19:43:24.534] [INFO   ] actions size of computer-0 is 1
[19:43:24.534] [SEVERE ] removing player 1 token from slot 0
[19:43:24.535] [SEVERE ] player 1 placing token on slot 0
[19:43:24.535] [INFO   ] actions size of computer-0 is 1
[19:43:24.535] [SEVERE ] removing player 1 token from slot 0
[19:43:24.534] [INFO   ] actions size of computer-1 is 1
[19:43:24.535] [SEVERE ] removing player 2 token from slot 0
[19:43:24.535] [SEVERE ] player 2 placing token on slot 0
[19:43:24.535] [INFO   ] actions size of computer-1 is 1
[19:43:24.536] [SEVERE ] removing player 2 token from slot 0
[19:43:24.536] [SEVERE ] player 2 placing token on slot 0
[19:43:24.536] [INFO   ] actions size of computer-1 is 1
[19:43:24.536] [SEVERE ] removing player 2 token from slot 0
[19:43:24.536] [SEVERE ] player 2 placing token on slot 0
[19:43:24.536] [INFO   ] actions size of computer-1 is 1
[19:43:24.537] [SEVERE ] removing player 2 token from slot 0
[19:43:24.538] [SEVERE ] player 1 placing token on slot 0
[19:43:24.540] [INFO   ] actions size of computer-0 is 1
[19:43:24.540] [SEVERE ] player 2 placing token on slot 0
[19:43:24.544] [INFO   ] actions size of computer-1 is 1
[19:43:24.544] [SEVERE ] removing player 2 token from slot 0
[19:43:24.548] [SEVERE ] player 2 placing token on slot 0
[19:43:24.548] [INFO   ] actions size of computer-1 is 1
[19:43:24.549] [SEVERE ] removing player 2 token from slot 0
[19:43:24.550] [SEVERE ] player 2 placing token on slot 0
[19:43:24.550] [INFO   ] actions size of computer-1 is 1
[19:43:24.553] [SEVERE ] removing player 2 token from slot 0
[19:43:24.554] [SEVERE ] player 2 placing token on slot 0
[19:43:24.554] [INFO   ] actions size of computer-1 is 1
[19:43:24.555] [SEVERE ] removing player 2 token from slot 0
[19:43:24.555] [SEVERE ] removing player 1 token from slot 0
[19:43:24.556] [SEVERE ] player 2 placing token on slot 0
[19:43:24.556] [SEVERE ] player 1 placing token on slot 0
[19:43:24.557] [INFO   ] actions size of computer-1 is 1
[19:43:24.559] [INFO   ] actions size of computer-0 is 1
[19:43:24.560] [SEVERE ] removing player 1 token from slot 0
[19:43:24.562] [SEVERE ] player 1 placing token on slot 0
[19:43:24.560] [SEVERE ] removing player 2 token from slot 0
[19:43:24.563] [INFO   ] actions size of computer-0 is 1
[19:43:24.563] [SEVERE ] player 2 placing token on slot 0
[19:43:24.565] [INFO   ] actions size of computer-1 is 1
[19:43:24.565] [SEVERE ] removing player 1 token from slot 0
[19:43:24.566] [SEVERE ] player 1 placing token on slot 0
[19:43:24.565] [SEVERE ] removing player 2 token from slot 0
[19:43:24.567] [INFO   ] actions size of computer-0 is 1
[19:43:24.568] [SEVERE ] removing player 1 token from slot 0
[19:43:24.568] [SEVERE ] player 2 placing token on slot 0
[19:43:24.569] [SEVERE ] player 1 placing token on slot 0
[19:43:24.570] [INFO   ] actions size of computer-0 is 1
[19:43:24.570] [SEVERE ] removing player 1 token from slot 0
[19:43:24.569] [INFO   ] actions size of computer-1 is 1
[19:43:24.571] [SEVERE ] player 1 placing token on slot 0
[19:43:24.571] [SEVERE ] removing player 2 token from slot 0
[19:43:24.572] [SEVERE ] player 2 placing token on slot 0
[19:43:24.572] [INFO   ] actions size of computer-1 is 1
[19:43:24.572] [SEVERE ] removing player 2 token from slot 0
[19:43:24.572] [SEVERE ] player 2 placing token on slot 0
[19:43:24.573] [INFO   ] actions size of computer-1 is 1
[19:43:24.573] [SEVERE ] removing player 2 token from slot 0
[19:43:24.573] [SEVERE ] player 2 placing token on slot 0
[19:43:24.573] [INFO   ] actions size of computer-1 is 1
[19:43:24.573] [SEVERE ] removing player 2 token from slot 0
[19:43:24.574] [SEVERE ] player 2 placing token on slot 0
[19:43:24.575] [INFO   ] actions size of computer-1 is 1
[19:43:24.571] [INFO   ] actions size of computer-0 is 1
[19:43:24.578] [SEVERE ] removing player 1 token from slot 0
[19:43:24.578] [SEVERE ] player 1 placing token on slot 0
[19:43:24.579] [INFO   ] actions size of computer-0 is 1
[19:43:24.579] [SEVERE ] removing player 1 token from slot 0
[19:43:24.580] [SEVERE ] player 1 placing token on slot 0
[19:43:24.579] [SEVERE ] removing player 2 token from slot 0
[19:43:24.581] [INFO   ] actions size of computer-0 is 1
[19:43:24.582] [SEVERE ] removing player 1 token from slot 0
[19:43:24.581] [SEVERE ] player 2 placing token on slot 0
[19:43:24.582] [SEVERE ] player 1 placing token on slot 0
[19:43:24.582] [INFO   ] actions size of computer-1 is 1
[19:43:24.583] [INFO   ] actions size of computer-0 is 1
[19:43:24.583] [SEVERE ] removing player 2 token from slot 0
[19:43:24.584] [SEVERE ] removing player 1 token from slot 0
[19:43:24.586] [SEVERE ] player 1 placing token on slot 0
[19:43:24.585] [SEVERE ] player 2 placing token on slot 0
[19:43:24.586] [INFO   ] actions size of computer-0 is 1
[19:43:24.587] [INFO   ] actions size of computer-1 is 1
[19:43:24.587] [SEVERE ] removing player 2 token from slot 0
[19:43:24.587] [SEVERE ] removing player 1 token from slot 0
[19:43:24.588] [SEVERE ] player 2 placing token on slot 0
[19:43:24.588] [SEVERE ] player 1 placing token on slot 0
[19:43:24.589] [INFO   ] actions size of computer-0 is 1
[19:43:24.589] [INFO   ] actions size of computer-1 is 1
[19:43:24.590] [SEVERE ] removing player 1 token from slot 0
[19:43:24.590] [SEVERE ] removing player 2 token from slot 0
[19:43:24.592] [SEVERE ] player 1 placing token on slot 0
[19:43:24.593] [INFO   ] actions size of computer-0 is 1
[19:43:24.593] [SEVERE ] removing player 1 token from slot 0
[19:43:24.593] [SEVERE ] player 1 placing token on slot 0
[19:43:24.594] [INFO   ] actions size of computer-0 is 1
[19:43:24.594] [SEVERE ] removing player 1 token from slot 0
[19:43:24.594] [SEVERE ] player 1 placing token on slot 0
[19:43:24.594] [INFO   ] actions size of computer-0 is 1
[19:43:24.595] [SEVERE ] removing player 1 token from slot 0
[19:43:24.595] [SEVERE ] player 1 placing token on slot 0
[19:43:24.596] [INFO   ] actions size of computer-0 is 1
[19:43:24.597] [SEVERE ] removing player 1 token from slot 0
[19:43:24.592] [SEVERE ] player 2 placing token on slot 0
[19:43:24.597] [SEVERE ] player 1 placing token on slot 0
[19:43:24.596] [SEVERE ] placing card 62 in slot 1
[19:43:24.598] [INFO   ] Thread dealer found empty slot 2
[19:43:24.598] [INFO   ] actions size of computer-0 is 1
[19:43:24.598] [SEVERE ] removing player 1 token from slot 0
[19:43:24.598] [INFO   ] actions size of computer-1 is 1
[19:43:24.599] [SEVERE ] player 1 placing token on slot 1
[19:43:24.601] [INFO   ] actions size of computer-0 is 1
[19:43:24.601] [SEVERE ] player 1 placing token on slot 0
[19:43:24.602] [INFO   ] actions size of computer-0 is 2
[19:43:24.602] [SEVERE ] removing player 1 token from slot 0
[19:43:24.603] [SEVERE ] player 1 placing token on slot 0
[19:43:24.603] [INFO   ] actions size of computer-0 is 2
[19:43:24.604] [SEVERE ] removing player 1 token from slot 0
[19:43:24.604] [SEVERE ] removing player 1 token from slot 1
[19:43:24.605] [SEVERE ] player 1 placing token on slot 1
[19:43:24.605] [INFO   ] actions size of computer-0 is 1
[19:43:24.607] [SEVERE ] removing player 2 token from slot 0
[19:43:24.607] [SEVERE ] removing player 1 token from slot 1
[19:43:24.608] [SEVERE ] player 2 placing token on slot 0
[19:43:24.610] [INFO   ] actions size of computer-1 is 1
[19:43:24.610] [SEVERE ] player 2 placing token on slot 1
[19:43:24.610] [INFO   ] actions size of computer-1 is 2
[19:43:24.610] [SEVERE ] removing player 2 token from slot 0
[19:43:24.610] [SEVERE ] player 2 placing token on slot 0
[19:43:24.610] [INFO   ] actions size of computer-1 is 2
[19:43:24.610] [SEVERE ] removing player 2 token from slot 1
[19:43:24.610] [SEVERE ] player 2 placing token on slot 1
[19:43:24.611] [INFO   ] actions size of computer-1 is 2
[19:43:24.611] [SEVERE ] removing player 2 token from slot 0
[19:43:24.609] [SEVERE ] player 1 placing token on slot 0
[19:43:24.614] [INFO   ] actions size of computer-0 is 1
[19:43:24.614] [SEVERE ] removing player 2 token from slot 1
[19:43:24.614] [SEVERE ] removing player 1 token from slot 0
[19:43:24.615] [SEVERE ] player 2 placing token on slot 0
[19:43:24.619] [INFO   ] actions size of computer-1 is 1
[19:43:24.619] [SEVERE ] removing player 2 token from slot 0
[19:43:24.619] [SEVERE ] player 2 placing token on slot 0
[19:43:24.619] [INFO   ] actions size of computer-1 is 1
[19:43:24.619] [SEVERE ] player 2 placing token on slot 1
[19:43:24.619] [INFO   ] actions size of computer-1 is 2
[19:43:24.619] [SEVERE ] removing player 2 token from slot 1
[19:43:24.619] [SEVERE ] removing player 2 token from slot 0
[19:43:24.619] [SEVERE ] player 2 placing token on slot 1
[19:43:24.620] [INFO   ] actions size of computer-1 is 1
[19:43:24.620] [SEVERE ] removing player 2 token from slot 1
[19:43:24.620] [SEVERE ] player 2 placing token on slot 0
[19:43:24.620] [INFO   ] actions size of computer-1 is 1
[19:43:24.620] [SEVERE ] player 2 placing token on slot 1
[19:43:24.620] [INFO   ] actions size of computer-1 is 2
[19:43:24.620] [SEVERE ] removing player 2 token from slot 0
[19:43:24.620] [SEVERE ] removing player 2 token from slot 1
[19:43:24.618] [SEVERE ] player 1 placing token on slot 0
[19:43:24.621] [INFO   ] actions size of computer-0 is 1
[19:43:24.621] [SEVERE ] player 2 placing token on slot 1
[19:43:24.621] [SEVERE ] removing player 1 token from slot 0
[19:43:24.622] [SEVERE ] player 1 placing token on slot 0
[19:43:24.623] [INFO   ] actions size of computer-0 is 1
[19:43:24.624] [SEVERE ] removing player 1 token from slot 0
[19:43:24.622] [INFO   ] actions size of computer-1 is 1
[19:43:24.625] [SEVERE ] player 2 placing token on slot 0
[19:43:24.626] [INFO   ] actions size of computer-1 is 2
[19:43:24.624] [SEVERE ] player 1 placing token on slot 0
[19:43:24.626] [SEVERE ] removing player 2 token from slot 0
[19:43:24.629] [SEVERE ] player 2 placing token on slot 0
[19:43:24.629] [INFO   ] actions size of computer-1 is 2
[19:43:24.628] [INFO   ] actions size of computer-0 is 1
[19:43:24.630] [SEVERE ] removing player 1 token from slot 0
[19:43:24.631] [SEVERE ] player 1 placing token on slot 1
[19:43:24.630] [SEVERE ] removing player 2 token from slot 1
[19:43:24.631] [INFO   ] actions size of computer-0 is 1
[19:43:24.632] [SEVERE ] removing player 1 token from slot 1
[19:43:24.633] [SEVERE ] player 1 placing token on slot 1
[19:43:24.633] [INFO   ] actions size of computer-0 is 1
[19:43:24.633] [SEVERE ] removing player 1 token from slot 1
[19:43:24.633] [SEVERE ] player 2 placing token on slot 1
[19:43:24.634] [SEVERE ] player 1 placing token on slot 0
[19:43:24.635] [INFO   ] actions size of computer-1 is 2
[19:43:24.635] [INFO   ] actions size of computer-0 is 1
[19:43:24.635] [SEVERE ] removing player 2 token from slot 1
[19:43:24.636] [SEVERE ] player 1 placing token on slot 1
[19:43:24.636] [SEVERE ] removing player 2 token from slot 0
[19:43:24.637] [INFO   ] actions size of computer-0 is 2
[19:43:24.637] [SEVERE ] player 2 placing token on slot 1
[19:43:24.638] [SEVERE ] removing player 1 token from slot 0
[19:43:24.639] [SEVERE ] player 1 placing token on slot 0
[19:43:24.638] [INFO   ] actions size of computer-1 is 1
[19:43:24.640] [SEVERE ] removing player 2 token from slot 1
[19:43:24.639] [INFO   ] actions size of computer-0 is 2
[19:43:24.641] [SEVERE ] player 2 placing token on slot 0
[19:43:24.642] [INFO   ] actions size of computer-1 is 1
[19:43:24.643] [SEVERE ] removing player 2 token from slot 0
[19:43:24.641] [SEVERE ] removing player 1 token from slot 0
[19:43:24.644] [SEVERE ] removing player 1 token from slot 1
[19:43:24.644] [SEVERE ] player 2 placing token on slot 0
[19:43:24.646] [INFO   ] actions size of computer-1 is 1
[19:43:24.647] [SEVERE ] removing player 2 token from slot 0
[19:43:24.647] [SEVERE ] player 2 placing token on slot 1
[19:43:24.648] [INFO   ] actions size of computer-1 is 1
[19:43:24.651] [SEVERE ] player 2 placing token on slot 0
[19:43:24.652] [INFO   ] actions size of computer-1 is 2
[19:43:24.652] [SEVERE ] removing player 2 token from slot 0
[19:43:24.655] [SEVERE ] removing player 2 token from slot 1
[19:43:24.655] [SEVERE ] player 2 placing token on slot 0
[19:43:24.655] [INFO   ] actions size of computer-1 is 1
[19:43:24.656] [SEVERE ] player 2 placing token on slot 1
[19:43:24.656] [INFO   ] actions size of computer-1 is 2
[19:43:24.656] [SEVERE ] removing player 2 token from slot 0
[19:43:24.656] [SEVERE ] removing player 2 token from slot 1
[19:43:24.656] [SEVERE ] player 2 placing token on slot 0
[19:43:24.656] [INFO   ] actions size of computer-1 is 1
[19:43:24.656] [SEVERE ] removing player 2 token from slot 0
[19:43:24.656] [SEVERE ] player 2 placing token on slot 0
[19:43:24.656] [INFO   ] actions size of computer-1 is 1
[19:43:24.656] [SEVERE ] removing player 2 token from slot 0
[19:43:24.657] [SEVERE ] player 2 placing token on slot 1
[19:43:24.657] [INFO   ] actions size of computer-1 is 1
[19:43:24.657] [SEVERE ] player 2 placing token on slot 0
[19:43:24.657] [INFO   ] actions size of computer-1 is 2
[19:43:24.657] [SEVERE ] removing player 2 token from slot 0
[19:43:24.657] [SEVERE ] removing player 2 token from slot 1
[19:43:24.657] [SEVERE ] player 2 placing token on slot 1
[19:43:24.657] [INFO   ] actions size of computer-1 is 1
[19:43:24.657] [SEVERE ] removing player 2 token from slot 1
[19:43:24.657] [SEVERE ] player 2 placing token on slot 1
[19:43:24.657] [INFO   ] actions size of computer-1 is 1
[19:43:24.657] [SEVERE ] removing player 2 token from slot 1
[19:43:24.657] [SEVERE ] player 2 placing token on slot 1
[19:43:24.658] [INFO   ] actions size of computer-1 is 1
[19:43:24.658] [SEVERE ] removing player 2 token from slot 1
[19:43:24.658] [SEVERE ] player 2 placing token on slot 0
[19:43:24.658] [INFO   ] actions size of computer-1 is 1
[19:43:24.659] [SEVERE ] removing player 2 token from slot 0
[19:43:24.659] [SEVERE ] player 1 placing token on slot 0
[19:43:24.660] [SEVERE ] player 2 placing token on slot 1
[19:43:24.660] [INFO   ] actions size of computer-1 is 1
[19:43:24.660] [INFO   ] actions size of computer-0 is 1
[19:43:24.663] [SEVERE ] player 2 placing token on slot 0
[19:43:24.679] [SEVERE ] player 1 placing token on slot 1
[19:43:24.680] [INFO   ] actions size of computer-1 is 2
[19:43:24.681] [INFO   ] actions size of computer-0 is 2
[19:43:24.681] [SEVERE ] removing player 2 token from slot 0
[19:43:24.682] [SEVERE ] removing player 1 token from slot 0
[19:43:24.682] [SEVERE ] player 2 placing token on slot 0
[19:43:24.682] [SEVERE ] player 1 placing token on slot 0
[19:43:24.683] [INFO   ] actions size of computer-0 is 2
[19:43:24.683] [SEVERE ] removing player 1 token from slot 0
[19:43:24.683] [INFO   ] actions size of computer-1 is 2
[19:43:24.684] [SEVERE ] removing player 2 token from slot 1
[19:43:24.683] [SEVERE ] player 1 placing token on slot 0
[19:43:24.685] [INFO   ] actions size of computer-0 is 2
[19:43:24.685] [SEVERE ] removing player 1 token from slot 0
[19:43:24.684] [SEVERE ] removing player 2 token from slot 0
[19:43:24.686] [SEVERE ] player 1 placing token on slot 0
[19:43:24.687] [INFO   ] actions size of computer-0 is 2
[19:43:24.686] [SEVERE ] player 2 placing token on slot 0
[19:43:24.687] [SEVERE ] removing player 1 token from slot 1
[19:43:24.699] [SEVERE ] placing card 79 in slot 2
[19:43:24.688] [INFO   ] actions size of computer-1 is 1
[19:43:24.897] [SEVERE ] player 2 placing token on slot 1
[19:43:24.897] [INFO   ] Thread dealer found empty slot 3
[19:43:24.897] [SEVERE ] player 1 placing token on slot 2
[19:43:24.898] [INFO   ] actions size of computer-1 is 2
[19:43:24.901] [SEVERE ] removing player 2 token from slot 0
[19:43:24.902] [SEVERE ] player 2 placing token on slot 0
[19:43:24.902] [INFO   ] actions size of computer-1 is 2
[19:43:24.903] [SEVERE ] player 2 placing token on slot 2
[19:43:24.903] [INFO   ] actions size of computer-1 is 3
[19:43:24.900] [INFO   ] actions size of computer-0 is 2
[19:43:24.905] [SEVERE ] removing player 1 token from slot 0
[19:43:24.906] [SEVERE ] player 1 placing token on slot 0
[19:43:24.906] [INFO   ] actions size of computer-0 is 2
[19:43:24.906] [SEVERE ] removing player 1 token from slot 2
[19:43:24.907] [SEVERE ] player 1 placing token on slot 1
[19:43:24.907] [INFO   ] actions size of computer-0 is 2
[19:43:24.907] [SEVERE ] removing player 1 token from slot 0
[19:43:24.908] [SEVERE ] removing player 1 token from slot 1
[19:43:24.908] [SEVERE ] player 1 placing token on slot 1
[19:43:24.908] [INFO   ] actions size of computer-0 is 1
[19:43:24.908] [SEVERE ] player 1 placing token on slot 0
[19:43:24.909] [INFO   ] actions size of computer-0 is 2
[19:43:24.909] [SEVERE ] player 1 placing token on slot 2
[19:43:24.909] [INFO   ] actions size of computer-0 is 3
[19:43:24.909] [INFO   ] tread computer-0 set added
[19:43:24.910] [INFO   ] num of sets to check 2
[19:43:24.905] [INFO   ] tread computer-1 set added
[19:43:24.910] [INFO   ] num of sets to check 2
[19:43:25.000] [SEVERE ] placing card 58 in slot 3
[19:43:25.000] [INFO   ] Thread dealer found empty slot 4
[19:43:25.101] [SEVERE ] placing card 21 in slot 4
[19:43:25.102] [INFO   ] Thread dealer found empty slot 5
[19:43:25.202] [SEVERE ] placing card 38 in slot 5
[19:43:25.203] [INFO   ] Thread dealer found empty slot 6
[19:43:25.304] [SEVERE ] placing card 24 in slot 6
[19:43:25.304] [INFO   ] Thread dealer found empty slot 7
[19:43:25.405] [SEVERE ] placing card 3 in slot 7
[19:43:25.405] [INFO   ] Thread dealer found empty slot 8
[19:43:25.506] [SEVERE ] placing card 80 in slot 8
[19:43:25.506] [INFO   ] Thread dealer found empty slot 9
[19:43:25.507] [INFO   ] Thread dealer found empty slot 9
[19:43:25.508] [INFO   ] Thread dealer found empty slot 9
[19:43:25.609] [SEVERE ] placing card 35 in slot 9
[19:43:25.610] [INFO   ] Thread dealer found empty slot 10
[19:43:25.711] [SEVERE ] placing card 17 in slot 10
[19:43:25.711] [INFO   ] Thread dealer found empty slot 11
[19:43:25.812] [SEVERE ] placing card 28 in slot 11
[19:43:25.914] [SEVERE ] updating countdown to 15900
[19:43:25.915] [INFO   ] Thread dealer checking set.
[19:43:25.915] [INFO   ] Thread dealer say : this is not set!!!!!.
[19:43:25.916] [INFO   ] Thread dealer change state to -1
[19:43:25.916] [INFO   ] Thread dealer change setCheck to 1
[19:43:25.916] [INFO   ] Thread dealer checking set.
[19:43:25.917] [INFO   ] Thread dealer say : this is not set!!!!!.
[19:43:25.917] [INFO   ] Thread dealer change state to -1
[19:43:25.917] [INFO   ] Thread dealer change setCheck to 1
[19:43:26.017] [SEVERE ] updating countdown to 15796
[19:43:26.118] [SEVERE ] updating countdown to 15695
[19:43:26.219] [SEVERE ] updating countdown to 15594
[19:43:26.320] [SEVERE ] updating countdown to 15493
[19:43:26.421] [SEVERE ] updating countdown to 15392
[19:43:26.522] [SEVERE ] updating countdown to 15292
[19:43:26.622] [SEVERE ] updating countdown to 15191
[19:43:26.723] [SEVERE ] updating countdown to 15090
[19:43:26.824] [SEVERE ] updating countdown to 14989
[19:43:26.925] [SEVERE ] updating countdown to 14888
[19:43:27.026] [SEVERE ] updating countdown to 14788
[19:43:27.126] [SEVERE ] updating countdown to 14687
[19:43:27.227] [SEVERE ] updating countdown to 14586
[19:43:27.328] [SEVERE ] updating countdown to 14485
[19:43:27.429] [SEVERE ] updating countdown to 14384
[19:43:27.529] [SEVERE ] updating countdown to 14284
[19:43:27.630] [SEVERE ] updating countdown to 14183
[19:43:27.731] [SEVERE ] updating countdown to 14082
[19:43:27.832] [SEVERE ] updating countdown to 13981
[19:43:27.933] [SEVERE ] updating countdown to 13880
[19:43:28.034] [SEVERE ] updating countdown to 13779
[19:43:28.134] [SEVERE ] updating countdown to 13679
[19:43:28.235] [SEVERE ] updating countdown to 13578
[19:43:28.336] [SEVERE ] updating countdown to 13477
[19:43:28.437] [SEVERE ] updating countdown to 13376
[19:43:28.538] [SEVERE ] updating countdown to 13275
[19:43:28.638] [SEVERE ] updating countdown to 13175
[19:43:28.739] [SEVERE ] updating countdown to 13074
[19:43:28.840] [SEVERE ] updating countdown to 12973
[19:43:28.941] [SEVERE ] updating countdown to 12872
[19:43:29.041] [SEVERE ] updating countdown to 12772
[19:43:29.142] [SEVERE ] updating countdown to 12671
[19:43:29.242] [SEVERE ] updating countdown to 12571
[19:43:29.343] [SEVERE ] updating countdown to 12470
[19:43:29.443] [SEVERE ] updating countdown to 12370
[19:43:29.544] [SEVERE ] updating countdown to 12269
[19:43:29.644] [SEVERE ] updating countdown to 12169
[19:43:29.745] [SEVERE ] updating countdown to 12068
[19:43:29.845] [SEVERE ] updating countdown to 11968
[19:43:29.946] [SEVERE ] updating countdown to 11867
[19:43:30.047] [SEVERE ] updating countdown to 11766
[19:43:30.148] [SEVERE ] updating countdown to 11665
[19:43:30.248] [SEVERE ] updating countdown to 11565
[19:43:30.349] [SEVERE ] updating countdown to 11464
[19:43:30.450] [SEVERE ] updating countdown to 11363
[19:43:30.551] [SEVERE ] updating countdown to 11262
[19:43:30.652] [SEVERE ] updating countdown to 11161
[19:43:30.752] [SEVERE ] updating countdown to 11061
[19:43:30.853] [SEVERE ] updating countdown to 10960
[19:43:30.954] [SEVERE ] updating countdown to 10859
[19:43:31.054] [SEVERE ] updating countdown to 10759
