[19:26:54.815] [INFO   ] thread main starting.
[19:26:54.823] [SEVERE ] cannot read configuration file config.properties trying from resources.
[19:26:54.824] [SEVERE ] configuration file was loaded from resources directory.
[19:26:55.414] [INFO   ] thread dealer starting.
[19:26:55.414] [INFO   ] thread player number 0 starting.
[19:26:55.419] [INFO   ] Thread dealer found empty slot 0
[19:26:55.420] [INFO   ] thread player number 1 starting.
[19:26:55.423] [INFO   ] thread computer-0 starting.
[19:26:55.439] [INFO   ] thread computer-1 starting.
[19:26:55.520] [SEVERE ] placing card 38 in slot 0
[19:26:55.520] [INFO   ] Thread dealer found empty slot 1
[19:26:55.520] [SEVERE ] player 1 placing token on slot 0
[19:26:55.523] [INFO   ] actions size of computer-0 is 1
[19:26:55.523] [SEVERE ] removing player 1 token from slot 0
[19:26:55.524] [SEVERE ] player 1 placing token on slot 0
[19:26:55.524] [INFO   ] actions size of computer-0 is 1
[19:26:55.524] [SEVERE ] removing player 1 token from slot 0
[19:26:55.524] [SEVERE ] player 1 placing token on slot 0
[19:26:55.524] [INFO   ] actions size of computer-0 is 1
[19:26:55.524] [SEVERE ] removing player 1 token from slot 0
[19:26:55.525] [SEVERE ] player 1 placing token on slot 0
[19:26:55.525] [INFO   ] actions size of computer-0 is 1
[19:26:55.525] [SEVERE ] removing player 1 token from slot 0
[19:26:55.525] [SEVERE ] player 1 placing token on slot 0
[19:26:55.525] [INFO   ] actions size of computer-0 is 1
[19:26:55.525] [SEVERE ] removing player 1 token from slot 0
[19:26:55.526] [SEVERE ] player 1 placing token on slot 0
[19:26:55.526] [INFO   ] actions size of computer-0 is 1
[19:26:55.526] [SEVERE ] removing player 1 token from slot 0
[19:26:55.528] [SEVERE ] player 1 placing token on slot 0
[19:26:55.528] [INFO   ] actions size of computer-0 is 1
[19:26:55.520] [SEVERE ] player 2 placing token on slot 0
[19:26:55.530] [INFO   ] actions size of computer-1 is 1
[19:26:55.530] [SEVERE ] removing player 2 token from slot 0
[19:26:55.531] [SEVERE ] player 2 placing token on slot 0
[19:26:55.531] [INFO   ] actions size of computer-1 is 1
[19:26:55.532] [SEVERE ] removing player 2 token from slot 0
[19:26:55.532] [SEVERE ] removing player 1 token from slot 0
[19:26:55.533] [SEVERE ] player 2 placing token on slot 0
[19:26:55.534] [INFO   ] actions size of computer-1 is 1
[19:26:55.534] [SEVERE ] removing player 2 token from slot 0
[19:26:55.533] [SEVERE ] player 1 placing token on slot 0
[19:26:55.535] [SEVERE ] player 2 placing token on slot 0
[19:26:55.536] [INFO   ] actions size of computer-0 is 1
[19:26:55.537] [SEVERE ] removing player 1 token from slot 0
[19:26:55.537] [SEVERE ] player 1 placing token on slot 0
[19:26:55.538] [INFO   ] actions size of computer-0 is 1
[19:26:55.538] [SEVERE ] removing player 1 token from slot 0
[19:26:55.538] [SEVERE ] player 1 placing token on slot 0
[19:26:55.538] [INFO   ] actions size of computer-0 is 1
[19:26:55.538] [SEVERE ] removing player 1 token from slot 0
[19:26:55.537] [INFO   ] actions size of computer-1 is 1
[19:26:55.540] [SEVERE ] removing player 2 token from slot 0
[19:26:55.540] [SEVERE ] player 2 placing token on slot 0
[19:26:55.541] [INFO   ] actions size of computer-1 is 1
[19:26:55.542] [SEVERE ] removing player 2 token from slot 0
[19:26:55.543] [SEVERE ] player 2 placing token on slot 0
[19:26:55.543] [INFO   ] actions size of computer-1 is 1
[19:26:55.544] [SEVERE ] removing player 2 token from slot 0
[19:26:55.545] [SEVERE ] player 2 placing token on slot 0
[19:26:55.546] [INFO   ] actions size of computer-1 is 1
[19:26:55.547] [SEVERE ] player 1 placing token on slot 0
[19:26:55.547] [INFO   ] actions size of computer-0 is 1
[19:26:55.548] [SEVERE ] removing player 1 token from slot 0
[19:26:55.548] [SEVERE ] player 1 placing token on slot 0
[19:26:55.548] [INFO   ] actions size of computer-0 is 1
[19:26:55.549] [SEVERE ] removing player 1 token from slot 0
[19:26:55.549] [SEVERE ] player 1 placing token on slot 0
[19:26:55.549] [INFO   ] actions size of computer-0 is 1
[19:26:55.550] [SEVERE ] removing player 1 token from slot 0
[19:26:55.551] [SEVERE ] player 1 placing token on slot 0
[19:26:55.552] [INFO   ] actions size of computer-0 is 1
[19:26:55.552] [SEVERE ] removing player 1 token from slot 0
[19:26:55.553] [SEVERE ] player 1 placing token on slot 0
[19:26:55.553] [INFO   ] actions size of computer-0 is 1
[19:26:55.553] [SEVERE ] removing player 1 token from slot 0
[19:26:55.553] [SEVERE ] player 1 placing token on slot 0
[19:26:55.554] [INFO   ] actions size of computer-0 is 1
[19:26:55.554] [SEVERE ] removing player 1 token from slot 0
[19:26:55.554] [SEVERE ] player 1 placing token on slot 0
[19:26:55.554] [INFO   ] actions size of computer-0 is 1
[19:26:55.554] [SEVERE ] removing player 1 token from slot 0
[19:26:55.554] [SEVERE ] player 1 placing token on slot 0
[19:26:55.554] [INFO   ] actions size of computer-0 is 1
[19:26:55.554] [SEVERE ] removing player 1 token from slot 0
[19:26:55.554] [SEVERE ] player 1 placing token on slot 0
[19:26:55.554] [INFO   ] actions size of computer-0 is 1
[19:26:55.555] [SEVERE ] removing player 1 token from slot 0
[19:26:55.555] [SEVERE ] player 1 placing token on slot 0
[19:26:55.556] [INFO   ] actions size of computer-0 is 1
[19:26:55.556] [SEVERE ] removing player 1 token from slot 0
[19:26:55.556] [SEVERE ] player 1 placing token on slot 0
[19:26:55.556] [INFO   ] actions size of computer-0 is 1
[19:26:55.556] [SEVERE ] removing player 1 token from slot 0
[19:26:55.556] [SEVERE ] player 1 placing token on slot 0
[19:26:55.557] [INFO   ] actions size of computer-0 is 1
[19:26:55.557] [SEVERE ] removing player 1 token from slot 0
[19:26:55.557] [SEVERE ] player 1 placing token on slot 0
[19:26:55.557] [INFO   ] actions size of computer-0 is 1
[19:26:55.557] [SEVERE ] removing player 1 token from slot 0
[19:26:55.557] [SEVERE ] player 1 placing token on slot 0
[19:26:55.557] [INFO   ] actions size of computer-0 is 1
[19:26:55.557] [SEVERE ] removing player 1 token from slot 0
[19:26:55.558] [SEVERE ] player 1 placing token on slot 0
[19:26:55.558] [INFO   ] actions size of computer-0 is 1
[19:26:55.558] [SEVERE ] removing player 1 token from slot 0
[19:26:55.558] [SEVERE ] player 1 placing token on slot 0
[19:26:55.558] [INFO   ] actions size of computer-0 is 1
[19:26:55.558] [SEVERE ] removing player 1 token from slot 0
[19:26:55.558] [SEVERE ] player 1 placing token on slot 0
[19:26:55.558] [INFO   ] actions size of computer-0 is 1
[19:26:55.558] [SEVERE ] removing player 1 token from slot 0
[19:26:55.558] [SEVERE ] player 1 placing token on slot 0
[19:26:55.558] [INFO   ] actions size of computer-0 is 1
[19:26:55.559] [SEVERE ] removing player 1 token from slot 0
[19:26:55.559] [SEVERE ] player 1 placing token on slot 0
[19:26:55.559] [INFO   ] actions size of computer-0 is 1
[19:26:55.559] [SEVERE ] removing player 1 token from slot 0
[19:26:55.560] [SEVERE ] player 1 placing token on slot 0
[19:26:55.560] [INFO   ] actions size of computer-0 is 1
[19:26:55.561] [SEVERE ] removing player 1 token from slot 0
[19:26:55.561] [SEVERE ] player 1 placing token on slot 0
[19:26:55.562] [INFO   ] actions size of computer-0 is 1
[19:26:55.563] [SEVERE ] removing player 1 token from slot 0
[19:26:55.563] [SEVERE ] removing player 2 token from slot 0
[19:26:55.563] [SEVERE ] player 2 placing token on slot 0
[19:26:55.563] [SEVERE ] player 1 placing token on slot 0
[19:26:55.564] [INFO   ] actions size of computer-1 is 1
[19:26:55.567] [SEVERE ] removing player 2 token from slot 0
[19:26:55.568] [SEVERE ] player 2 placing token on slot 0
[19:26:55.569] [INFO   ] actions size of computer-1 is 1
[19:26:55.570] [SEVERE ] removing player 2 token from slot 0
[19:26:55.570] [SEVERE ] player 2 placing token on slot 0
[19:26:55.570] [INFO   ] actions size of computer-1 is 1
[19:26:55.567] [INFO   ] actions size of computer-0 is 1
[19:26:55.571] [SEVERE ] removing player 2 token from slot 0
[19:26:55.571] [SEVERE ] removing player 1 token from slot 0
[19:26:55.571] [SEVERE ] player 2 placing token on slot 0
[19:26:55.571] [INFO   ] actions size of computer-1 is 1
[19:26:55.571] [SEVERE ] removing player 2 token from slot 0
[19:26:55.572] [SEVERE ] player 2 placing token on slot 0
[19:26:55.572] [INFO   ] actions size of computer-1 is 1
[19:26:55.572] [SEVERE ] removing player 2 token from slot 0
[19:26:55.572] [SEVERE ] player 2 placing token on slot 0
[19:26:55.572] [INFO   ] actions size of computer-1 is 1
[19:26:55.572] [SEVERE ] removing player 2 token from slot 0
[19:26:55.572] [SEVERE ] player 2 placing token on slot 0
[19:26:55.572] [INFO   ] actions size of computer-1 is 1
[19:26:55.572] [SEVERE ] removing player 2 token from slot 0
[19:26:55.572] [SEVERE ] player 2 placing token on slot 0
[19:26:55.573] [INFO   ] actions size of computer-1 is 1
[19:26:55.573] [SEVERE ] removing player 2 token from slot 0
[19:26:55.573] [SEVERE ] player 2 placing token on slot 0
[19:26:55.573] [INFO   ] actions size of computer-1 is 1
[19:26:55.573] [SEVERE ] removing player 2 token from slot 0
[19:26:55.573] [SEVERE ] player 2 placing token on slot 0
[19:26:55.573] [INFO   ] actions size of computer-1 is 1
[19:26:55.573] [SEVERE ] removing player 2 token from slot 0
[19:26:55.573] [SEVERE ] player 2 placing token on slot 0
[19:26:55.573] [INFO   ] actions size of computer-1 is 1
[19:26:55.574] [SEVERE ] removing player 2 token from slot 0
[19:26:55.574] [SEVERE ] player 2 placing token on slot 0
[19:26:55.574] [INFO   ] actions size of computer-1 is 1
[19:26:55.574] [SEVERE ] removing player 2 token from slot 0
[19:26:55.574] [SEVERE ] player 2 placing token on slot 0
[19:26:55.571] [SEVERE ] player 1 placing token on slot 0
[19:26:55.574] [INFO   ] actions size of computer-0 is 1
[19:26:55.574] [SEVERE ] removing player 1 token from slot 0
[19:26:55.574] [SEVERE ] player 1 placing token on slot 0
[19:26:55.574] [INFO   ] actions size of computer-0 is 1
[19:26:55.575] [SEVERE ] removing player 1 token from slot 0
[19:26:55.575] [SEVERE ] player 1 placing token on slot 0
[19:26:55.575] [INFO   ] actions size of computer-0 is 1
[19:26:55.574] [INFO   ] actions size of computer-1 is 1
[19:26:55.577] [SEVERE ] removing player 2 token from slot 0
[19:26:55.576] [SEVERE ] removing player 1 token from slot 0
[19:26:55.578] [SEVERE ] player 2 placing token on slot 0
[19:26:55.578] [SEVERE ] player 1 placing token on slot 0
[19:26:55.579] [INFO   ] actions size of computer-1 is 1
[19:26:55.580] [SEVERE ] removing player 2 token from slot 0
[19:26:55.579] [INFO   ] actions size of computer-0 is 1
[19:26:55.581] [SEVERE ] removing player 1 token from slot 0
[19:26:55.581] [SEVERE ] player 2 placing token on slot 0
[19:26:55.582] [SEVERE ] player 1 placing token on slot 0
[19:26:55.582] [INFO   ] actions size of computer-0 is 1
[19:26:55.582] [INFO   ] actions size of computer-1 is 1
[19:26:55.583] [SEVERE ] removing player 1 token from slot 0
[19:26:55.583] [SEVERE ] removing player 2 token from slot 0
[19:26:55.584] [SEVERE ] player 1 placing token on slot 0
[19:26:55.586] [INFO   ] actions size of computer-0 is 1
[19:26:55.587] [SEVERE ] removing player 1 token from slot 0
[19:26:55.588] [SEVERE ] player 1 placing token on slot 0
[19:26:55.588] [INFO   ] actions size of computer-0 is 1
[19:26:55.589] [SEVERE ] removing player 1 token from slot 0
[19:26:55.589] [SEVERE ] player 1 placing token on slot 0
[19:26:55.590] [INFO   ] actions size of computer-0 is 1
[19:26:55.590] [SEVERE ] removing player 1 token from slot 0
[19:26:55.591] [SEVERE ] player 1 placing token on slot 0
[19:26:55.591] [INFO   ] actions size of computer-0 is 1
[19:26:55.595] [SEVERE ] player 2 placing token on slot 0
[19:26:55.595] [SEVERE ] removing player 1 token from slot 0
[19:26:55.596] [INFO   ] actions size of computer-1 is 1
[19:26:55.597] [SEVERE ] removing player 2 token from slot 0
[19:26:55.597] [SEVERE ] player 1 placing token on slot 0
[19:26:55.598] [SEVERE ] player 2 placing token on slot 0
[19:26:55.598] [INFO   ] actions size of computer-1 is 1
[19:26:55.603] [SEVERE ] removing player 2 token from slot 0
[19:26:55.604] [SEVERE ] player 2 placing token on slot 0
[19:26:55.604] [INFO   ] actions size of computer-1 is 1
[19:26:55.605] [SEVERE ] removing player 2 token from slot 0
[19:26:55.606] [SEVERE ] player 2 placing token on slot 0
[19:26:55.606] [INFO   ] actions size of computer-1 is 1
[19:26:55.607] [SEVERE ] removing player 2 token from slot 0
[19:26:55.607] [SEVERE ] player 2 placing token on slot 0
[19:26:55.607] [INFO   ] actions size of computer-1 is 1
[19:26:55.607] [SEVERE ] removing player 2 token from slot 0
[19:26:55.607] [SEVERE ] player 2 placing token on slot 0
[19:26:55.607] [INFO   ] actions size of computer-1 is 1
[19:26:55.607] [SEVERE ] removing player 2 token from slot 0
[19:26:55.607] [SEVERE ] player 2 placing token on slot 0
[19:26:55.607] [INFO   ] actions size of computer-1 is 1
[19:26:55.608] [SEVERE ] removing player 2 token from slot 0
[19:26:55.608] [SEVERE ] player 2 placing token on slot 0
[19:26:55.608] [INFO   ] actions size of computer-1 is 1
[19:26:55.608] [SEVERE ] removing player 2 token from slot 0
[19:26:55.608] [SEVERE ] player 2 placing token on slot 0
[19:26:55.608] [INFO   ] actions size of computer-1 is 1
[19:26:55.608] [SEVERE ] removing player 2 token from slot 0
[19:26:55.608] [SEVERE ] player 2 placing token on slot 0
[19:26:55.608] [INFO   ] actions size of computer-1 is 1
[19:26:55.608] [SEVERE ] removing player 2 token from slot 0
[19:26:55.608] [SEVERE ] player 2 placing token on slot 0
[19:26:55.608] [INFO   ] actions size of computer-1 is 1
[19:26:55.608] [SEVERE ] removing player 2 token from slot 0
[19:26:55.609] [SEVERE ] player 2 placing token on slot 0
[19:26:55.609] [INFO   ] actions size of computer-1 is 1
[19:26:55.609] [SEVERE ] removing player 2 token from slot 0
[19:26:55.609] [SEVERE ] player 2 placing token on slot 0
[19:26:55.609] [INFO   ] actions size of computer-1 is 1
[19:26:55.609] [SEVERE ] removing player 2 token from slot 0
[19:26:55.609] [SEVERE ] player 2 placing token on slot 0
[19:26:55.609] [INFO   ] actions size of computer-1 is 1
[19:26:55.609] [SEVERE ] removing player 2 token from slot 0
[19:26:55.609] [SEVERE ] player 2 placing token on slot 0
[19:26:55.609] [INFO   ] actions size of computer-1 is 1
[19:26:55.609] [SEVERE ] removing player 2 token from slot 0
[19:26:55.609] [SEVERE ] player 2 placing token on slot 0
[19:26:55.609] [INFO   ] actions size of computer-1 is 1
[19:26:55.610] [SEVERE ] removing player 2 token from slot 0
[19:26:55.610] [SEVERE ] player 2 placing token on slot 0
[19:26:55.610] [INFO   ] actions size of computer-1 is 1
[19:26:55.610] [SEVERE ] removing player 2 token from slot 0
[19:26:55.610] [SEVERE ] player 2 placing token on slot 0
[19:26:55.610] [INFO   ] actions size of computer-1 is 1
[19:26:55.610] [SEVERE ] removing player 2 token from slot 0
[19:26:55.610] [SEVERE ] player 2 placing token on slot 0
[19:26:55.598] [INFO   ] actions size of computer-0 is 1
[19:26:55.615] [INFO   ] actions size of computer-1 is 1
[19:26:55.616] [SEVERE ] removing player 1 token from slot 0
[19:26:55.617] [SEVERE ] removing player 2 token from slot 0
[19:26:55.618] [SEVERE ] player 2 placing token on slot 0
[19:26:55.617] [SEVERE ] player 1 placing token on slot 0
[19:26:55.621] [INFO   ] actions size of computer-0 is 1
[19:26:55.621] [SEVERE ] removing player 1 token from slot 0
[19:26:55.621] [SEVERE ] player 1 placing token on slot 0
[19:26:55.621] [INFO   ] actions size of computer-0 is 1
[19:26:55.622] [SEVERE ] removing player 1 token from slot 0
[19:26:55.622] [SEVERE ] player 1 placing token on slot 0
[19:26:55.622] [INFO   ] actions size of computer-0 is 1
[19:26:55.622] [SEVERE ] placing card 7 in slot 1
[19:26:55.623] [SEVERE ] player 1 placing token on slot 1
[19:26:55.620] [INFO   ] actions size of computer-1 is 1
[19:26:55.623] [INFO   ] actions size of computer-0 is 2
[19:26:55.623] [INFO   ] Thread dealer found empty slot 2
[19:26:55.623] [SEVERE ] removing player 2 token from slot 0
[19:26:55.623] [SEVERE ] removing player 1 token from slot 0
[19:26:55.624] [SEVERE ] player 1 placing token on slot 0
[19:26:55.624] [INFO   ] actions size of computer-0 is 2
[19:26:55.624] [SEVERE ] removing player 1 token from slot 1
[19:26:55.625] [SEVERE ] player 1 placing token on slot 1
[19:26:55.625] [INFO   ] actions size of computer-0 is 2
[19:26:55.626] [SEVERE ] removing player 1 token from slot 0
[19:26:55.626] [SEVERE ] player 1 placing token on slot 0
[19:26:55.626] [INFO   ] actions size of computer-0 is 2
[19:26:55.626] [SEVERE ] removing player 1 token from slot 1
[19:26:55.626] [SEVERE ] player 1 placing token on slot 1
[19:26:55.626] [INFO   ] actions size of computer-0 is 2
[19:26:55.626] [SEVERE ] removing player 1 token from slot 1
[19:26:55.626] [SEVERE ] removing player 1 token from slot 0
[19:26:55.626] [SEVERE ] player 1 placing token on slot 0
[19:26:55.626] [INFO   ] actions size of computer-0 is 1
[19:26:55.626] [SEVERE ] player 1 placing token on slot 1
[19:26:55.627] [INFO   ] actions size of computer-0 is 2
[19:26:55.627] [SEVERE ] removing player 1 token from slot 0
[19:26:55.627] [SEVERE ] player 1 placing token on slot 0
[19:26:55.627] [INFO   ] actions size of computer-0 is 2
[19:26:55.627] [SEVERE ] removing player 1 token from slot 0
[19:26:55.625] [SEVERE ] player 2 placing token on slot 0
[19:26:55.627] [INFO   ] actions size of computer-1 is 1
[19:26:55.637] [SEVERE ] player 1 placing token on slot 0
[19:26:55.638] [INFO   ] actions size of computer-0 is 2
[19:26:55.638] [SEVERE ] removing player 1 token from slot 1
[19:26:55.639] [SEVERE ] removing player 2 token from slot 0
[19:26:55.639] [SEVERE ] player 1 placing token on slot 1
[19:26:55.640] [SEVERE ] player 2 placing token on slot 0
[19:26:55.641] [INFO   ] actions size of computer-0 is 2
[19:26:55.643] [SEVERE ] removing player 1 token from slot 0
[19:26:55.641] [INFO   ] actions size of computer-1 is 1
[19:26:55.644] [SEVERE ] removing player 1 token from slot 1
[19:26:55.644] [SEVERE ] player 2 placing token on slot 1
[19:26:55.644] [INFO   ] actions size of computer-1 is 2
[19:26:55.644] [SEVERE ] removing player 2 token from slot 0
[19:26:55.644] [SEVERE ] player 1 placing token on slot 1
[19:26:55.645] [INFO   ] actions size of computer-0 is 1
[19:26:55.645] [SEVERE ] removing player 1 token from slot 1
[19:26:55.645] [SEVERE ] player 1 placing token on slot 1
[19:26:55.645] [SEVERE ] player 2 placing token on slot 0
[19:26:55.646] [INFO   ] actions size of computer-1 is 2
[19:26:55.647] [SEVERE ] removing player 2 token from slot 1
[19:26:55.645] [INFO   ] actions size of computer-0 is 1
[19:26:55.647] [SEVERE ] removing player 2 token from slot 0
[19:26:55.648] [SEVERE ] removing player 1 token from slot 1
[19:26:55.649] [SEVERE ] player 1 placing token on slot 0
[19:26:55.650] [INFO   ] actions size of computer-0 is 1
[19:26:55.650] [SEVERE ] player 1 placing token on slot 1
[19:26:55.651] [INFO   ] actions size of computer-0 is 2
[19:26:55.651] [SEVERE ] removing player 1 token from slot 0
[19:26:55.652] [SEVERE ] removing player 1 token from slot 1
[19:26:55.653] [SEVERE ] player 1 placing token on slot 1
[19:26:55.649] [SEVERE ] player 2 placing token on slot 1
[19:26:55.655] [INFO   ] actions size of computer-1 is 1
[19:26:55.655] [SEVERE ] removing player 2 token from slot 1
[19:26:55.656] [SEVERE ] player 2 placing token on slot 1
[19:26:55.656] [INFO   ] actions size of computer-1 is 1
[19:26:55.654] [INFO   ] actions size of computer-0 is 1
[19:26:55.657] [SEVERE ] removing player 1 token from slot 1
[19:26:55.657] [SEVERE ] removing player 2 token from slot 1
[19:26:55.658] [SEVERE ] player 2 placing token on slot 0
[19:26:55.658] [INFO   ] actions size of computer-1 is 1
[19:26:55.658] [SEVERE ] player 1 placing token on slot 0
[19:26:55.659] [INFO   ] actions size of computer-0 is 1
[19:26:55.660] [SEVERE ] player 1 placing token on slot 1
[19:26:55.658] [SEVERE ] removing player 2 token from slot 0
[19:26:55.661] [INFO   ] actions size of computer-0 is 2
[19:26:55.662] [SEVERE ] removing player 1 token from slot 0
[19:26:55.663] [SEVERE ] player 1 placing token on slot 0
[19:26:55.661] [SEVERE ] player 2 placing token on slot 0
[19:26:55.663] [INFO   ] actions size of computer-0 is 2
[19:26:55.664] [SEVERE ] removing player 1 token from slot 0
[19:26:55.665] [SEVERE ] removing player 1 token from slot 1
[19:26:55.665] [SEVERE ] player 1 placing token on slot 1
[19:26:55.665] [INFO   ] actions size of computer-0 is 1
[19:26:55.665] [SEVERE ] player 1 placing token on slot 0
[19:26:55.665] [INFO   ] actions size of computer-0 is 2
[19:26:55.665] [SEVERE ] removing player 1 token from slot 0
[19:26:55.665] [SEVERE ] removing player 1 token from slot 1
[19:26:55.665] [SEVERE ] player 1 placing token on slot 0
[19:26:55.666] [INFO   ] actions size of computer-0 is 1
[19:26:55.666] [SEVERE ] removing player 1 token from slot 0
[19:26:55.664] [INFO   ] actions size of computer-1 is 1
[19:26:55.667] [SEVERE ] player 1 placing token on slot 1
[19:26:55.672] [SEVERE ] removing player 2 token from slot 0
[19:26:55.673] [INFO   ] actions size of computer-0 is 1
[19:26:55.674] [SEVERE ] removing player 1 token from slot 1
[19:26:55.674] [SEVERE ] player 1 placing token on slot 0
[19:26:55.674] [INFO   ] actions size of computer-0 is 1
[19:26:55.674] [SEVERE ] removing player 1 token from slot 0
[19:26:55.674] [SEVERE ] player 1 placing token on slot 0
[19:26:55.674] [INFO   ] actions size of computer-0 is 1
[19:26:55.674] [SEVERE ] removing player 1 token from slot 0
[19:26:55.674] [SEVERE ] player 1 placing token on slot 0
[19:26:55.674] [INFO   ] actions size of computer-0 is 1
[19:26:55.674] [SEVERE ] removing player 1 token from slot 0
[19:26:55.674] [SEVERE ] player 1 placing token on slot 0
[19:26:55.674] [INFO   ] actions size of computer-0 is 1
[19:26:55.674] [SEVERE ] player 1 placing token on slot 1
[19:26:55.675] [INFO   ] actions size of computer-0 is 2
[19:26:55.673] [SEVERE ] player 2 placing token on slot 0
[19:26:55.675] [INFO   ] actions size of computer-1 is 1
[19:26:55.675] [SEVERE ] player 2 placing token on slot 1
[19:26:55.675] [INFO   ] actions size of computer-1 is 2
[19:26:55.675] [SEVERE ] removing player 2 token from slot 1
[19:26:55.675] [SEVERE ] removing player 2 token from slot 0
[19:26:55.675] [SEVERE ] player 2 placing token on slot 0
[19:26:55.675] [INFO   ] actions size of computer-1 is 1
[19:26:55.675] [SEVERE ] removing player 2 token from slot 0
[19:26:55.675] [SEVERE ] player 2 placing token on slot 1
[19:26:55.675] [INFO   ] actions size of computer-1 is 1
[19:26:55.675] [SEVERE ] removing player 2 token from slot 1
[19:26:55.675] [SEVERE ] player 2 placing token on slot 0
[19:26:55.676] [INFO   ] actions size of computer-1 is 1
[19:26:55.676] [SEVERE ] removing player 2 token from slot 0
[19:26:55.676] [SEVERE ] player 2 placing token on slot 0
[19:26:55.676] [INFO   ] actions size of computer-1 is 1
[19:26:55.676] [SEVERE ] player 2 placing token on slot 1
[19:26:55.676] [INFO   ] actions size of computer-1 is 2
[19:26:55.676] [SEVERE ] removing player 2 token from slot 1
[19:26:55.676] [SEVERE ] player 2 placing token on slot 1
[19:26:55.676] [INFO   ] actions size of computer-1 is 2
[19:26:55.676] [SEVERE ] removing player 2 token from slot 1
[19:26:55.676] [SEVERE ] removing player 2 token from slot 0
[19:26:55.676] [SEVERE ] player 2 placing token on slot 1
[19:26:55.676] [INFO   ] actions size of computer-1 is 1
[19:26:55.676] [SEVERE ] player 2 placing token on slot 0
[19:26:55.676] [INFO   ] actions size of computer-1 is 2
[19:26:55.677] [SEVERE ] removing player 2 token from slot 0
[19:26:55.677] [SEVERE ] player 2 placing token on slot 0
[19:26:55.677] [INFO   ] actions size of computer-1 is 2
[19:26:55.677] [SEVERE ] removing player 2 token from slot 0
[19:26:55.677] [SEVERE ] player 2 placing token on slot 0
[19:26:55.677] [INFO   ] actions size of computer-1 is 2
[19:26:55.677] [SEVERE ] removing player 2 token from slot 0
[19:26:55.677] [SEVERE ] player 2 placing token on slot 0
[19:26:55.677] [INFO   ] actions size of computer-1 is 2
[19:26:55.677] [SEVERE ] removing player 2 token from slot 1
[19:26:55.677] [SEVERE ] removing player 2 token from slot 0
[19:26:55.677] [SEVERE ] player 2 placing token on slot 1
[19:26:55.677] [INFO   ] actions size of computer-1 is 1
[19:26:55.677] [SEVERE ] player 2 placing token on slot 0
[19:26:55.677] [INFO   ] actions size of computer-1 is 2
[19:26:55.677] [SEVERE ] removing player 2 token from slot 1
[19:26:55.678] [SEVERE ] player 2 placing token on slot 1
[19:26:55.678] [INFO   ] actions size of computer-1 is 2
[19:26:55.678] [SEVERE ] removing player 2 token from slot 0
[19:26:55.678] [SEVERE ] player 2 placing token on slot 0
[19:26:55.678] [INFO   ] actions size of computer-1 is 2
[19:26:55.678] [SEVERE ] removing player 2 token from slot 1
[19:26:55.678] [SEVERE ] removing player 2 token from slot 0
[19:26:55.678] [SEVERE ] player 2 placing token on slot 0
[19:26:55.678] [INFO   ] actions size of computer-1 is 1
[19:26:55.678] [SEVERE ] removing player 2 token from slot 0
[19:26:55.678] [SEVERE ] player 2 placing token on slot 1
[19:26:55.678] [INFO   ] actions size of computer-1 is 1
[19:26:55.678] [SEVERE ] player 2 placing token on slot 0
[19:26:55.678] [INFO   ] actions size of computer-1 is 2
[19:26:55.678] [SEVERE ] removing player 2 token from slot 1
[19:26:55.678] [SEVERE ] removing player 2 token from slot 0
[19:26:55.679] [SEVERE ] player 2 placing token on slot 0
[19:26:55.679] [INFO   ] actions size of computer-1 is 1
[19:26:55.679] [SEVERE ] removing player 2 token from slot 0
[19:26:55.679] [SEVERE ] player 2 placing token on slot 0
[19:26:55.679] [INFO   ] actions size of computer-1 is 1
[19:26:55.679] [SEVERE ] removing player 2 token from slot 0
[19:26:55.679] [SEVERE ] player 2 placing token on slot 0
[19:26:55.679] [INFO   ] actions size of computer-1 is 1
[19:26:55.683] [SEVERE ] removing player 1 token from slot 1
[19:26:55.683] [SEVERE ] player 1 placing token on slot 1
[19:26:55.684] [INFO   ] actions size of computer-0 is 2
[19:26:55.685] [SEVERE ] removing player 1 token from slot 1
[19:26:55.685] [SEVERE ] player 1 placing token on slot 1
[19:26:55.686] [INFO   ] actions size of computer-0 is 2
[19:26:55.687] [SEVERE ] removing player 1 token from slot 1
[19:26:55.690] [SEVERE ] removing player 1 token from slot 0
[19:26:55.690] [SEVERE ] player 1 placing token on slot 1
[19:26:55.692] [INFO   ] actions size of computer-0 is 1
[19:26:55.692] [SEVERE ] removing player 1 token from slot 1
[19:26:55.693] [SEVERE ] player 1 placing token on slot 0
[19:26:55.693] [INFO   ] actions size of computer-0 is 1
[19:26:55.698] [SEVERE ] player 1 placing token on slot 1
[19:26:55.699] [SEVERE ] player 2 placing token on slot 1
[19:26:55.699] [INFO   ] actions size of computer-0 is 2
[19:26:55.700] [SEVERE ] removing player 1 token from slot 1
[19:26:55.700] [INFO   ] actions size of computer-1 is 2
[19:26:55.701] [SEVERE ] removing player 2 token from slot 1
[19:26:55.704] [SEVERE ] removing player 2 token from slot 0
[19:26:55.704] [SEVERE ] player 2 placing token on slot 0
[19:26:55.701] [SEVERE ] player 1 placing token on slot 1
[19:26:55.705] [INFO   ] actions size of computer-0 is 2
[19:26:55.706] [SEVERE ] removing player 1 token from slot 1
[19:26:55.705] [INFO   ] actions size of computer-1 is 1
[19:26:55.707] [SEVERE ] player 2 placing token on slot 1
[19:26:55.706] [SEVERE ] player 1 placing token on slot 1
[19:26:55.707] [INFO   ] actions size of computer-1 is 2
[19:26:55.708] [INFO   ] actions size of computer-0 is 2
[19:26:55.709] [SEVERE ] removing player 1 token from slot 1
[19:26:55.710] [SEVERE ] player 1 placing token on slot 1
[19:26:55.710] [INFO   ] actions size of computer-0 is 2
[19:26:55.711] [SEVERE ] removing player 1 token from slot 0
[19:26:55.711] [SEVERE ] removing player 1 token from slot 1
[19:26:55.711] [SEVERE ] player 1 placing token on slot 0
[19:26:55.711] [INFO   ] actions size of computer-0 is 1
[19:26:55.711] [SEVERE ] player 1 placing token on slot 1
[19:26:55.711] [INFO   ] actions size of computer-0 is 2
[19:26:55.711] [SEVERE ] removing player 1 token from slot 1
[19:26:55.711] [SEVERE ] removing player 1 token from slot 0
[19:26:55.711] [SEVERE ] player 1 placing token on slot 0
[19:26:55.711] [INFO   ] actions size of computer-0 is 1
[19:26:55.711] [SEVERE ] player 1 placing token on slot 1
[19:26:55.712] [INFO   ] actions size of computer-0 is 2
[19:26:55.712] [SEVERE ] removing player 1 token from slot 1
[19:26:55.712] [SEVERE ] player 1 placing token on slot 1
[19:26:55.712] [INFO   ] actions size of computer-0 is 2
[19:26:55.712] [SEVERE ] removing player 1 token from slot 1
[19:26:55.712] [SEVERE ] player 1 placing token on slot 1
[19:26:55.712] [INFO   ] actions size of computer-0 is 2
[19:26:55.712] [SEVERE ] removing player 1 token from slot 0
[19:26:55.712] [SEVERE ] removing player 1 token from slot 1
[19:26:55.712] [SEVERE ] player 1 placing token on slot 0
[19:26:55.712] [INFO   ] actions size of computer-0 is 1
[19:26:55.712] [SEVERE ] player 1 placing token on slot 1
[19:26:55.712] [INFO   ] actions size of computer-0 is 2
[19:26:55.712] [SEVERE ] removing player 1 token from slot 0
[19:26:55.712] [SEVERE ] removing player 1 token from slot 1
[19:26:55.712] [SEVERE ] player 1 placing token on slot 0
[19:26:55.712] [INFO   ] actions size of computer-0 is 1
[19:26:55.713] [SEVERE ] removing player 1 token from slot 0
[19:26:55.713] [SEVERE ] player 1 placing token on slot 1
[19:26:55.713] [INFO   ] actions size of computer-0 is 1
[19:26:55.713] [SEVERE ] player 1 placing token on slot 0
[19:26:55.713] [INFO   ] actions size of computer-0 is 2
[19:26:55.713] [SEVERE ] removing player 1 token from slot 0
[19:26:55.713] [SEVERE ] player 1 placing token on slot 0
[19:26:55.713] [INFO   ] actions size of computer-0 is 2
[19:26:55.713] [SEVERE ] removing player 1 token from slot 0
[19:26:55.713] [SEVERE ] player 1 placing token on slot 0
[19:26:55.713] [INFO   ] actions size of computer-0 is 2
[19:26:55.713] [SEVERE ] removing player 1 token from slot 1
[19:26:55.713] [SEVERE ] removing player 1 token from slot 0
[19:26:55.713] [SEVERE ] player 1 placing token on slot 1
[19:26:55.713] [INFO   ] actions size of computer-0 is 1
[19:26:55.713] [SEVERE ] removing player 1 token from slot 1
[19:26:55.713] [SEVERE ] player 1 placing token on slot 1
[19:26:55.713] [INFO   ] actions size of computer-0 is 1
[19:26:55.713] [SEVERE ] player 1 placing token on slot 0
[19:26:55.714] [INFO   ] actions size of computer-0 is 2
[19:26:55.714] [SEVERE ] removing player 1 token from slot 0
[19:26:55.714] [SEVERE ] player 1 placing token on slot 0
[19:26:55.714] [INFO   ] actions size of computer-0 is 2
[19:26:55.714] [SEVERE ] removing player 1 token from slot 0
[19:26:55.714] [SEVERE ] removing player 1 token from slot 1
[19:26:55.714] [SEVERE ] player 1 placing token on slot 1
[19:26:55.714] [INFO   ] actions size of computer-0 is 1
[19:26:55.714] [SEVERE ] player 1 placing token on slot 0
[19:26:55.714] [INFO   ] actions size of computer-0 is 2
[19:26:55.714] [SEVERE ] removing player 1 token from slot 0
[19:26:55.714] [SEVERE ] removing player 1 token from slot 1
[19:26:55.714] [SEVERE ] player 1 placing token on slot 0
[19:26:55.714] [INFO   ] actions size of computer-0 is 1
[19:26:55.714] [SEVERE ] removing player 1 token from slot 0
[19:26:55.714] [SEVERE ] player 1 placing token on slot 1
[19:26:55.714] [INFO   ] actions size of computer-0 is 1
[19:26:55.714] [SEVERE ] removing player 1 token from slot 1
[19:26:55.714] [SEVERE ] player 1 placing token on slot 0
[19:26:55.714] [INFO   ] actions size of computer-0 is 1
[19:26:55.714] [SEVERE ] player 1 placing token on slot 1
[19:26:55.714] [INFO   ] actions size of computer-0 is 2
[19:26:55.714] [SEVERE ] removing player 1 token from slot 0
[19:26:55.714] [SEVERE ] removing player 1 token from slot 1
[19:26:55.715] [SEVERE ] player 1 placing token on slot 0
[19:26:55.715] [INFO   ] actions size of computer-0 is 1
[19:26:55.715] [SEVERE ] player 1 placing token on slot 1
[19:26:55.715] [INFO   ] actions size of computer-0 is 2
[19:26:55.715] [SEVERE ] removing player 1 token from slot 0
[19:26:55.715] [SEVERE ] removing player 1 token from slot 1
[19:26:55.715] [SEVERE ] player 1 placing token on slot 0
[19:26:55.715] [INFO   ] actions size of computer-0 is 1
[19:26:55.715] [SEVERE ] player 1 placing token on slot 1
[19:26:55.715] [INFO   ] actions size of computer-0 is 2
[19:26:55.719] [SEVERE ] removing player 2 token from slot 0
[19:26:55.720] [SEVERE ] removing player 2 token from slot 1
[19:26:55.721] [SEVERE ] player 2 placing token on slot 0
[19:26:55.721] [INFO   ] actions size of computer-1 is 1
[19:26:55.721] [SEVERE ] removing player 2 token from slot 0
[19:26:55.722] [SEVERE ] player 2 placing token on slot 0
[19:26:55.722] [INFO   ] actions size of computer-1 is 1
[19:26:55.723] [SEVERE ] removing player 2 token from slot 0
[19:26:55.723] [SEVERE ] removing player 1 token from slot 0
[19:26:55.724] [SEVERE ] player 1 placing token on slot 0
[19:26:55.723] [SEVERE ] player 2 placing token on slot 0
[19:26:55.725] [INFO   ] actions size of computer-1 is 1
[19:26:55.725] [SEVERE ] player 2 placing token on slot 2
[19:26:55.724] [INFO   ] actions size of computer-0 is 2
[19:26:55.726] [SEVERE ] removing player 1 token from slot 0
[19:26:55.724] [SEVERE ] placing card 36 in slot 2
[19:26:55.727] [SEVERE ] removing player 1 token from slot 1
[19:26:55.728] [SEVERE ] player 1 placing token on slot 1
[19:26:55.728] [INFO   ] actions size of computer-0 is 1
[19:26:55.729] [SEVERE ] player 1 placing token on slot 0
[19:26:55.726] [INFO   ] actions size of computer-1 is 2
[19:26:55.729] [INFO   ] actions size of computer-0 is 2
[19:26:55.727] [INFO   ] Thread dealer found empty slot 3
[19:26:55.730] [SEVERE ] removing player 1 token from slot 0
[19:26:55.731] [SEVERE ] player 1 placing token on slot 0
[19:26:55.731] [INFO   ] actions size of computer-0 is 2
[19:26:55.732] [SEVERE ] removing player 1 token from slot 1
[19:26:55.732] [SEVERE ] player 1 placing token on slot 2
[19:26:55.733] [INFO   ] actions size of computer-0 is 2
[19:26:55.733] [SEVERE ] removing player 1 token from slot 2
[19:26:55.730] [SEVERE ] removing player 2 token from slot 2
[19:26:55.734] [SEVERE ] removing player 1 token from slot 0
[19:26:55.735] [SEVERE ] removing player 2 token from slot 0
[19:26:55.738] [SEVERE ] player 2 placing token on slot 1
[19:26:55.738] [INFO   ] actions size of computer-1 is 1
[19:26:55.739] [SEVERE ] removing player 2 token from slot 1
[19:26:55.739] [SEVERE ] player 2 placing token on slot 2
[19:26:55.739] [INFO   ] actions size of computer-1 is 1
[19:26:55.739] [SEVERE ] removing player 2 token from slot 2
[19:26:55.738] [SEVERE ] player 1 placing token on slot 0
[19:26:55.740] [INFO   ] actions size of computer-0 is 1
[19:26:55.741] [SEVERE ] player 1 placing token on slot 1
[19:26:55.740] [SEVERE ] player 2 placing token on slot 1
[19:26:55.742] [INFO   ] actions size of computer-0 is 2
[19:26:55.743] [SEVERE ] removing player 1 token from slot 0
[19:26:55.742] [INFO   ] actions size of computer-1 is 1
[19:26:55.744] [SEVERE ] player 2 placing token on slot 2
[19:26:55.744] [SEVERE ] player 1 placing token on slot 2
[19:26:55.745] [INFO   ] actions size of computer-0 is 2
[19:26:55.746] [SEVERE ] player 1 placing token on slot 0
[19:26:55.745] [INFO   ] actions size of computer-1 is 2
[19:26:55.747] [SEVERE ] removing player 2 token from slot 2
[19:26:55.746] [INFO   ] actions size of computer-0 is 3
[19:26:55.748] [SEVERE ] player 2 placing token on slot 2
[19:26:55.748] [INFO   ] actions size of computer-1 is 2
[19:26:55.749] [SEVERE ] player 2 placing token on slot 0
[19:26:55.748] [INFO   ] tread computer-0 set added
[19:26:55.749] [INFO   ] actions size of computer-1 is 3
[19:26:55.750] [INFO   ] num of sets to check 1
[19:26:55.750] [INFO   ] tread computer-1 set added
[19:26:55.751] [INFO   ] num of sets to check 2
[19:26:55.831] [SEVERE ] placing card 13 in slot 3
[19:26:55.831] [INFO   ] Thread dealer found empty slot 4
[19:26:55.932] [SEVERE ] placing card 79 in slot 4
[19:26:55.932] [INFO   ] Thread dealer found empty slot 5
[19:26:56.033] [SEVERE ] placing card 23 in slot 5
[19:26:56.034] [INFO   ] Thread dealer found empty slot 6
[19:26:56.135] [SEVERE ] placing card 14 in slot 6
[19:26:56.135] [INFO   ] Thread dealer found empty slot 7
[19:26:56.236] [SEVERE ] placing card 34 in slot 7
[19:26:56.237] [INFO   ] Thread dealer found empty slot 8
[19:26:56.337] [SEVERE ] placing card 54 in slot 8
[19:26:56.338] [INFO   ] Thread dealer found empty slot 9
[19:26:56.439] [SEVERE ] placing card 19 in slot 9
[19:26:56.439] [INFO   ] Thread dealer found empty slot 10
[19:26:56.540] [SEVERE ] placing card 5 in slot 10
[19:26:56.540] [INFO   ] Thread dealer found empty slot 11
[19:26:56.641] [SEVERE ] placing card 71 in slot 11
[19:26:56.644] [INFO   ] thread dealer terminated.
[19:26:59.645] [SEVERE ] thanks for playing... it was fun!
[19:26:59.646] [INFO   ] thread main terminated.
[19:26:59.646] [SEVERE ] disposing of user interface elements
