[19:09:42.798] [INFO   ] thread main starting.
[19:09:42.806] [SEVERE ] cannot read configuration file config.properties trying from resources.
[19:09:42.808] [SEVERE ] configuration file was loaded from resources directory.
[19:09:43.547] [INFO   ] thread dealer starting.
[19:09:43.551] [INFO   ] thread player number 0 starting.
[19:09:43.563] [INFO   ] thread player number 1 starting.
[19:09:43.569] [INFO   ] Thread dealer found empty slot 0
[19:09:43.670] [SEVERE ] placing card 43 in slot 0
[19:09:43.670] [INFO   ] Thread dealer found empty slot 1
[19:09:43.771] [SEVERE ] placing card 50 in slot 1
[19:09:43.771] [INFO   ] Thread dealer found empty slot 2
[19:09:43.872] [SEVERE ] placing card 73 in slot 2
[19:09:43.872] [INFO   ] Thread dealer found empty slot 3
[19:09:43.973] [SEVERE ] placing card 40 in slot 3
[19:09:43.973] [INFO   ] Thread dealer found empty slot 4
[19:09:44.074] [SEVERE ] placing card 56 in slot 4
[19:09:44.075] [INFO   ] Thread dealer found empty slot 5
[19:09:44.175] [SEVERE ] placing card 71 in slot 5
[19:09:44.175] [INFO   ] Thread dealer found empty slot 6
[19:09:44.276] [SEVERE ] placing card 5 in slot 6
[19:09:44.276] [INFO   ] Thread dealer found empty slot 7
[19:09:44.277] [INFO   ] Thread dealer found empty slot 7
[19:09:44.377] [SEVERE ] placing card 33 in slot 7
[19:09:44.377] [INFO   ] Thread dealer found empty slot 8
[19:09:44.478] [SEVERE ] placing card 30 in slot 8
[19:09:44.478] [INFO   ] Thread dealer found empty slot 9
[19:09:44.580] [SEVERE ] placing card 60 in slot 9
[19:09:44.581] [INFO   ] Thread dealer found empty slot 10
[19:09:44.683] [SEVERE ] placing card 68 in slot 10
[19:09:44.683] [INFO   ] Thread dealer found empty slot 11
[19:09:44.784] [SEVERE ] placing card 79 in slot 11
[19:09:44.884] [SEVERE ] updating countdown to 60900
[19:09:44.985] [SEVERE ] updating countdown to 60799
[19:09:45.085] [SEVERE ] updating countdown to 60699
[19:09:45.186] [SEVERE ] updating countdown to 60598
[19:09:45.287] [SEVERE ] updating countdown to 60497
[19:09:45.387] [SEVERE ] updating countdown to 60397
[19:09:45.488] [SEVERE ] updating countdown to 60296
[19:09:45.589] [SEVERE ] updating countdown to 60195
[19:09:45.689] [SEVERE ] updating countdown to 60095
[19:09:45.790] [SEVERE ] updating countdown to 59994
[19:09:45.895] [SEVERE ] updating countdown to 59889
