[19:45:56.481] [INFO   ] thread main starting.
[19:45:56.487] [SEVERE ] cannot read configuration file config.properties trying from resources.
[19:45:56.488] [SEVERE ] configuration file was loaded from resources directory.
[19:45:56.960] [INFO   ] thread dealer starting.
[19:45:56.961] [INFO   ] thread player number 0 starting.
[19:45:56.962] [INFO   ] thread computer-0 starting.
[19:45:56.962] [INFO   ] thread player number 1 starting.
[19:45:56.965] [INFO   ] Thread dealer found empty slot 0
[19:45:56.966] [INFO   ] thread computer-1 starting.
[19:45:57.066] [SEVERE ] placing card 56 in slot 0
[19:45:57.067] [INFO   ] Thread dealer found empty slot 1
[19:45:57.067] [SEVERE ] player 1 placing token on slot 0
[19:45:57.068] [INFO   ] actions size of computer-0 is 1
[19:45:57.068] [SEVERE ] removing player 1 token from slot 0
[19:45:57.069] [SEVERE ] player 1 placing token on slot 0
[19:45:57.070] [INFO   ] actions size of computer-0 is 1
[19:45:57.070] [SEVERE ] removing player 1 token from slot 0
[19:45:57.071] [SEVERE ] player 2 placing token on slot 0
[19:45:57.074] [SEVERE ] player 1 placing token on slot 0
[19:45:57.078] [INFO   ] actions size of computer-0 is 1
[19:45:57.079] [SEVERE ] removing player 1 token from slot 0
[19:45:57.082] [SEVERE ] player 1 placing token on slot 0
[19:45:57.082] [INFO   ] actions size of computer-0 is 1
[19:45:57.074] [INFO   ] actions size of computer-1 is 1
[19:45:57.085] [SEVERE ] removing player 2 token from slot 0
[19:45:57.085] [SEVERE ] player 2 placing token on slot 0
[19:45:57.086] [INFO   ] actions size of computer-1 is 1
[19:45:57.086] [SEVERE ] removing player 2 token from slot 0
[19:45:57.087] [SEVERE ] player 2 placing token on slot 0
[19:45:57.087] [INFO   ] actions size of computer-1 is 1
[19:45:57.087] [SEVERE ] removing player 2 token from slot 0
[19:45:57.087] [SEVERE ] player 2 placing token on slot 0
[19:45:57.088] [INFO   ] actions size of computer-1 is 1
[19:45:57.088] [SEVERE ] removing player 2 token from slot 0
[19:45:57.088] [SEVERE ] player 2 placing token on slot 0
[19:45:57.088] [SEVERE ] removing player 1 token from slot 0
[19:45:57.088] [INFO   ] actions size of computer-1 is 1
[19:45:57.089] [SEVERE ] player 1 placing token on slot 0
[19:45:57.090] [INFO   ] actions size of computer-0 is 1
[19:45:57.090] [SEVERE ] removing player 1 token from slot 0
[19:45:57.089] [SEVERE ] removing player 2 token from slot 0
[19:45:57.091] [SEVERE ] player 2 placing token on slot 0
[19:45:57.092] [SEVERE ] player 1 placing token on slot 0
[19:45:57.093] [INFO   ] actions size of computer-0 is 1
[19:45:57.094] [SEVERE ] removing player 1 token from slot 0
[19:45:57.092] [INFO   ] actions size of computer-1 is 1
[19:45:57.095] [SEVERE ] player 1 placing token on slot 0
[19:45:57.095] [INFO   ] actions size of computer-0 is 1
[19:45:57.096] [SEVERE ] removing player 1 token from slot 0
[19:45:57.096] [SEVERE ] player 1 placing token on slot 0
[19:45:57.096] [INFO   ] actions size of computer-0 is 1
[19:45:57.097] [SEVERE ] removing player 1 token from slot 0
[19:45:57.099] [SEVERE ] removing player 2 token from slot 0
[19:45:57.101] [SEVERE ] player 2 placing token on slot 0
[19:45:57.101] [INFO   ] actions size of computer-1 is 1
[19:45:57.102] [SEVERE ] removing player 2 token from slot 0
[19:45:57.103] [SEVERE ] player 2 placing token on slot 0
[19:45:57.104] [INFO   ] actions size of computer-1 is 1
[19:45:57.104] [SEVERE ] removing player 2 token from slot 0
[19:45:57.099] [SEVERE ] player 1 placing token on slot 0
[19:45:57.106] [INFO   ] actions size of computer-0 is 1
[19:45:57.107] [SEVERE ] removing player 1 token from slot 0
[19:45:57.105] [SEVERE ] player 2 placing token on slot 0
[19:45:57.108] [SEVERE ] player 1 placing token on slot 0
[19:45:57.111] [INFO   ] actions size of computer-0 is 1
[19:45:57.111] [SEVERE ] removing player 1 token from slot 0
[19:45:57.112] [SEVERE ] player 1 placing token on slot 0
[19:45:57.113] [INFO   ] actions size of computer-0 is 1
[19:45:57.114] [SEVERE ] removing player 1 token from slot 0
[19:45:57.115] [SEVERE ] player 1 placing token on slot 0
[19:45:57.115] [INFO   ] actions size of computer-0 is 1
[19:45:57.108] [INFO   ] actions size of computer-1 is 1
[19:45:57.117] [SEVERE ] removing player 1 token from slot 0
[19:45:57.117] [SEVERE ] removing player 2 token from slot 0
[19:45:57.118] [SEVERE ] player 1 placing token on slot 0
[19:45:57.119] [SEVERE ] player 2 placing token on slot 0
[19:45:57.119] [INFO   ] actions size of computer-0 is 1
[19:45:57.119] [INFO   ] actions size of computer-1 is 1
[19:45:57.120] [SEVERE ] removing player 1 token from slot 0
[19:45:57.121] [SEVERE ] removing player 2 token from slot 0
[19:45:57.121] [SEVERE ] player 2 placing token on slot 0
[19:45:57.121] [SEVERE ] player 1 placing token on slot 0
[19:45:57.122] [INFO   ] actions size of computer-1 is 1
[19:45:57.123] [SEVERE ] removing player 2 token from slot 0
[19:45:57.122] [INFO   ] actions size of computer-0 is 1
[19:45:57.124] [SEVERE ] removing player 1 token from slot 0
[19:45:57.124] [SEVERE ] player 1 placing token on slot 0
[19:45:57.125] [INFO   ] actions size of computer-0 is 1
[19:45:57.125] [SEVERE ] removing player 1 token from slot 0
[19:45:57.126] [SEVERE ] player 1 placing token on slot 0
[19:45:57.126] [INFO   ] actions size of computer-0 is 1
[19:45:57.126] [SEVERE ] removing player 1 token from slot 0
[19:45:57.126] [SEVERE ] player 1 placing token on slot 0
[19:45:57.126] [INFO   ] actions size of computer-0 is 1
[19:45:57.126] [SEVERE ] removing player 1 token from slot 0
[19:45:57.126] [SEVERE ] player 1 placing token on slot 0
[19:45:57.126] [INFO   ] actions size of computer-0 is 1
[19:45:57.127] [SEVERE ] removing player 1 token from slot 0
[19:45:57.127] [SEVERE ] player 1 placing token on slot 0
[19:45:57.124] [SEVERE ] player 2 placing token on slot 0
[19:45:57.134] [INFO   ] actions size of computer-1 is 1
[19:45:57.134] [SEVERE ] removing player 2 token from slot 0
[19:45:57.134] [SEVERE ] player 2 placing token on slot 0
[19:45:57.134] [INFO   ] actions size of computer-1 is 1
[19:45:57.135] [SEVERE ] removing player 2 token from slot 0
[19:45:57.135] [SEVERE ] player 2 placing token on slot 0
[19:45:57.135] [INFO   ] actions size of computer-1 is 1
[19:45:57.135] [SEVERE ] removing player 2 token from slot 0
[19:45:57.136] [SEVERE ] player 2 placing token on slot 0
[19:45:57.136] [INFO   ] actions size of computer-1 is 1
[19:45:57.137] [SEVERE ] removing player 2 token from slot 0
[19:45:57.134] [INFO   ] actions size of computer-0 is 1
[19:45:57.137] [SEVERE ] player 2 placing token on slot 0
[19:45:57.139] [INFO   ] actions size of computer-1 is 1
[19:45:57.140] [SEVERE ] removing player 2 token from slot 0
[19:45:57.140] [SEVERE ] player 2 placing token on slot 0
[19:45:57.140] [INFO   ] actions size of computer-1 is 1
[19:45:57.140] [SEVERE ] removing player 2 token from slot 0
[19:45:57.140] [SEVERE ] player 2 placing token on slot 0
[19:45:57.141] [INFO   ] actions size of computer-1 is 1
[19:45:57.142] [SEVERE ] removing player 2 token from slot 0
[19:45:57.142] [SEVERE ] player 2 placing token on slot 0
[19:45:57.138] [SEVERE ] removing player 1 token from slot 0
[19:45:57.143] [SEVERE ] player 1 placing token on slot 0
[19:45:57.143] [INFO   ] actions size of computer-0 is 1
[19:45:57.143] [SEVERE ] removing player 1 token from slot 0
[19:45:57.143] [SEVERE ] player 1 placing token on slot 0
[19:45:57.144] [INFO   ] actions size of computer-0 is 1
[19:45:57.144] [SEVERE ] removing player 1 token from slot 0
[19:45:57.144] [SEVERE ] player 1 placing token on slot 0
[19:45:57.144] [INFO   ] actions size of computer-0 is 1
[19:45:57.144] [SEVERE ] removing player 1 token from slot 0
[19:45:57.144] [SEVERE ] player 1 placing token on slot 0
[19:45:57.144] [INFO   ] actions size of computer-0 is 1
[19:45:57.145] [SEVERE ] removing player 1 token from slot 0
[19:45:57.145] [SEVERE ] player 1 placing token on slot 0
[19:45:57.146] [INFO   ] actions size of computer-0 is 1
[19:45:57.148] [SEVERE ] removing player 1 token from slot 0
[19:45:57.149] [SEVERE ] player 1 placing token on slot 0
[19:45:57.149] [INFO   ] actions size of computer-0 is 1
[19:45:57.149] [SEVERE ] removing player 1 token from slot 0
[19:45:57.149] [SEVERE ] player 1 placing token on slot 0
[19:45:57.150] [INFO   ] actions size of computer-0 is 1
[19:45:57.142] [INFO   ] actions size of computer-1 is 1
[19:45:57.150] [SEVERE ] removing player 2 token from slot 0
[19:45:57.150] [SEVERE ] player 2 placing token on slot 0
[19:45:57.150] [INFO   ] actions size of computer-1 is 1
[19:45:57.150] [SEVERE ] removing player 2 token from slot 0
[19:45:57.154] [SEVERE ] player 2 placing token on slot 0
[19:45:57.155] [INFO   ] actions size of computer-1 is 1
[19:45:57.155] [SEVERE ] removing player 2 token from slot 0
[19:45:57.155] [SEVERE ] player 2 placing token on slot 0
[19:45:57.155] [INFO   ] actions size of computer-1 is 1
[19:45:57.155] [SEVERE ] removing player 2 token from slot 0
[19:45:57.155] [SEVERE ] removing player 1 token from slot 0
[19:45:57.155] [SEVERE ] player 2 placing token on slot 0
[19:45:57.156] [SEVERE ] player 1 placing token on slot 0
[19:45:57.157] [INFO   ] actions size of computer-0 is 1
[19:45:57.157] [SEVERE ] removing player 1 token from slot 0
[19:45:57.158] [SEVERE ] player 1 placing token on slot 0
[19:45:57.158] [INFO   ] actions size of computer-0 is 1
[19:45:57.158] [SEVERE ] removing player 1 token from slot 0
[19:45:57.158] [SEVERE ] player 1 placing token on slot 0
[19:45:57.158] [INFO   ] actions size of computer-0 is 1
[19:45:57.156] [INFO   ] actions size of computer-1 is 1
[19:45:57.167] [SEVERE ] removing player 2 token from slot 0
[19:45:57.168] [SEVERE ] player 2 placing token on slot 1
[19:45:57.168] [INFO   ] actions size of computer-1 is 1
[19:45:57.169] [SEVERE ] removing player 2 token from slot 1
[19:45:57.169] [SEVERE ] player 2 placing token on slot 1
[19:45:57.169] [INFO   ] actions size of computer-1 is 1
[19:45:57.169] [SEVERE ] removing player 2 token from slot 1
[19:45:57.169] [SEVERE ] player 2 placing token on slot 1
[19:45:57.170] [INFO   ] actions size of computer-1 is 1
[19:45:57.170] [SEVERE ] player 2 placing token on slot 0
[19:45:57.170] [INFO   ] actions size of computer-1 is 2
[19:45:57.170] [SEVERE ] removing player 2 token from slot 0
[19:45:57.170] [SEVERE ] removing player 2 token from slot 1
[19:45:57.170] [SEVERE ] player 2 placing token on slot 0
[19:45:57.170] [INFO   ] actions size of computer-1 is 1
[19:45:57.170] [SEVERE ] removing player 2 token from slot 0
[19:45:57.170] [SEVERE ] player 2 placing token on slot 1
[19:45:57.170] [INFO   ] actions size of computer-1 is 1
[19:45:57.170] [SEVERE ] player 2 placing token on slot 0
[19:45:57.170] [INFO   ] actions size of computer-1 is 2
[19:45:57.171] [SEVERE ] removing player 2 token from slot 0
[19:45:57.171] [SEVERE ] removing player 2 token from slot 1
[19:45:57.171] [SEVERE ] player 2 placing token on slot 0
[19:45:57.172] [INFO   ] actions size of computer-1 is 1
[19:45:57.172] [SEVERE ] player 2 placing token on slot 1
[19:45:57.172] [INFO   ] actions size of computer-1 is 2
[19:45:57.172] [SEVERE ] removing player 2 token from slot 0
[19:45:57.172] [SEVERE ] player 2 placing token on slot 0
[19:45:57.173] [INFO   ] actions size of computer-1 is 2
[19:45:57.173] [SEVERE ] removing player 2 token from slot 0
[19:45:57.173] [SEVERE ] player 2 placing token on slot 0
[19:45:57.173] [INFO   ] actions size of computer-1 is 2
[19:45:57.173] [SEVERE ] removing player 2 token from slot 1
[19:45:57.173] [SEVERE ] removing player 2 token from slot 0
[19:45:57.173] [SEVERE ] player 2 placing token on slot 1
[19:45:57.173] [INFO   ] actions size of computer-1 is 1
[19:45:57.173] [SEVERE ] player 2 placing token on slot 0
[19:45:57.173] [INFO   ] actions size of computer-1 is 2
[19:45:57.173] [SEVERE ] removing player 2 token from slot 0
[19:45:57.173] [SEVERE ] player 2 placing token on slot 0
[19:45:57.173] [INFO   ] actions size of computer-1 is 2
[19:45:57.174] [SEVERE ] removing player 2 token from slot 1
[19:45:57.174] [SEVERE ] removing player 2 token from slot 0
[19:45:57.174] [SEVERE ] player 2 placing token on slot 0
[19:45:57.174] [INFO   ] actions size of computer-1 is 1
[19:45:57.174] [SEVERE ] removing player 2 token from slot 0
[19:45:57.174] [SEVERE ] player 2 placing token on slot 1
[19:45:57.174] [INFO   ] actions size of computer-1 is 1
[19:45:57.174] [SEVERE ] removing player 2 token from slot 1
[19:45:57.163] [SEVERE ] removing player 1 token from slot 0
[19:45:57.167] [SEVERE ] placing card 38 in slot 1
[19:45:57.174] [INFO   ] Thread dealer found empty slot 2
[19:45:57.174] [SEVERE ] player 1 placing token on slot 0
[19:45:57.176] [INFO   ] actions size of computer-0 is 1
[19:45:57.176] [SEVERE ] player 1 placing token on slot 1
[19:45:57.176] [INFO   ] actions size of computer-0 is 2
[19:45:57.176] [SEVERE ] removing player 1 token from slot 0
[19:45:57.176] [SEVERE ] removing player 1 token from slot 1
[19:45:57.176] [SEVERE ] player 1 placing token on slot 1
[19:45:57.176] [INFO   ] actions size of computer-0 is 1
[19:45:57.176] [SEVERE ] player 1 placing token on slot 0
[19:45:57.176] [INFO   ] actions size of computer-0 is 2
[19:45:57.177] [SEVERE ] removing player 1 token from slot 1
[19:45:57.177] [SEVERE ] player 1 placing token on slot 1
[19:45:57.178] [INFO   ] actions size of computer-0 is 2
[19:45:57.178] [SEVERE ] removing player 1 token from slot 0
[19:45:57.178] [SEVERE ] removing player 1 token from slot 1
[19:45:57.178] [SEVERE ] player 1 placing token on slot 1
[19:45:57.178] [INFO   ] actions size of computer-0 is 1
[19:45:57.178] [SEVERE ] removing player 1 token from slot 1
[19:45:57.179] [SEVERE ] player 1 placing token on slot 0
[19:45:57.179] [INFO   ] actions size of computer-0 is 1
[19:45:57.179] [SEVERE ] player 1 placing token on slot 1
[19:45:57.179] [INFO   ] actions size of computer-0 is 2
[19:45:57.179] [SEVERE ] removing player 1 token from slot 0
[19:45:57.179] [SEVERE ] removing player 1 token from slot 1
[19:45:57.179] [SEVERE ] player 1 placing token on slot 0
[19:45:57.179] [INFO   ] actions size of computer-0 is 1
[19:45:57.179] [SEVERE ] player 1 placing token on slot 1
[19:45:57.179] [INFO   ] actions size of computer-0 is 2
[19:45:57.179] [SEVERE ] removing player 1 token from slot 1
[19:45:57.179] [SEVERE ] player 1 placing token on slot 1
[19:45:57.179] [INFO   ] actions size of computer-0 is 2
[19:45:57.180] [SEVERE ] removing player 1 token from slot 0
[19:45:57.180] [SEVERE ] removing player 1 token from slot 1
[19:45:57.180] [SEVERE ] player 1 placing token on slot 0
[19:45:57.180] [INFO   ] actions size of computer-0 is 1
[19:45:57.180] [SEVERE ] removing player 1 token from slot 0
[19:45:57.180] [SEVERE ] player 1 placing token on slot 1
[19:45:57.180] [INFO   ] actions size of computer-0 is 1
[19:45:57.180] [SEVERE ] player 1 placing token on slot 0
[19:45:57.183] [INFO   ] actions size of computer-0 is 2
[19:45:57.174] [SEVERE ] player 2 placing token on slot 0
[19:45:57.195] [INFO   ] actions size of computer-1 is 1
[19:45:57.199] [SEVERE ] player 2 placing token on slot 1
[19:45:57.200] [INFO   ] actions size of computer-1 is 2
[19:45:57.200] [SEVERE ] removing player 2 token from slot 1
[19:45:57.201] [SEVERE ] player 2 placing token on slot 1
[19:45:57.199] [SEVERE ] removing player 1 token from slot 1
[19:45:57.202] [SEVERE ] player 1 placing token on slot 1
[19:45:57.203] [INFO   ] actions size of computer-0 is 2
[19:45:57.204] [SEVERE ] removing player 1 token from slot 0
[19:45:57.204] [SEVERE ] player 1 placing token on slot 0
[19:45:57.204] [INFO   ] actions size of computer-0 is 2
[19:45:57.205] [SEVERE ] removing player 1 token from slot 1
[19:45:57.205] [SEVERE ] removing player 1 token from slot 0
[19:45:57.206] [SEVERE ] player 1 placing token on slot 1
[19:45:57.206] [INFO   ] actions size of computer-0 is 1
[19:45:57.207] [SEVERE ] player 1 placing token on slot 0
[19:45:57.207] [INFO   ] actions size of computer-0 is 2
[19:45:57.208] [SEVERE ] removing player 1 token from slot 1
[19:45:57.209] [SEVERE ] player 1 placing token on slot 1
[19:45:57.210] [INFO   ] actions size of computer-0 is 2
[19:45:57.210] [SEVERE ] removing player 1 token from slot 1
[19:45:57.201] [INFO   ] actions size of computer-1 is 2
[19:45:57.210] [SEVERE ] removing player 2 token from slot 1
[19:45:57.211] [SEVERE ] player 2 placing token on slot 1
[19:45:57.210] [SEVERE ] player 1 placing token on slot 1
[19:45:57.212] [INFO   ] actions size of computer-0 is 2
[19:45:57.212] [SEVERE ] removing player 1 token from slot 0
[19:45:57.212] [INFO   ] actions size of computer-1 is 2
[19:45:57.213] [SEVERE ] removing player 2 token from slot 0
[19:45:57.213] [SEVERE ] player 2 placing token on slot 0
[19:45:57.214] [INFO   ] actions size of computer-1 is 2
[19:45:57.214] [SEVERE ] removing player 2 token from slot 0
[19:45:57.215] [SEVERE ] removing player 2 token from slot 1
[19:45:57.215] [SEVERE ] player 2 placing token on slot 1
[19:45:57.216] [INFO   ] actions size of computer-1 is 1
[19:45:57.216] [SEVERE ] player 2 placing token on slot 0
[19:45:57.216] [INFO   ] actions size of computer-1 is 2
[19:45:57.216] [SEVERE ] removing player 2 token from slot 0
[19:45:57.216] [SEVERE ] removing player 2 token from slot 1
[19:45:57.216] [SEVERE ] player 2 placing token on slot 1
[19:45:57.217] [INFO   ] actions size of computer-1 is 1
[19:45:57.217] [SEVERE ] removing player 2 token from slot 1
[19:45:57.217] [SEVERE ] player 2 placing token on slot 1
[19:45:57.217] [INFO   ] actions size of computer-1 is 1
[19:45:57.217] [SEVERE ] removing player 2 token from slot 1
[19:45:57.217] [SEVERE ] player 2 placing token on slot 1
[19:45:57.217] [INFO   ] actions size of computer-1 is 1
[19:45:57.217] [SEVERE ] player 2 placing token on slot 0
[19:45:57.217] [INFO   ] actions size of computer-1 is 2
[19:45:57.217] [SEVERE ] removing player 2 token from slot 0
[19:45:57.217] [SEVERE ] removing player 2 token from slot 1
[19:45:57.217] [SEVERE ] player 2 placing token on slot 0
[19:45:57.217] [INFO   ] actions size of computer-1 is 1
[19:45:57.217] [SEVERE ] removing player 2 token from slot 0
[19:45:57.217] [SEVERE ] player 2 placing token on slot 1
[19:45:57.217] [INFO   ] actions size of computer-1 is 1
[19:45:57.217] [SEVERE ] player 2 placing token on slot 0
[19:45:57.217] [INFO   ] actions size of computer-1 is 2
[19:45:57.218] [SEVERE ] removing player 2 token from slot 1
[19:45:57.218] [SEVERE ] removing player 2 token from slot 0
[19:45:57.218] [SEVERE ] player 2 placing token on slot 0
[19:45:57.218] [INFO   ] actions size of computer-1 is 1
[19:45:57.218] [SEVERE ] removing player 2 token from slot 0
[19:45:57.218] [SEVERE ] player 2 placing token on slot 1
[19:45:57.218] [INFO   ] actions size of computer-1 is 1
[19:45:57.218] [SEVERE ] player 2 placing token on slot 0
[19:45:57.218] [INFO   ] actions size of computer-1 is 2
[19:45:57.218] [SEVERE ] removing player 2 token from slot 0
[19:45:57.218] [SEVERE ] removing player 2 token from slot 1
[19:45:57.218] [SEVERE ] player 2 placing token on slot 0
[19:45:57.218] [INFO   ] actions size of computer-1 is 1
[19:45:57.218] [SEVERE ] player 2 placing token on slot 1
[19:45:57.218] [INFO   ] actions size of computer-1 is 2
[19:45:57.218] [SEVERE ] removing player 2 token from slot 1
[19:45:57.218] [SEVERE ] removing player 2 token from slot 0
[19:45:57.218] [SEVERE ] player 2 placing token on slot 1
[19:45:57.219] [INFO   ] actions size of computer-1 is 1
[19:45:57.219] [SEVERE ] player 2 placing token on slot 0
[19:45:57.219] [INFO   ] actions size of computer-1 is 2
[19:45:57.219] [SEVERE ] removing player 2 token from slot 0
[19:45:57.219] [SEVERE ] removing player 2 token from slot 1
[19:45:57.219] [SEVERE ] player 2 placing token on slot 1
[19:45:57.219] [INFO   ] actions size of computer-1 is 1
[19:45:57.212] [SEVERE ] player 1 placing token on slot 0
[19:45:57.220] [INFO   ] actions size of computer-0 is 2
[19:45:57.220] [SEVERE ] removing player 1 token from slot 0
[19:45:57.220] [SEVERE ] removing player 1 token from slot 1
[19:45:57.220] [SEVERE ] player 1 placing token on slot 1
[19:45:57.220] [INFO   ] actions size of computer-0 is 1
[19:45:57.220] [SEVERE ] player 1 placing token on slot 0
[19:45:57.220] [INFO   ] actions size of computer-0 is 2
[19:45:57.220] [SEVERE ] removing player 1 token from slot 0
[19:45:57.220] [SEVERE ] player 1 placing token on slot 0
[19:45:57.220] [INFO   ] actions size of computer-0 is 2
[19:45:57.220] [SEVERE ] removing player 1 token from slot 0
[19:45:57.220] [SEVERE ] removing player 1 token from slot 1
[19:45:57.220] [SEVERE ] player 1 placing token on slot 0
[19:45:57.221] [INFO   ] actions size of computer-0 is 1
[19:45:57.221] [SEVERE ] removing player 1 token from slot 0
[19:45:57.221] [SEVERE ] player 1 placing token on slot 1
[19:45:57.221] [INFO   ] actions size of computer-0 is 1
[19:45:57.221] [SEVERE ] removing player 1 token from slot 1
[19:45:57.221] [SEVERE ] player 1 placing token on slot 1
[19:45:57.221] [INFO   ] actions size of computer-0 is 1
[19:45:57.221] [SEVERE ] removing player 1 token from slot 1
[19:45:57.221] [SEVERE ] player 1 placing token on slot 0
[19:45:57.221] [INFO   ] actions size of computer-0 is 1
[19:45:57.221] [SEVERE ] removing player 1 token from slot 0
[19:45:57.221] [SEVERE ] player 1 placing token on slot 1
[19:45:57.221] [SEVERE ] removing player 2 token from slot 1
[19:45:57.222] [INFO   ] actions size of computer-0 is 1
[19:45:57.222] [SEVERE ] player 2 placing token on slot 1
[19:45:57.223] [INFO   ] actions size of computer-1 is 1
[19:45:57.223] [SEVERE ] removing player 1 token from slot 1
[19:45:57.226] [SEVERE ] player 1 placing token on slot 1
[19:45:57.227] [INFO   ] actions size of computer-0 is 1
[19:45:57.227] [SEVERE ] player 1 placing token on slot 0
[19:45:57.227] [INFO   ] actions size of computer-0 is 2
[19:45:57.228] [SEVERE ] removing player 1 token from slot 1
[19:45:57.228] [SEVERE ] player 1 placing token on slot 1
[19:45:57.228] [INFO   ] actions size of computer-0 is 2
[19:45:57.228] [SEVERE ] removing player 1 token from slot 1
[19:45:57.228] [SEVERE ] removing player 1 token from slot 0
[19:45:57.228] [SEVERE ] player 1 placing token on slot 1
[19:45:57.228] [INFO   ] actions size of computer-0 is 1
[19:45:57.228] [SEVERE ] player 1 placing token on slot 0
[19:45:57.228] [INFO   ] actions size of computer-0 is 2
[19:45:57.228] [SEVERE ] removing player 1 token from slot 0
[19:45:57.228] [SEVERE ] player 1 placing token on slot 0
[19:45:57.228] [INFO   ] actions size of computer-0 is 2
[19:45:57.228] [SEVERE ] removing player 1 token from slot 1
[19:45:57.228] [SEVERE ] player 1 placing token on slot 1
[19:45:57.228] [INFO   ] actions size of computer-0 is 2
[19:45:57.229] [SEVERE ] removing player 1 token from slot 1
[19:45:57.229] [SEVERE ] player 1 placing token on slot 1
[19:45:57.229] [INFO   ] actions size of computer-0 is 2
[19:45:57.229] [SEVERE ] removing player 1 token from slot 1
[19:45:57.229] [SEVERE ] removing player 1 token from slot 0
[19:45:57.229] [SEVERE ] player 1 placing token on slot 1
[19:45:57.229] [INFO   ] actions size of computer-0 is 1
[19:45:57.229] [SEVERE ] removing player 1 token from slot 1
[19:45:57.229] [SEVERE ] player 1 placing token on slot 1
[19:45:57.229] [INFO   ] actions size of computer-0 is 1
[19:45:57.229] [SEVERE ] player 1 placing token on slot 0
[19:45:57.229] [INFO   ] actions size of computer-0 is 2
[19:45:57.229] [SEVERE ] removing player 1 token from slot 0
[19:45:57.229] [SEVERE ] player 1 placing token on slot 0
[19:45:57.229] [INFO   ] actions size of computer-0 is 2
[19:45:57.229] [SEVERE ] removing player 1 token from slot 0
[19:45:57.229] [SEVERE ] player 1 placing token on slot 0
[19:45:57.229] [INFO   ] actions size of computer-0 is 2
[19:45:57.230] [SEVERE ] removing player 1 token from slot 0
[19:45:57.230] [SEVERE ] removing player 1 token from slot 1
[19:45:57.230] [SEVERE ] player 1 placing token on slot 0
[19:45:57.230] [INFO   ] actions size of computer-0 is 1
[19:45:57.230] [SEVERE ] removing player 1 token from slot 0
[19:45:57.230] [SEVERE ] player 1 placing token on slot 0
[19:45:57.230] [INFO   ] actions size of computer-0 is 1
[19:45:57.230] [SEVERE ] removing player 1 token from slot 0
[19:45:57.230] [SEVERE ] player 1 placing token on slot 1
[19:45:57.230] [INFO   ] actions size of computer-0 is 1
[19:45:57.230] [SEVERE ] player 1 placing token on slot 0
[19:45:57.230] [INFO   ] actions size of computer-0 is 2
[19:45:57.230] [SEVERE ] removing player 1 token from slot 0
[19:45:57.230] [SEVERE ] player 1 placing token on slot 0
[19:45:57.230] [INFO   ] actions size of computer-0 is 2
[19:45:57.230] [SEVERE ] removing player 1 token from slot 1
[19:45:57.230] [SEVERE ] player 1 placing token on slot 1
[19:45:57.231] [INFO   ] actions size of computer-0 is 2
[19:45:57.231] [SEVERE ] removing player 1 token from slot 0
[19:45:57.231] [SEVERE ] removing player 1 token from slot 1
[19:45:57.231] [SEVERE ] player 1 placing token on slot 0
[19:45:57.231] [INFO   ] actions size of computer-0 is 1
[19:45:57.234] [SEVERE ] removing player 1 token from slot 0
[19:45:57.232] [SEVERE ] removing player 2 token from slot 1
[19:45:57.235] [SEVERE ] player 2 placing token on slot 0
[19:45:57.235] [SEVERE ] player 1 placing token on slot 1
[19:45:57.236] [INFO   ] actions size of computer-1 is 1
[19:45:57.236] [SEVERE ] removing player 2 token from slot 0
[19:45:57.236] [INFO   ] actions size of computer-0 is 1
[19:45:57.237] [SEVERE ] player 2 placing token on slot 1
[19:45:57.238] [INFO   ] actions size of computer-1 is 1
[19:45:57.238] [SEVERE ] removing player 2 token from slot 1
[19:45:57.239] [SEVERE ] player 2 placing token on slot 0
[19:45:57.239] [INFO   ] actions size of computer-1 is 1
[19:45:57.240] [SEVERE ] removing player 2 token from slot 0
[19:45:57.238] [SEVERE ] player 1 placing token on slot 0
[19:45:57.241] [SEVERE ] player 2 placing token on slot 0
[19:45:57.241] [INFO   ] actions size of computer-0 is 2
[19:45:57.244] [INFO   ] actions size of computer-1 is 1
[19:45:57.244] [SEVERE ] player 2 placing token on slot 1
[19:45:57.244] [INFO   ] actions size of computer-1 is 2
[19:45:57.245] [SEVERE ] removing player 2 token from slot 1
[19:45:57.245] [SEVERE ] player 2 placing token on slot 1
[19:45:57.245] [INFO   ] actions size of computer-1 is 2
[19:45:57.245] [SEVERE ] removing player 2 token from slot 0
[19:45:57.245] [SEVERE ] player 2 placing token on slot 0
[19:45:57.245] [INFO   ] actions size of computer-1 is 2
[19:45:57.245] [SEVERE ] removing player 2 token from slot 1
[19:45:57.245] [SEVERE ] player 2 placing token on slot 1
[19:45:57.248] [INFO   ] actions size of computer-1 is 2
[19:45:57.248] [SEVERE ] removing player 2 token from slot 1
[19:45:57.248] [SEVERE ] player 2 placing token on slot 1
[19:45:57.248] [INFO   ] actions size of computer-1 is 2
[19:45:57.248] [SEVERE ] removing player 2 token from slot 0
[19:45:57.249] [SEVERE ] removing player 2 token from slot 1
[19:45:57.249] [SEVERE ] player 2 placing token on slot 0
[19:45:57.249] [INFO   ] actions size of computer-1 is 1
[19:45:57.249] [SEVERE ] removing player 2 token from slot 0
[19:45:57.249] [SEVERE ] player 2 placing token on slot 1
[19:45:57.249] [INFO   ] actions size of computer-1 is 1
[19:45:57.249] [SEVERE ] player 2 placing token on slot 0
[19:45:57.249] [INFO   ] actions size of computer-1 is 2
[19:45:57.249] [SEVERE ] removing player 2 token from slot 1
[19:45:57.249] [SEVERE ] player 2 placing token on slot 1
[19:45:57.249] [INFO   ] actions size of computer-1 is 2
[19:45:57.249] [SEVERE ] removing player 2 token from slot 1
[19:45:57.249] [SEVERE ] player 2 placing token on slot 1
[19:45:57.249] [INFO   ] actions size of computer-1 is 2
[19:45:57.249] [SEVERE ] removing player 2 token from slot 1
[19:45:57.249] [SEVERE ] removing player 2 token from slot 0
[19:45:57.249] [SEVERE ] player 2 placing token on slot 0
[19:45:57.249] [INFO   ] actions size of computer-1 is 1
[19:45:57.249] [SEVERE ] removing player 2 token from slot 0
[19:45:57.250] [SEVERE ] player 2 placing token on slot 0
[19:45:57.250] [INFO   ] actions size of computer-1 is 1
[19:45:57.250] [SEVERE ] removing player 2 token from slot 0
[19:45:57.250] [SEVERE ] player 2 placing token on slot 0
[19:45:57.250] [INFO   ] actions size of computer-1 is 1
[19:45:57.251] [SEVERE ] player 2 placing token on slot 1
[19:45:57.251] [INFO   ] actions size of computer-1 is 2
[19:45:57.251] [SEVERE ] removing player 2 token from slot 1
[19:45:57.252] [SEVERE ] removing player 2 token from slot 0
[19:45:57.252] [SEVERE ] player 2 placing token on slot 0
[19:45:57.252] [INFO   ] actions size of computer-1 is 1
[19:45:57.252] [SEVERE ] player 2 placing token on slot 1
[19:45:57.252] [INFO   ] actions size of computer-1 is 2
[19:45:57.252] [SEVERE ] removing player 2 token from slot 0
[19:45:57.252] [SEVERE ] player 2 placing token on slot 0
[19:45:57.252] [INFO   ] actions size of computer-1 is 2
[19:45:57.252] [SEVERE ] removing player 2 token from slot 0
[19:45:57.252] [SEVERE ] player 2 placing token on slot 0
[19:45:57.252] [INFO   ] actions size of computer-1 is 2
[19:45:57.254] [SEVERE ] removing player 2 token from slot 0
[19:45:57.270] [SEVERE ] removing player 1 token from slot 1
[19:45:57.271] [SEVERE ] player 1 placing token on slot 1
[19:45:57.271] [INFO   ] actions size of computer-0 is 2
[19:45:57.271] [SEVERE ] removing player 1 token from slot 0
[19:45:57.271] [SEVERE ] removing player 1 token from slot 1
[19:45:57.271] [SEVERE ] player 1 placing token on slot 1
[19:45:57.271] [INFO   ] actions size of computer-0 is 1
[19:45:57.271] [SEVERE ] player 1 placing token on slot 0
[19:45:57.271] [INFO   ] actions size of computer-0 is 2
[19:45:57.271] [SEVERE ] removing player 1 token from slot 0
[19:45:57.272] [SEVERE ] removing player 1 token from slot 1
[19:45:57.272] [SEVERE ] player 1 placing token on slot 0
[19:45:57.272] [INFO   ] actions size of computer-0 is 1
[19:45:57.272] [SEVERE ] removing player 1 token from slot 0
[19:45:57.272] [SEVERE ] player 1 placing token on slot 1
[19:45:57.272] [INFO   ] actions size of computer-0 is 1
[19:45:57.272] [SEVERE ] player 1 placing token on slot 0
[19:45:57.272] [INFO   ] actions size of computer-0 is 2
[19:45:57.272] [SEVERE ] removing player 1 token from slot 0
[19:45:57.272] [SEVERE ] removing player 1 token from slot 1
[19:45:57.272] [SEVERE ] player 1 placing token on slot 0
[19:45:57.272] [INFO   ] actions size of computer-0 is 1
[19:45:57.272] [SEVERE ] player 1 placing token on slot 1
[19:45:57.272] [INFO   ] actions size of computer-0 is 2
[19:45:57.272] [SEVERE ] removing player 1 token from slot 1
[19:45:57.272] [SEVERE ] player 1 placing token on slot 1
[19:45:57.272] [INFO   ] actions size of computer-0 is 2
[19:45:57.272] [SEVERE ] removing player 1 token from slot 1
[19:45:57.272] [SEVERE ] removing player 1 token from slot 0
[19:45:57.273] [SEVERE ] player 1 placing token on slot 0
[19:45:57.273] [INFO   ] actions size of computer-0 is 1
[19:45:57.273] [SEVERE ] player 1 placing token on slot 1
[19:45:57.273] [INFO   ] actions size of computer-0 is 2
[19:45:57.273] [SEVERE ] removing player 1 token from slot 0
[19:45:57.273] [SEVERE ] removing player 1 token from slot 1
[19:45:57.273] [SEVERE ] player 1 placing token on slot 1
[19:45:57.273] [INFO   ] actions size of computer-0 is 1
[19:45:57.273] [SEVERE ] removing player 1 token from slot 1
[19:45:57.273] [SEVERE ] removing player 2 token from slot 1
[19:45:57.273] [SEVERE ] player 2 placing token on slot 1
[19:45:57.273] [INFO   ] actions size of computer-1 is 1
[19:45:57.274] [SEVERE ] player 2 placing token on slot 0
[19:45:57.274] [INFO   ] actions size of computer-1 is 2
[19:45:57.275] [SEVERE ] removing player 2 token from slot 0
[19:45:57.273] [SEVERE ] player 1 placing token on slot 0
[19:45:57.276] [SEVERE ] removing player 2 token from slot 1
[19:45:57.275] [SEVERE ] placing card 10 in slot 2
[19:45:57.277] [INFO   ] Thread dealer found empty slot 3
[19:45:57.277] [INFO   ] actions size of computer-0 is 1
[19:45:57.276] [SEVERE ] player 2 placing token on slot 2
[19:45:57.280] [INFO   ] actions size of computer-1 is 1
[19:45:57.280] [SEVERE ] removing player 2 token from slot 2
[19:45:57.280] [SEVERE ] player 2 placing token on slot 0
[19:45:57.280] [INFO   ] actions size of computer-1 is 1
[19:45:57.280] [SEVERE ] player 2 placing token on slot 2
[19:45:57.280] [INFO   ] actions size of computer-1 is 2
[19:45:57.280] [SEVERE ] player 2 placing token on slot 1
[19:45:57.280] [INFO   ] actions size of computer-1 is 3
[19:45:57.280] [INFO   ] tread computer-1 set added
[19:45:57.280] [INFO   ] num of sets to check 1
[19:45:57.278] [SEVERE ] player 1 placing token on slot 1
[19:45:57.281] [INFO   ] actions size of computer-0 is 2
[19:45:57.281] [SEVERE ] removing player 1 token from slot 1
[19:45:57.281] [SEVERE ] player 1 placing token on slot 1
[19:45:57.281] [INFO   ] actions size of computer-0 is 2
[19:45:57.281] [SEVERE ] player 1 placing token on slot 2
[19:45:57.281] [INFO   ] actions size of computer-0 is 3
[19:45:57.281] [INFO   ] tread computer-0 set added
[19:45:57.281] [INFO   ] num of sets to check 2
[19:45:57.378] [SEVERE ] placing card 4 in slot 3
[19:45:57.378] [INFO   ] Thread dealer found empty slot 4
[19:45:57.479] [SEVERE ] placing card 57 in slot 4
[19:45:57.480] [INFO   ] Thread dealer found empty slot 5
[19:45:57.581] [SEVERE ] placing card 52 in slot 5
[19:45:57.581] [INFO   ] Thread dealer found empty slot 6
[19:45:57.686] [SEVERE ] placing card 28 in slot 6
[19:45:57.686] [INFO   ] Thread dealer found empty slot 7
[19:45:57.787] [SEVERE ] placing card 70 in slot 7
[19:45:57.788] [INFO   ] Thread dealer found empty slot 8
[19:45:57.888] [SEVERE ] placing card 16 in slot 8
[19:45:57.889] [INFO   ] Thread dealer found empty slot 9
[19:45:57.990] [SEVERE ] placing card 48 in slot 9
[19:45:57.990] [INFO   ] Thread dealer found empty slot 10
[19:45:58.092] [SEVERE ] placing card 62 in slot 10
[19:45:58.093] [INFO   ] Thread dealer found empty slot 11
[19:45:58.193] [SEVERE ] placing card 33 in slot 11
[19:45:58.195] [INFO   ] thread dealer terminated.
[19:46:01.196] [SEVERE ] thanks for playing... it was fun!
[19:46:01.197] [INFO   ] thread main terminated.
[19:46:01.198] [SEVERE ] disposing of user interface elements
