[20:08:20.629] [INFO   ] thread main starting.
[20:08:20.636] [SEVERE ] cannot read configuration file config.properties trying from resources.
[20:08:20.638] [SEVERE ] configuration file was loaded from resources directory.
[20:08:21.165] [INFO   ] thread dealer starting.
[20:08:21.165] [INFO   ] thread player number 1 starting.
[20:08:21.165] [INFO   ] thread player number 0 starting.
[20:08:21.167] [INFO   ] thread player number 2 starting.
[20:08:21.171] [INFO   ] thread computer-0 starting.
[20:08:21.179] [INFO   ] thread computer-1 starting.
[20:08:21.194] [INFO   ] Thread dealer found empty slot 0
[20:08:21.195] [INFO   ] thread player number 3 starting.
[20:08:21.195] [INFO   ] thread computer-3 starting.
[20:08:21.203] [INFO   ] thread computer-2 starting.
[20:08:21.207] [SEVERE ] placing card 7 in slot 0
[20:08:21.207] [SEVERE ] player 3 placing token on slot 0
[20:08:21.208] [INFO   ] actions size of computer-2 is 1
[20:08:21.209] [SEVERE ] player 4 placing token on slot 0
[20:08:21.209] [INFO   ] actions size of computer-3 is 1
[20:08:21.210] [SEVERE ] removing player 4 token from slot 0
[20:08:21.211] [SEVERE ] player 4 placing token on slot 0
[20:08:21.211] [INFO   ] actions size of computer-3 is 1
[20:08:21.211] [SEVERE ] removing player 4 token from slot 0
[20:08:21.212] [SEVERE ] player 4 placing token on slot 0
[20:08:21.212] [INFO   ] actions size of computer-3 is 1
[20:08:21.207] [INFO   ] Thread dealer found empty slot 1
[20:08:21.212] [SEVERE ] removing player 4 token from slot 0
[20:08:21.213] [SEVERE ] player 4 placing token on slot 0
[20:08:21.213] [INFO   ] actions size of computer-3 is 1
[20:08:21.213] [SEVERE ] removing player 4 token from slot 0
[20:08:21.213] [SEVERE ] player 4 placing token on slot 0
[20:08:21.214] [INFO   ] actions size of computer-3 is 1
[20:08:21.215] [SEVERE ] removing player 4 token from slot 0
[20:08:21.216] [SEVERE ] player 4 placing token on slot 0
[20:08:21.221] [INFO   ] actions size of computer-3 is 1
[20:08:21.221] [SEVERE ] removing player 4 token from slot 0
[20:08:21.222] [SEVERE ] player 4 placing token on slot 0
[20:08:21.222] [INFO   ] actions size of computer-3 is 1
[20:08:21.222] [SEVERE ] placing card 5 in slot 1
[20:08:21.223] [SEVERE ] removing player 3 token from slot 0
[20:08:21.223] [SEVERE ] player 3 placing token on slot 1
[20:08:21.224] [INFO   ] actions size of computer-2 is 1
[20:08:21.224] [SEVERE ] player 3 placing token on slot 0
[20:08:21.224] [INFO   ] actions size of computer-2 is 2
[20:08:21.224] [SEVERE ] removing player 3 token from slot 1
[20:08:21.224] [SEVERE ] removing player 3 token from slot 0
[20:08:21.225] [SEVERE ] player 3 placing token on slot 0
[20:08:21.225] [INFO   ] actions size of computer-2 is 1
[20:08:21.225] [SEVERE ] removing player 3 token from slot 0
[20:08:21.225] [SEVERE ] player 3 placing token on slot 0
[20:08:21.225] [INFO   ] actions size of computer-2 is 1
[20:08:21.225] [SEVERE ] player 3 placing token on slot 1
[20:08:21.225] [INFO   ] actions size of computer-2 is 2
[20:08:21.225] [SEVERE ] removing player 3 token from slot 0
[20:08:21.226] [SEVERE ] player 3 placing token on slot 0
[20:08:21.226] [INFO   ] actions size of computer-2 is 2
[20:08:21.226] [SEVERE ] removing player 3 token from slot 1
[20:08:21.226] [SEVERE ] player 3 placing token on slot 1
[20:08:21.226] [INFO   ] actions size of computer-2 is 2
[20:08:21.226] [SEVERE ] removing player 3 token from slot 0
[20:08:21.226] [SEVERE ] player 3 placing token on slot 0
[20:08:21.227] [INFO   ] actions size of computer-2 is 2
[20:08:21.227] [SEVERE ] removing player 3 token from slot 1
[20:08:21.227] [SEVERE ] removing player 3 token from slot 0
[20:08:21.227] [SEVERE ] player 3 placing token on slot 0
[20:08:21.227] [INFO   ] Thread dealer found empty slot 2
[20:08:21.228] [INFO   ] actions size of computer-2 is 1
[20:08:21.229] [SEVERE ] player 3 placing token on slot 1
[20:08:21.229] [INFO   ] actions size of computer-2 is 2
[20:08:21.230] [SEVERE ] removing player 3 token from slot 1
[20:08:21.230] [SEVERE ] player 3 placing token on slot 1
[20:08:21.230] [INFO   ] actions size of computer-2 is 2
[20:08:21.230] [SEVERE ] removing player 3 token from slot 0
[20:08:21.230] [SEVERE ] removing player 3 token from slot 1
[20:08:21.231] [SEVERE ] player 3 placing token on slot 1
[20:08:21.231] [INFO   ] actions size of computer-2 is 1
[20:08:21.231] [SEVERE ] player 2 placing token on slot 1
[20:08:21.232] [INFO   ] actions size of computer-1 is 1
[20:08:21.232] [SEVERE ] player 2 placing token on slot 0
[20:08:21.233] [INFO   ] actions size of computer-1 is 2
[20:08:21.235] [SEVERE ] removing player 2 token from slot 0
[20:08:21.237] [SEVERE ] player 2 placing token on slot 0
[20:08:21.240] [INFO   ] actions size of computer-1 is 2
[20:08:21.240] [SEVERE ] player 2 placing token on slot 2
[20:08:21.241] [INFO   ] actions size of computer-1 is 3
[20:08:21.238] [SEVERE ] placing card 62 in slot 2
[20:08:21.247] [INFO   ] tread computer-1 set added
[20:08:21.259] [INFO   ] num of sets to check 1
[20:08:21.261] [SEVERE ] player 1 placing token on slot 2
[20:08:21.261] [INFO   ] actions size of computer-0 is 1
[20:08:21.262] [SEVERE ] removing player 4 token from slot 0
[20:08:21.262] [SEVERE ] player 1 placing token on slot 0
[20:08:21.262] [INFO   ] actions size of computer-0 is 2
[20:08:21.263] [SEVERE ] removing player 1 token from slot 0
[20:08:21.263] [SEVERE ] player 1 placing token on slot 1
[20:08:21.263] [INFO   ] actions size of computer-0 is 2
[20:08:21.263] [SEVERE ] player 1 placing token on slot 0
[20:08:21.264] [INFO   ] actions size of computer-0 is 3
[20:08:21.264] [INFO   ] tread computer-0 set added
[20:08:21.266] [INFO   ] num of sets to check 2
[20:08:21.266] [SEVERE ] player 3 placing token on slot 0
[20:08:21.267] [INFO   ] actions size of computer-2 is 2
[20:08:21.267] [INFO   ] Thread dealer found empty slot 3
[20:08:21.269] [SEVERE ] removing player 3 token from slot 1
[20:08:21.270] [SEVERE ] player 3 placing token on slot 1
[20:08:21.270] [INFO   ] actions size of computer-2 is 2
[20:08:21.273] [SEVERE ] removing player 3 token from slot 1
[20:08:21.274] [SEVERE ] player 3 placing token on slot 2
[20:08:21.274] [INFO   ] actions size of computer-2 is 2
[20:08:21.274] [SEVERE ] player 4 placing token on slot 1
[20:08:21.275] [INFO   ] actions size of computer-3 is 1
[20:08:21.275] [SEVERE ] player 4 placing token on slot 2
[20:08:21.275] [INFO   ] actions size of computer-3 is 2
[20:08:21.275] [SEVERE ] removing player 4 token from slot 1
[20:08:21.276] [SEVERE ] player 3 placing token on slot 1
[20:08:21.276] [INFO   ] actions size of computer-2 is 3
[20:08:21.276] [INFO   ] tread computer-2 set added
[20:08:21.276] [INFO   ] num of sets to check 3
[20:08:21.279] [SEVERE ] player 4 placing token on slot 1
[20:08:21.279] [INFO   ] actions size of computer-3 is 2
[20:08:21.280] [SEVERE ] removing player 4 token from slot 1
[20:08:21.280] [SEVERE ] player 4 placing token on slot 0
[20:08:21.281] [INFO   ] actions size of computer-3 is 2
[20:08:21.281] [SEVERE ] removing player 4 token from slot 2
[20:08:21.280] [SEVERE ] placing card 78 in slot 3
[20:08:21.282] [SEVERE ] removing player 4 token from slot 0
[20:08:21.283] [SEVERE ] player 4 placing token on slot 0
[20:08:21.283] [INFO   ] actions size of computer-3 is 1
[20:08:21.287] [SEVERE ] removing player 4 token from slot 0
[20:08:21.288] [SEVERE ] player 4 placing token on slot 1
[20:08:21.288] [INFO   ] actions size of computer-3 is 1
[20:08:21.288] [SEVERE ] player 4 placing token on slot 0
[20:08:21.289] [INFO   ] actions size of computer-3 is 2
[20:08:21.289] [SEVERE ] player 4 placing token on slot 3
[20:08:21.290] [INFO   ] actions size of computer-3 is 3
[20:08:21.290] [INFO   ] tread computer-3 set added
[20:08:21.291] [INFO   ] num of sets to check 4
[20:08:21.318] [INFO   ] Thread dealer found empty slot 4
[20:08:21.328] [SEVERE ] placing card 13 in slot 4
[20:08:21.329] [INFO   ] Thread dealer found empty slot 5
[20:08:21.330] [INFO   ] Thread dealer found empty slot 5
[20:08:21.341] [SEVERE ] placing card 38 in slot 5
[20:08:21.341] [INFO   ] Thread dealer found empty slot 6
[20:08:21.352] [SEVERE ] placing card 63 in slot 6
[20:08:21.352] [INFO   ] Thread dealer found empty slot 7
[20:08:21.353] [INFO   ] Thread dealer found empty slot 7
[20:08:21.364] [SEVERE ] placing card 20 in slot 7
[20:08:21.364] [INFO   ] Thread dealer found empty slot 8
[20:08:21.375] [SEVERE ] placing card 27 in slot 8
[20:08:21.375] [INFO   ] Thread dealer found empty slot 9
[20:08:21.386] [SEVERE ] placing card 36 in slot 9
[20:08:21.387] [INFO   ] Thread dealer found empty slot 10
[20:08:21.397] [SEVERE ] placing card 24 in slot 10
[20:08:21.398] [INFO   ] Thread dealer found empty slot 11
[20:08:21.408] [SEVERE ] placing card 11 in slot 11
[20:08:21.419] [SEVERE ] updating countdown to 1089
[20:08:21.419] [INFO   ] Thread dealer checking set.
[20:08:21.419] [INFO   ] Thread dealer say : this is not set!!!!!.
[20:08:21.420] [INFO   ] Thread dealer change state to -1
[20:08:21.420] [INFO   ] Thread dealer change setCheck to 1
[20:08:21.421] [INFO   ] Thread dealer checking set.
[20:08:21.421] [INFO   ] Thread dealer say : this is not set!!!!!.
[20:08:21.422] [INFO   ] Thread dealer change state to -1
[20:08:21.422] [INFO   ] Thread dealer change setCheck to 1
[20:08:21.423] [INFO   ] Thread dealer checking set.
[20:08:21.423] [INFO   ] Thread dealer say : this is not set!!!!!.
[20:08:21.424] [INFO   ] Thread dealer change state to -1
[20:08:21.425] [INFO   ] Thread dealer change setCheck to 1
[20:08:21.425] [INFO   ] Thread dealer checking set.
[20:08:21.426] [INFO   ] Thread dealer say : this is not set!!!!!.
[20:08:21.426] [INFO   ] Thread dealer change state to -1
[20:08:21.427] [INFO   ] Thread dealer change setCheck to 1
[20:08:21.438] [SEVERE ] updating countdown to 1070
[20:08:21.448] [SEVERE ] updating countdown to 1060
[20:08:21.459] [SEVERE ] updating countdown to 1049
[20:08:21.470] [SEVERE ] updating countdown to 1038
[20:08:21.480] [SEVERE ] updating countdown to 1028
[20:08:21.490] [SEVERE ] updating countdown to 1018
[20:08:21.501] [SEVERE ] updating countdown to 1007
[20:08:21.512] [SEVERE ] updating countdown to 996
[20:08:21.523] [SEVERE ] updating countdown to 985
[20:08:21.533] [SEVERE ] updating countdown to 975
[20:08:21.544] [SEVERE ] updating countdown to 964
[20:08:21.555] [SEVERE ] updating countdown to 953
[20:08:21.565] [SEVERE ] updating countdown to 943
[20:08:21.577] [SEVERE ] updating countdown to 932
[20:08:21.587] [SEVERE ] updating countdown to 921
[20:08:21.598] [SEVERE ] updating countdown to 910
[20:08:21.610] [SEVERE ] updating countdown to 899
[20:08:21.621] [SEVERE ] updating countdown to 887
[20:08:21.632] [SEVERE ] updating countdown to 876
[20:08:21.643] [SEVERE ] updating countdown to 866
[20:08:21.654] [SEVERE ] updating countdown to 854
[20:08:21.665] [SEVERE ] updating countdown to 843
[20:08:21.676] [SEVERE ] updating countdown to 832
[20:08:21.687] [SEVERE ] updating countdown to 821
[20:08:21.698] [SEVERE ] updating countdown to 810
[20:08:21.708] [SEVERE ] updating countdown to 800
[20:08:21.719] [SEVERE ] updating countdown to 789
[20:08:21.730] [SEVERE ] updating countdown to 778
[20:08:21.741] [SEVERE ] updating countdown to 768
[20:08:21.752] [SEVERE ] updating countdown to 756
[20:08:21.762] [SEVERE ] updating countdown to 746
[20:08:21.773] [SEVERE ] updating countdown to 735
[20:08:21.784] [SEVERE ] updating countdown to 724
[20:08:21.795] [SEVERE ] updating countdown to 713
[20:08:21.806] [SEVERE ] updating countdown to 702
[20:08:21.817] [SEVERE ] updating countdown to 691
[20:08:21.828] [SEVERE ] updating countdown to 680
[20:08:21.839] [SEVERE ] updating countdown to 669
[20:08:21.850] [SEVERE ] updating countdown to 658
[20:08:21.861] [SEVERE ] updating countdown to 647
[20:08:21.872] [SEVERE ] updating countdown to 637
[20:08:21.882] [SEVERE ] updating countdown to 626
[20:08:21.893] [SEVERE ] updating countdown to 615
[20:08:21.904] [SEVERE ] updating countdown to 604
[20:08:21.915] [SEVERE ] updating countdown to 593
[20:08:21.926] [SEVERE ] updating countdown to 582
[20:08:21.937] [SEVERE ] updating countdown to 571
[20:08:21.948] [SEVERE ] updating countdown to 560
[20:08:21.959] [SEVERE ] updating countdown to 549
[20:08:21.970] [SEVERE ] updating countdown to 538
[20:08:21.980] [SEVERE ] updating countdown to 528
[20:08:21.991] [SEVERE ] updating countdown to 517
[20:08:22.001] [SEVERE ] updating countdown to 507
[20:08:22.012] [SEVERE ] updating countdown to 496
[20:08:22.023] [SEVERE ] updating countdown to 485
[20:08:22.034] [SEVERE ] updating countdown to 474
[20:08:22.045] [SEVERE ] updating countdown to 463
[20:08:22.055] [SEVERE ] updating countdown to 453
[20:08:22.066] [SEVERE ] updating countdown to 442
[20:08:22.077] [SEVERE ] updating countdown to 431
[20:08:22.088] [SEVERE ] updating countdown to 420
[20:08:22.099] [SEVERE ] updating countdown to 409
[20:08:22.110] [SEVERE ] updating countdown to 398
[20:08:22.121] [SEVERE ] updating countdown to 387
[20:08:22.131] [SEVERE ] updating countdown to 377
[20:08:22.142] [SEVERE ] updating countdown to 366
[20:08:22.154] [SEVERE ] updating countdown to 354
[20:08:22.165] [SEVERE ] updating countdown to 343
[20:08:22.175] [SEVERE ] updating countdown to 333
[20:08:22.186] [SEVERE ] updating countdown to 322
[20:08:22.197] [SEVERE ] updating countdown to 311
[20:08:22.208] [SEVERE ] updating countdown to 300
[20:08:22.218] [SEVERE ] updating countdown to 290
[20:08:22.229] [SEVERE ] updating countdown to 279
[20:08:22.240] [SEVERE ] updating countdown to 268
[20:08:22.251] [SEVERE ] updating countdown to 257
[20:08:22.262] [SEVERE ] updating countdown to 246
[20:08:22.272] [SEVERE ] updating countdown to 236
[20:08:22.283] [SEVERE ] updating countdown to 225
[20:08:22.294] [SEVERE ] updating countdown to 214
[20:08:22.305] [SEVERE ] updating countdown to 203
[20:08:22.316] [SEVERE ] updating countdown to 192
[20:08:22.327] [SEVERE ] updating countdown to 182
[20:08:22.337] [SEVERE ] updating countdown to 171
[20:08:22.348] [SEVERE ] updating countdown to 160
[20:08:22.359] [SEVERE ] updating countdown to 149
[20:08:22.370] [SEVERE ] updating countdown to 138
[20:08:22.380] [SEVERE ] updating countdown to 128
[20:08:22.391] [SEVERE ] updating countdown to 117
[20:08:22.402] [SEVERE ] updating countdown to 106
[20:08:22.412] [SEVERE ] updating countdown to 96
[20:08:22.423] [SEVERE ] updating countdown to 85
[20:08:22.434] [SEVERE ] updating countdown to 74
[20:08:22.444] [SEVERE ] updating countdown to 64
[20:08:22.455] [SEVERE ] updating countdown to 53
[20:08:22.465] [SEVERE ] updating countdown to 43
[20:08:22.476] [SEVERE ] updating countdown to 32
[20:08:22.487] [SEVERE ] updating countdown to 21
[20:08:22.514] [SEVERE ] updating countdown to 0
[20:08:22.524] [SEVERE ] removing card from slot 0
[20:08:22.535] [SEVERE ] removing card from slot 1
[20:08:22.545] [SEVERE ] removing card from slot 2
[20:08:22.556] [SEVERE ] removing card from slot 3
[20:08:22.566] [SEVERE ] removing card from slot 4
[20:08:22.577] [SEVERE ] removing card from slot 5
[20:08:22.588] [SEVERE ] removing card from slot 6
[20:08:22.598] [SEVERE ] removing card from slot 7
[20:08:22.608] [SEVERE ] removing card from slot 8
[20:08:22.619] [SEVERE ] removing card from slot 9
[20:08:22.630] [SEVERE ] removing card from slot 10
[20:08:22.640] [SEVERE ] removing card from slot 11
[20:08:22.640] [INFO   ] Thread dealer found empty slot 0
[20:08:22.653] [SEVERE ] placing card 6 in slot 0
[20:08:22.653] [INFO   ] Thread dealer found empty slot 1
[20:08:22.664] [SEVERE ] placing card 63 in slot 1
[20:08:22.664] [INFO   ] Thread dealer found empty slot 2
[20:08:22.675] [SEVERE ] placing card 43 in slot 2
[20:08:22.675] [INFO   ] Thread dealer found empty slot 3
[20:08:22.686] [SEVERE ] placing card 12 in slot 3
[20:08:22.686] [INFO   ] Thread dealer found empty slot 4
[20:08:22.701] [SEVERE ] placing card 26 in slot 4
[20:08:22.702] [INFO   ] Thread dealer found empty slot 5
[20:08:22.713] [SEVERE ] placing card 19 in slot 5
[20:08:22.713] [INFO   ] Thread dealer found empty slot 6
[20:08:22.726] [SEVERE ] placing card 71 in slot 6
[20:08:22.726] [INFO   ] Thread dealer found empty slot 7
[20:08:22.737] [SEVERE ] placing card 54 in slot 7
[20:08:22.737] [INFO   ] Thread dealer found empty slot 8
[20:08:22.954] [SEVERE ] placing card 65 in slot 8
[20:08:22.955] [INFO   ] Thread dealer found empty slot 9
[20:08:22.965] [SEVERE ] placing card 67 in slot 9
[20:08:22.966] [INFO   ] Thread dealer found empty slot 10
[20:08:22.977] [SEVERE ] placing card 9 in slot 10
[20:08:22.978] [INFO   ] Thread dealer found empty slot 11
[20:08:22.988] [SEVERE ] placing card 55 in slot 11
[20:08:22.999] [SEVERE ] updating countdown to 1090
[20:08:23.010] [SEVERE ] updating countdown to 1079
[20:08:23.020] [SEVERE ] updating countdown to 1069
[20:08:23.031] [SEVERE ] updating countdown to 1058
[20:08:23.041] [SEVERE ] updating countdown to 1048
[20:08:23.052] [SEVERE ] updating countdown to 1037
[20:08:23.062] [SEVERE ] updating countdown to 1027
[20:08:23.072] [SEVERE ] updating countdown to 1017
[20:08:23.083] [SEVERE ] updating countdown to 1006
[20:08:23.094] [SEVERE ] updating countdown to 995
[20:08:23.104] [SEVERE ] updating countdown to 985
[20:08:23.115] [SEVERE ] updating countdown to 974
[20:08:23.125] [SEVERE ] updating countdown to 964
[20:08:23.136] [SEVERE ] updating countdown to 953
[20:08:23.147] [SEVERE ] updating countdown to 942
[20:08:23.157] [SEVERE ] updating countdown to 932
[20:08:23.168] [SEVERE ] updating countdown to 921
[20:08:23.178] [SEVERE ] updating countdown to 911
[20:08:23.188] [SEVERE ] updating countdown to 901
[20:08:23.199] [SEVERE ] updating countdown to 890
[20:08:23.209] [SEVERE ] updating countdown to 880
[20:08:23.219] [SEVERE ] updating countdown to 870
[20:08:23.230] [SEVERE ] updating countdown to 860
[20:08:23.240] [SEVERE ] updating countdown to 849
[20:08:23.250] [SEVERE ] updating countdown to 839
[20:08:23.261] [SEVERE ] updating countdown to 828
[20:08:23.271] [SEVERE ] updating countdown to 818
[20:08:23.282] [SEVERE ] updating countdown to 807
[20:08:23.293] [SEVERE ] updating countdown to 796
[20:08:23.303] [SEVERE ] updating countdown to 786
[20:08:23.314] [SEVERE ] updating countdown to 775
[20:08:23.324] [SEVERE ] updating countdown to 765
[20:08:23.335] [SEVERE ] updating countdown to 754
[20:08:23.345] [SEVERE ] updating countdown to 744
[20:08:23.356] [SEVERE ] updating countdown to 733
[20:08:23.366] [SEVERE ] updating countdown to 723
[20:08:23.377] [SEVERE ] updating countdown to 712
[20:08:23.388] [SEVERE ] updating countdown to 701
[20:08:23.398] [SEVERE ] updating countdown to 691
[20:08:23.409] [SEVERE ] updating countdown to 680
[20:08:23.420] [SEVERE ] updating countdown to 669
[20:08:23.430] [SEVERE ] updating countdown to 659
[20:08:23.441] [SEVERE ] updating countdown to 648
[20:08:23.451] [SEVERE ] updating countdown to 638
[20:08:23.462] [SEVERE ] updating countdown to 627
[20:08:23.473] [SEVERE ] updating countdown to 617
[20:08:23.483] [SEVERE ] updating countdown to 606
[20:08:23.494] [SEVERE ] updating countdown to 595
[20:08:23.504] [SEVERE ] updating countdown to 585
[20:08:23.515] [SEVERE ] updating countdown to 574
[20:08:23.526] [SEVERE ] updating countdown to 563
[20:08:23.536] [SEVERE ] updating countdown to 553
[20:08:23.547] [SEVERE ] updating countdown to 542
[20:08:23.558] [SEVERE ] updating countdown to 531
[20:08:23.568] [SEVERE ] updating countdown to 521
[20:08:23.579] [SEVERE ] updating countdown to 510
[20:08:23.590] [SEVERE ] updating countdown to 499
[20:08:23.600] [SEVERE ] updating countdown to 489
[20:08:23.611] [SEVERE ] updating countdown to 478
[20:08:23.621] [SEVERE ] exit button pressed
[20:08:23.621] [SEVERE ] updating countdown to 468
[20:08:23.622] [SEVERE ] updating countdown to 0
[20:08:23.633] [SEVERE ] removing card from slot 0
[20:08:23.644] [SEVERE ] removing card from slot 1
[20:08:23.654] [SEVERE ] removing card from slot 2
[20:08:23.665] [SEVERE ] removing card from slot 3
[20:08:23.675] [SEVERE ] removing card from slot 4
[20:08:23.686] [SEVERE ] removing card from slot 5
[20:08:23.697] [SEVERE ] removing card from slot 6
[20:08:23.707] [SEVERE ] removing card from slot 7
[20:08:23.718] [SEVERE ] removing card from slot 8
[20:08:23.728] [SEVERE ] removing card from slot 9
[20:08:23.739] [SEVERE ] removing card from slot 10
[20:08:23.749] [SEVERE ] removing card from slot 11
[20:08:23.752] [SEVERE ] announcing winner(s): player 1, player 2, player 3, player 4
[20:08:23.755] [INFO   ] thread dealer terminated.
[20:08:23.755] [INFO   ] thread dealer terminated.
[20:08:23.756] [SEVERE ] thanks for playing... it was fun!
[20:08:23.756] [INFO   ] thread main terminated.
